[0.666s] Invoking command in '/home/furquan/eyrc_hb/hb_task_2_ws/src/build/hb_task2b': PYTHONPATH=/home/furquan/eyrc_hb/hb_task_2_ws/src/build/hb_task2b/prefix_override:/home/furquan/eyrc_hb/hb_task_2_ws/src/install/hb_task2b/lib/python3.10/site-packages:${PYTHONPATH} /usr/bin/python3 setup.py develop --editable --build-directory /home/furquan/eyrc_hb/hb_task_2_ws/src/build/hb_task2b/build --no-deps install_data
[0.859s] running develop
[1.044s] running egg_info
[1.044s] creating hb_task2b.egg-info
[1.044s] writing hb_task2b.egg-info/PKG-INFO
[1.044s] writing dependency_links to hb_task2b.egg-info/dependency_links.txt
[1.044s] writing entry points to hb_task2b.egg-info/entry_points.txt
[1.044s] writing requirements to hb_task2b.egg-info/requires.txt
[1.044s] writing top-level names to hb_task2b.egg-info/top_level.txt
[1.044s] writing manifest file 'hb_task2b.egg-info/SOURCES.txt'
[1.046s] reading manifest file 'hb_task2b.egg-info/SOURCES.txt'
[1.046s] writing manifest file 'hb_task2b.egg-info/SOURCES.txt'
[1.047s] running build_ext
[1.047s] Creating /home/furquan/eyrc_hb/hb_task_2_ws/src/install/hb_task2b/lib/python3.10/site-packages/hb-task2b.egg-link (link to .)
[1.048s] Installing controller script to /home/furquan/eyrc_hb/hb_task_2_ws/src/install/hb_task2b/lib/hb_task2b
[1.048s] Installing nextgoalpub script to /home/furquan/eyrc_hb/hb_task_2_ws/src/install/hb_task2b/lib/hb_task2b
[1.048s] 
[1.048s] Installed /home/furquan/eyrc_hb/hb_task_2_ws/src/build/hb_task2b
[1.048s] running install_data
[1.078s] Invoked command in '/home/furquan/eyrc_hb/hb_task_2_ws/src/build/hb_task2b' returned '0': PYTHONPATH=/home/furquan/eyrc_hb/hb_task_2_ws/src/build/hb_task2b/prefix_override:/home/furquan/eyrc_hb/hb_task_2_ws/src/install/hb_task2b/lib/python3.10/site-packages:${PYTHONPATH} /usr/bin/python3 setup.py develop --editable --build-directory /home/furquan/eyrc_hb/hb_task_2_ws/src/build/hb_task2b/build --no-deps install_data
