[0.574s] Invoking command in '/home/furquan/eyrc_hb/hb_task1b_ws/build/hb_task_1b': PYTHONPATH=/home/furquan/eyrc_hb/hb_task1b_ws/build/hb_task_1b/prefix_override:/home/furquan/eyrc_hb/hb_task1b_ws/install/hb_task_1b/lib/python3.10/site-packages:${PYTHONPATH} /usr/bin/python3 setup.py develop --editable --build-directory /home/furquan/eyrc_hb/hb_task1b_ws/build/hb_task_1b/build --no-deps install_data
[0.817s] running develop
[0.948s] running egg_info
[0.948s] writing hb_task_1b.egg-info/PKG-INFO
[0.948s] writing dependency_links to hb_task_1b.egg-info/dependency_links.txt
[0.948s] writing entry points to hb_task_1b.egg-info/entry_points.txt
[0.948s] writing requirements to hb_task_1b.egg-info/requires.txt
[0.948s] writing top-level names to hb_task_1b.egg-info/top_level.txt
[0.951s] reading manifest file 'hb_task_1b.egg-info/SOURCES.txt'
[0.952s] writing manifest file 'hb_task_1b.egg-info/SOURCES.txt'
[0.953s] running build_ext
[0.953s] Creating /home/furquan/eyrc_hb/hb_task1b_ws/install/hb_task_1b/lib/python3.10/site-packages/hb-task-1b.egg-link (link to .)
[0.954s] Installing joint_state_publisher script to /home/furquan/eyrc_hb/hb_task1b_ws/install/hb_task_1b/lib/hb_task_1b
[0.954s] Installing robot_state_publisher script to /home/furquan/eyrc_hb/hb_task1b_ws/install/hb_task_1b/lib/hb_task_1b
[0.954s] Installing spawn_entity script to /home/furquan/eyrc_hb/hb_task1b_ws/install/hb_task_1b/lib/hb_task_1b
[0.955s] Installing controller.py script to /home/furquan/eyrc_hb/hb_task1b_ws/install/hb_task_1b/lib/hb_task_1b
[0.956s] Installing service_node.py script to /home/furquan/eyrc_hb/hb_task1b_ws/install/hb_task_1b/lib/hb_task_1b
[0.956s] 
[0.956s] Installed /home/furquan/eyrc_hb/hb_task1b_ws/build/hb_task_1b
[0.956s] running install_data
[0.956s] copying meshes/17eyantra_logo_large e.png -> /home/furquan/eyrc_hb/hb_task1b_ws/install/hb_task_1b/share/hb_task_1b/meshes
[0.956s] copying meshes/wheel.stl -> /home/furquan/eyrc_hb/hb_task1b_ws/install/hb_task_1b/share/hb_task_1b/meshes
[0.963s] copying meshes/base.dae -> /home/furquan/eyrc_hb/hb_task1b_ws/install/hb_task_1b/share/hb_task_1b/meshes
[0.964s] creating /home/furquan/eyrc_hb/hb_task1b_ws/install/hb_task_1b/share/hb_task_1b/scripts
[0.965s] copying scripts/service_node.py -> /home/furquan/eyrc_hb/hb_task1b_ws/install/hb_task_1b/share/hb_task_1b/scripts
[0.965s] copying scripts/controller.py -> /home/furquan/eyrc_hb/hb_task1b_ws/install/hb_task_1b/share/hb_task_1b/scripts
[0.965s] copying scripts/controller1.py -> /home/furquan/eyrc_hb/hb_task1b_ws/install/hb_task_1b/share/hb_task_1b/scripts
[0.965s] creating /home/furquan/eyrc_hb/hb_task1b_ws/install/hb_task_1b/share/hb_task_1b/worlds
[0.965s] copying worlds/gazebo.world -> /home/furquan/eyrc_hb/hb_task1b_ws/install/hb_task_1b/share/hb_task_1b/worlds
[1.103s] Invoked command in '/home/furquan/eyrc_hb/hb_task1b_ws/build/hb_task_1b' returned '0': PYTHONPATH=/home/furquan/eyrc_hb/hb_task1b_ws/build/hb_task_1b/prefix_override:/home/furquan/eyrc_hb/hb_task1b_ws/install/hb_task_1b/lib/python3.10/site-packages:${PYTHONPATH} /usr/bin/python3 setup.py develop --editable --build-directory /home/furquan/eyrc_hb/hb_task1b_ws/build/hb_task_1b/build --no-deps install_data
