[0.525s] Invoking command in '/home/furquan/eyrc_hb/hb_task_2_ws/src/eYRC-2023_Hologlyph_Bots/build/hb_world': CMAKE_PREFIX_PATH=${CMAKE_PREFIX_PATH}:/home/furquan/eyrc_hb/hb_task_2_ws/install/hb_task2b:/home/furquan/eyrc_hb/hb_task_2_ws/install/hb_task2a:/home/furquan/eyrc_hb/hb_task1b_ws/install/hb_task_1b:/home/furquan/eyrc_hb/hb_task1a_ws/install/hb_task_1a:/home/furquan/ros2_ws/install/my_robot_controller:/opt/ros/humble /usr/bin/cmake /home/furquan/eyrc_hb/hb_task_2_ws/src/eYRC-2023_Hologlyph_Bots/hb_world -DCMAKE_INSTALL_PREFIX=/home/furquan/eyrc_hb/hb_task_2_ws/src/eYRC-2023_Hologlyph_Bots/install/hb_world
[1.597s] -- The C compiler identification is GNU 11.4.0
[1.984s] -- The CXX compiler identification is GNU 11.4.0
[2.074s] -- Detecting C compiler ABI info
[2.295s] -- Detecting C compiler ABI info - done
[2.306s] -- Check for working C compiler: /usr/bin/cc - skipped
[2.307s] -- Detecting C compile features
[2.307s] -- Detecting C compile features - done
[2.309s] -- Detecting CXX compiler ABI info
[2.430s] -- Detecting CXX compiler ABI info - done
[2.440s] -- Check for working CXX compiler: /usr/bin/c++ - skipped
[2.440s] -- Detecting CXX compile features
[2.440s] -- Detecting CXX compile features - done
[2.523s] -- Found ament_cmake: 1.3.5 (/opt/ros/humble/share/ament_cmake/cmake)
[2.817s] -- Found Python3: /usr/bin/python3.10 (found version "3.10.12") found components: Interpreter 
[3.245s] -- Found rclcpp: 16.0.5 (/opt/ros/humble/share/rclcpp/cmake)
[3.576s] -- Found rosidl_generator_c: 3.1.5 (/opt/ros/humble/share/rosidl_generator_c/cmake)
[3.579s] -- Found rosidl_adapter: 3.1.5 (/opt/ros/humble/share/rosidl_adapter/cmake)
[3.621s] -- Found rosidl_generator_cpp: 3.1.5 (/opt/ros/humble/share/rosidl_generator_cpp/cmake)
[3.715s] -- Using all available rosidl_typesupport_c: rosidl_typesupport_fastrtps_c;rosidl_typesupport_introspection_c
[3.734s] -- Using all available rosidl_typesupport_cpp: rosidl_typesupport_fastrtps_cpp;rosidl_typesupport_introspection_cpp
[3.912s] -- Found rmw_implementation_cmake: 6.1.1 (/opt/ros/humble/share/rmw_implementation_cmake/cmake)
[3.916s] -- Found rmw_fastrtps_cpp: 6.2.3 (/opt/ros/humble/share/rmw_fastrtps_cpp/cmake)
[4.256s] -- Found OpenSSL: /usr/lib/x86_64-linux-gnu/libcrypto.so (found version "3.0.2")  
[4.301s] -- Found FastRTPS: /opt/ros/humble/include  
[4.337s] -- Using RMW implementation 'rmw_fastrtps_cpp' as default
[4.441s] -- Looking for pthread.h
[4.506s] -- Looking for pthread.h - found
[4.506s] -- Performing Test CMAKE_HAVE_LIBC_PTHREAD
[4.575s] -- Performing Test CMAKE_HAVE_LIBC_PTHREAD - Success
[4.576s] -- Found Threads: TRUE  
[4.788s] -- Found rclpy: 3.3.9 (/opt/ros/humble/share/rclpy/cmake)
[4.813s] -- Found urdf: 2.6.0 (/opt/ros/humble/share/urdf/cmake)
[4.984s] -- Found xacro: 2.0.8 (/opt/ros/humble/share/xacro/cmake)
[4.995s] -- Found ament_lint_auto: 0.12.7 (/opt/ros/humble/share/ament_lint_auto/cmake)
[5.163s] -- Added test 'flake8' to check Python code syntax and style conventions
[5.164s] -- Added test 'lint_cmake' to check CMake code style
[5.165s] -- Added test 'pep257' to check Python code against some of the docstring style conventions in PEP 257
[5.167s] -- Added test 'xmllint' to check XML markup files
[5.170s] -- Configuring done
[5.176s] -- Generating done
[5.178s] -- Build files have been written to: /home/furquan/eyrc_hb/hb_task_2_ws/src/eYRC-2023_Hologlyph_Bots/build/hb_world
[5.204s] Invoked command in '/home/furquan/eyrc_hb/hb_task_2_ws/src/eYRC-2023_Hologlyph_Bots/build/hb_world' returned '0': CMAKE_PREFIX_PATH=${CMAKE_PREFIX_PATH}:/home/furquan/eyrc_hb/hb_task_2_ws/install/hb_task2b:/home/furquan/eyrc_hb/hb_task_2_ws/install/hb_task2a:/home/furquan/eyrc_hb/hb_task1b_ws/install/hb_task_1b:/home/furquan/eyrc_hb/hb_task1a_ws/install/hb_task_1a:/home/furquan/ros2_ws/install/my_robot_controller:/opt/ros/humble /usr/bin/cmake /home/furquan/eyrc_hb/hb_task_2_ws/src/eYRC-2023_Hologlyph_Bots/hb_world -DCMAKE_INSTALL_PREFIX=/home/furquan/eyrc_hb/hb_task_2_ws/src/eYRC-2023_Hologlyph_Bots/install/hb_world
[5.207s] Invoking command in '/home/furquan/eyrc_hb/hb_task_2_ws/src/eYRC-2023_Hologlyph_Bots/build/hb_world': CMAKE_PREFIX_PATH=${CMAKE_PREFIX_PATH}:/home/furquan/eyrc_hb/hb_task_2_ws/install/hb_task2b:/home/furquan/eyrc_hb/hb_task_2_ws/install/hb_task2a:/home/furquan/eyrc_hb/hb_task1b_ws/install/hb_task_1b:/home/furquan/eyrc_hb/hb_task1a_ws/install/hb_task_1a:/home/furquan/ros2_ws/install/my_robot_controller:/opt/ros/humble /usr/bin/cmake --build /home/furquan/eyrc_hb/hb_task_2_ws/src/eYRC-2023_Hologlyph_Bots/build/hb_world -- -j8 -l8
[5.248s] Invoked command in '/home/furquan/eyrc_hb/hb_task_2_ws/src/eYRC-2023_Hologlyph_Bots/build/hb_world' returned '0': CMAKE_PREFIX_PATH=${CMAKE_PREFIX_PATH}:/home/furquan/eyrc_hb/hb_task_2_ws/install/hb_task2b:/home/furquan/eyrc_hb/hb_task_2_ws/install/hb_task2a:/home/furquan/eyrc_hb/hb_task1b_ws/install/hb_task_1b:/home/furquan/eyrc_hb/hb_task1a_ws/install/hb_task_1a:/home/furquan/ros2_ws/install/my_robot_controller:/opt/ros/humble /usr/bin/cmake --build /home/furquan/eyrc_hb/hb_task_2_ws/src/eYRC-2023_Hologlyph_Bots/build/hb_world -- -j8 -l8
[5.280s] Invoking command in '/home/furquan/eyrc_hb/hb_task_2_ws/src/eYRC-2023_Hologlyph_Bots/build/hb_world': CMAKE_PREFIX_PATH=${CMAKE_PREFIX_PATH}:/home/furquan/eyrc_hb/hb_task_2_ws/install/hb_task2b:/home/furquan/eyrc_hb/hb_task_2_ws/install/hb_task2a:/home/furquan/eyrc_hb/hb_task1b_ws/install/hb_task_1b:/home/furquan/eyrc_hb/hb_task1a_ws/install/hb_task_1a:/home/furquan/ros2_ws/install/my_robot_controller:/opt/ros/humble /usr/bin/cmake --install /home/furquan/eyrc_hb/hb_task_2_ws/src/eYRC-2023_Hologlyph_Bots/build/hb_world
[5.291s] -- Install configuration: ""
[5.291s] -- Installing: /home/furquan/eyrc_hb/hb_task_2_ws/src/eYRC-2023_Hologlyph_Bots/install/hb_world/share/hb_world//launch
[5.292s] -- Installing: /home/furquan/eyrc_hb/hb_task_2_ws/src/eYRC-2023_Hologlyph_Bots/install/hb_world/share/hb_world//launch/world.launch.py
[5.342s] -- Installing: /home/furquan/eyrc_hb/hb_task_2_ws/src/eYRC-2023_Hologlyph_Bots/install/hb_world/share/hb_world//worlds
[5.342s] -- Installing: /home/furquan/eyrc_hb/hb_task_2_ws/src/eYRC-2023_Hologlyph_Bots/install/hb_world/share/hb_world//worlds/gazebo.world
[5.342s] -- Installing: /home/furquan/eyrc_hb/hb_task_2_ws/src/eYRC-2023_Hologlyph_Bots/install/hb_world/share/hb_world//models
[5.342s] -- Installing: /home/furquan/eyrc_hb/hb_task_2_ws/src/eYRC-2023_Hologlyph_Bots/install/hb_world/share/hb_world//models/arena
[5.342s] -- Installing: /home/furquan/eyrc_hb/hb_task_2_ws/src/eYRC-2023_Hologlyph_Bots/install/hb_world/share/hb_world//models/arena/meshes
[5.342s] -- Installing: /home/furquan/eyrc_hb/hb_task_2_ws/src/eYRC-2023_Hologlyph_Bots/install/hb_world/share/hb_world//models/arena/meshes/arena.jpg
[5.364s] -- Installing: /home/furquan/eyrc_hb/hb_task_2_ws/src/eYRC-2023_Hologlyph_Bots/install/hb_world/share/hb_world//models/arena/meshes/arena.dae
[5.386s] -- Installing: /home/furquan/eyrc_hb/hb_task_2_ws/src/eYRC-2023_Hologlyph_Bots/install/hb_world/share/hb_world//models/arena/model.sdf
[5.396s] -- Installing: /home/furquan/eyrc_hb/hb_task_2_ws/src/eYRC-2023_Hologlyph_Bots/install/hb_world/share/hb_world//models/arena/model.config
[5.399s] -- Installing: /home/furquan/eyrc_hb/hb_task_2_ws/src/eYRC-2023_Hologlyph_Bots/install/hb_world/share/hb_world//models/ground_surface
[5.399s] -- Installing: /home/furquan/eyrc_hb/hb_task_2_ws/src/eYRC-2023_Hologlyph_Bots/install/hb_world/share/hb_world//models/ground_surface/meshes
[5.399s] -- Installing: /home/furquan/eyrc_hb/hb_task_2_ws/src/eYRC-2023_Hologlyph_Bots/install/hb_world/share/hb_world//models/ground_surface/meshes/geoglyph.jpg
[5.408s] -- Installing: /home/furquan/eyrc_hb/hb_task_2_ws/src/eYRC-2023_Hologlyph_Bots/install/hb_world/share/hb_world//models/ground_surface/meshes/ground_surface.dae
[5.417s] -- Installing: /home/furquan/eyrc_hb/hb_task_2_ws/src/eYRC-2023_Hologlyph_Bots/install/hb_world/share/hb_world//models/ground_surface/model.sdf
[5.435s] -- Installing: /home/furquan/eyrc_hb/hb_task_2_ws/src/eYRC-2023_Hologlyph_Bots/install/hb_world/share/hb_world//models/ground_surface/model.config
[5.452s] -- Installing: /home/furquan/eyrc_hb/hb_task_2_ws/src/eYRC-2023_Hologlyph_Bots/install/hb_world/share/hb_world//models/e_camera
[5.452s] -- Installing: /home/furquan/eyrc_hb/hb_task_2_ws/src/eYRC-2023_Hologlyph_Bots/install/hb_world/share/hb_world//models/e_camera/meshes
[5.453s] -- Installing: /home/furquan/eyrc_hb/hb_task_2_ws/src/eYRC-2023_Hologlyph_Bots/install/hb_world/share/hb_world//models/e_camera/meshes/17eyantra_logo_large e.png
[5.465s] -- Installing: /home/furquan/eyrc_hb/hb_task_2_ws/src/eYRC-2023_Hologlyph_Bots/install/hb_world/share/hb_world//models/e_camera/meshes/camera.dae
[5.544s] -- Installing: /home/furquan/eyrc_hb/hb_task_2_ws/src/eYRC-2023_Hologlyph_Bots/install/hb_world/share/hb_world//models/e_camera/model.sdf
[5.566s] -- Installing: /home/furquan/eyrc_hb/hb_task_2_ws/src/eYRC-2023_Hologlyph_Bots/install/hb_world/share/hb_world//models/e_camera/model.config
[5.566s] -- Installing: /home/furquan/eyrc_hb/hb_task_2_ws/src/eYRC-2023_Hologlyph_Bots/install/hb_world/share/ament_index/resource_index/package_run_dependencies/hb_world
[5.566s] -- Installing: /home/furquan/eyrc_hb/hb_task_2_ws/src/eYRC-2023_Hologlyph_Bots/install/hb_world/share/ament_index/resource_index/parent_prefix_path/hb_world
[5.566s] -- Installing: /home/furquan/eyrc_hb/hb_task_2_ws/src/eYRC-2023_Hologlyph_Bots/install/hb_world/share/hb_world/environment/ament_prefix_path.sh
[5.567s] -- Installing: /home/furquan/eyrc_hb/hb_task_2_ws/src/eYRC-2023_Hologlyph_Bots/install/hb_world/share/hb_world/environment/ament_prefix_path.dsv
[5.567s] -- Installing: /home/furquan/eyrc_hb/hb_task_2_ws/src/eYRC-2023_Hologlyph_Bots/install/hb_world/share/hb_world/environment/path.sh
[5.567s] -- Installing: /home/furquan/eyrc_hb/hb_task_2_ws/src/eYRC-2023_Hologlyph_Bots/install/hb_world/share/hb_world/environment/path.dsv
[5.567s] -- Installing: /home/furquan/eyrc_hb/hb_task_2_ws/src/eYRC-2023_Hologlyph_Bots/install/hb_world/share/hb_world/local_setup.bash
[5.567s] -- Installing: /home/furquan/eyrc_hb/hb_task_2_ws/src/eYRC-2023_Hologlyph_Bots/install/hb_world/share/hb_world/local_setup.sh
[5.567s] -- Installing: /home/furquan/eyrc_hb/hb_task_2_ws/src/eYRC-2023_Hologlyph_Bots/install/hb_world/share/hb_world/local_setup.zsh
[5.567s] -- Installing: /home/furquan/eyrc_hb/hb_task_2_ws/src/eYRC-2023_Hologlyph_Bots/install/hb_world/share/hb_world/local_setup.dsv
[5.567s] -- Installing: /home/furquan/eyrc_hb/hb_task_2_ws/src/eYRC-2023_Hologlyph_Bots/install/hb_world/share/hb_world/package.dsv
[5.568s] -- Installing: /home/furquan/eyrc_hb/hb_task_2_ws/src/eYRC-2023_Hologlyph_Bots/install/hb_world/share/ament_index/resource_index/packages/hb_world
[5.568s] -- Installing: /home/furquan/eyrc_hb/hb_task_2_ws/src/eYRC-2023_Hologlyph_Bots/install/hb_world/share/hb_world/cmake/hb_worldConfig.cmake
[5.568s] -- Installing: /home/furquan/eyrc_hb/hb_task_2_ws/src/eYRC-2023_Hologlyph_Bots/install/hb_world/share/hb_world/cmake/hb_worldConfig-version.cmake
[5.568s] -- Installing: /home/furquan/eyrc_hb/hb_task_2_ws/src/eYRC-2023_Hologlyph_Bots/install/hb_world/share/hb_world/package.xml
[5.582s] Invoked command in '/home/furquan/eyrc_hb/hb_task_2_ws/src/eYRC-2023_Hologlyph_Bots/build/hb_world' returned '0': CMAKE_PREFIX_PATH=${CMAKE_PREFIX_PATH}:/home/furquan/eyrc_hb/hb_task_2_ws/install/hb_task2b:/home/furquan/eyrc_hb/hb_task_2_ws/install/hb_task2a:/home/furquan/eyrc_hb/hb_task1b_ws/install/hb_task_1b:/home/furquan/eyrc_hb/hb_task1a_ws/install/hb_task_1a:/home/furquan/ros2_ws/install/my_robot_controller:/opt/ros/humble /usr/bin/cmake --install /home/furquan/eyrc_hb/hb_task_2_ws/src/eYRC-2023_Hologlyph_Bots/build/hb_world
