[1.256s] Invoking command in '/home/furquan/eyrc_hb/hb_task1b_ws/build/hb_task_1b': PYTHONPATH=/home/furquan/eyrc_hb/hb_task1b_ws/build/hb_task_1b/prefix_override:/home/furquan/eyrc_hb/hb_task1b_ws/install/hb_task_1b/lib/python3.10/site-packages:${PYTHONPATH} /usr/bin/python3 setup.py develop --editable --build-directory /home/furquan/eyrc_hb/hb_task1b_ws/build/hb_task_1b/build --no-deps install_data
[1.465s] running develop
[1.649s] running egg_info
[1.650s] writing hb_task_1b.egg-info/PKG-INFO
[1.650s] writing dependency_links to hb_task_1b.egg-info/dependency_links.txt
[1.650s] writing entry points to hb_task_1b.egg-info/entry_points.txt
[1.650s] writing requirements to hb_task_1b.egg-info/requires.txt
[1.650s] writing top-level names to hb_task_1b.egg-info/top_level.txt
[1.653s] reading manifest file 'hb_task_1b.egg-info/SOURCES.txt'
[1.680s] writing manifest file 'hb_task_1b.egg-info/SOURCES.txt'
[1.684s] running build_ext
[1.684s] Creating /home/furquan/eyrc_hb/hb_task1b_ws/install/hb_task_1b/lib/python3.10/site-packages/hb-task-1b.egg-link (link to .)
[1.684s] Installing joint_state_publisher script to /home/furquan/eyrc_hb/hb_task1b_ws/install/hb_task_1b/lib/hb_task_1b
[1.684s] Installing robot_state_publisher script to /home/furquan/eyrc_hb/hb_task1b_ws/install/hb_task_1b/lib/hb_task_1b
[1.685s] Installing spawn_entity script to /home/furquan/eyrc_hb/hb_task1b_ws/install/hb_task_1b/lib/hb_task_1b
[1.685s] 
[1.685s] Installed /home/furquan/eyrc_hb/hb_task1b_ws/build/hb_task_1b
[1.685s] running install_data
[1.685s] copying package.xml -> /home/furquan/eyrc_hb/hb_task1b_ws/install/hb_task_1b/share/hb_task_1b
[1.685s] copying launch/hb_task1b.launch.py -> /home/furquan/eyrc_hb/hb_task1b_ws/install/hb_task_1b/share/hb_task_1b
[1.734s] Invoked command in '/home/furquan/eyrc_hb/hb_task1b_ws/build/hb_task_1b' returned '0': PYTHONPATH=/home/furquan/eyrc_hb/hb_task1b_ws/build/hb_task_1b/prefix_override:/home/furquan/eyrc_hb/hb_task1b_ws/install/hb_task_1b/lib/python3.10/site-packages:${PYTHONPATH} /usr/bin/python3 setup.py develop --editable --build-directory /home/furquan/eyrc_hb/hb_task1b_ws/build/hb_task_1b/build --no-deps install_data
