[2.640s] DEBUG:colcon:Command line arguments: ['/usr/bin/colcon', 'list', '-p', '--base-paths', '/home/furquan/eyrc_hb/hb_task1b_ws']
[2.641s] DEBUG:colcon:Parsed command line arguments: Namespace(log_base=None, log_level=None, verb_name='list', build_base='build', ignore_user_meta=False, metas=['./colcon.meta'], base_paths=['/home/furquan/eyrc_hb/hb_task1b_ws'], packages_ignore=None, packages_ignore_regex=None, paths=None, packages_up_to=None, packages_up_to_regex=None, packages_above=None, packages_above_and_dependencies=None, packages_above_depth=None, packages_select_by_dep=None, packages_skip_by_dep=None, packages_skip_up_to=None, packages_select_build_failed=False, packages_skip_build_finished=False, packages_select_test_failures=False, packages_skip_test_passed=False, packages_select=None, packages_skip=None, packages_select_regex=None, packages_skip_regex=None, packages_start=None, packages_end=None, allow_overriding=[], topological_order=False, names_only=False, paths_only=True, topological_graph=False, topological_graph_dot=False, topological_graph_density=False, topological_graph_legend=False, topological_graph_dot_cluster=False, topological_graph_dot_include_skipped=False, verb_parser=<colcon_defaults.argument_parser.defaults.DefaultArgumentsDecorator object at 0x7fd325a002b0>, verb_extension=<colcon_package_information.verb.list.ListVerb object at 0x7fd3263c3550>, main=<bound method ListVerb.main of <colcon_package_information.verb.list.ListVerb object at 0x7fd3263c3550>>)
[2.810s] Level 1:colcon.colcon_core.package_discovery:discover_packages(colcon_meta) check parameters
[2.811s] Level 1:colcon.colcon_core.package_discovery:discover_packages(recursive) check parameters
[2.811s] Level 1:colcon.colcon_core.package_discovery:discover_packages(ignore) check parameters
[2.811s] Level 1:colcon.colcon_core.package_discovery:discover_packages(path) check parameters
[2.811s] Level 1:colcon.colcon_core.package_discovery:discover_packages(recursive) discover
[2.812s] INFO:colcon.colcon_core.package_discovery:Crawling recursively for packages in '/home/furquan/eyrc_hb/hb_task1b_ws'
[2.812s] Level 1:colcon.colcon_core.package_identification:_identify(/home/furquan/eyrc_hb/hb_task1b_ws) by extensions ['ignore', 'ignore_ament_install']
[2.813s] Level 1:colcon.colcon_core.package_identification:_identify(/home/furquan/eyrc_hb/hb_task1b_ws) by extension 'ignore'
[2.813s] Level 1:colcon.colcon_core.package_identification:_identify(/home/furquan/eyrc_hb/hb_task1b_ws) by extension 'ignore_ament_install'
[2.813s] Level 1:colcon.colcon_core.package_identification:_identify(/home/furquan/eyrc_hb/hb_task1b_ws) by extensions ['colcon_pkg']
[2.814s] Level 1:colcon.colcon_core.package_identification:_identify(/home/furquan/eyrc_hb/hb_task1b_ws) by extension 'colcon_pkg'
[2.814s] Level 1:colcon.colcon_core.package_identification:_identify(/home/furquan/eyrc_hb/hb_task1b_ws) by extensions ['colcon_meta']
[2.814s] Level 1:colcon.colcon_core.package_identification:_identify(/home/furquan/eyrc_hb/hb_task1b_ws) by extension 'colcon_meta'
[2.814s] Level 1:colcon.colcon_core.package_identification:_identify(/home/furquan/eyrc_hb/hb_task1b_ws) by extensions ['ros']
[2.814s] Level 1:colcon.colcon_core.package_identification:_identify(/home/furquan/eyrc_hb/hb_task1b_ws) by extension 'ros'
[2.861s] Level 1:colcon.colcon_core.package_identification:_identify(/home/furquan/eyrc_hb/hb_task1b_ws) by extensions ['cmake', 'python']
[2.862s] Level 1:colcon.colcon_core.package_identification:_identify(/home/furquan/eyrc_hb/hb_task1b_ws) by extension 'cmake'
[2.862s] Level 1:colcon.colcon_core.package_identification:_identify(/home/furquan/eyrc_hb/hb_task1b_ws) by extension 'python'
[2.862s] Level 1:colcon.colcon_core.package_identification:_identify(/home/furquan/eyrc_hb/hb_task1b_ws) by extensions ['python_setup_py']
[2.862s] Level 1:colcon.colcon_core.package_identification:_identify(/home/furquan/eyrc_hb/hb_task1b_ws) by extension 'python_setup_py'
[2.863s] Level 1:colcon.colcon_core.package_identification:_identify(/home/furquan/eyrc_hb/hb_task1b_ws/build) by extensions ['ignore', 'ignore_ament_install']
[2.863s] Level 1:colcon.colcon_core.package_identification:_identify(/home/furquan/eyrc_hb/hb_task1b_ws/build) by extension 'ignore'
[2.864s] Level 1:colcon.colcon_core.package_identification:_identify(/home/furquan/eyrc_hb/hb_task1b_ws/build) ignored
[2.865s] Level 1:colcon.colcon_core.package_identification:_identify(/home/furquan/eyrc_hb/hb_task1b_ws/install) by extensions ['ignore', 'ignore_ament_install']
[2.865s] Level 1:colcon.colcon_core.package_identification:_identify(/home/furquan/eyrc_hb/hb_task1b_ws/install) by extension 'ignore'
[2.865s] Level 1:colcon.colcon_core.package_identification:_identify(/home/furquan/eyrc_hb/hb_task1b_ws/install) ignored
[2.866s] Level 1:colcon.colcon_core.package_identification:_identify(/home/furquan/eyrc_hb/hb_task1b_ws/log) by extensions ['ignore', 'ignore_ament_install']
[2.866s] Level 1:colcon.colcon_core.package_identification:_identify(/home/furquan/eyrc_hb/hb_task1b_ws/log) by extension 'ignore'
[2.866s] Level 1:colcon.colcon_core.package_identification:_identify(/home/furquan/eyrc_hb/hb_task1b_ws/log) ignored
[2.866s] Level 1:colcon.colcon_core.package_identification:_identify(/home/furquan/eyrc_hb/hb_task1b_ws/src) by extensions ['ignore', 'ignore_ament_install']
[2.866s] Level 1:colcon.colcon_core.package_identification:_identify(/home/furquan/eyrc_hb/hb_task1b_ws/src) by extension 'ignore'
[2.867s] Level 1:colcon.colcon_core.package_identification:_identify(/home/furquan/eyrc_hb/hb_task1b_ws/src) by extension 'ignore_ament_install'
[2.867s] Level 1:colcon.colcon_core.package_identification:_identify(/home/furquan/eyrc_hb/hb_task1b_ws/src) by extensions ['colcon_pkg']
[2.867s] Level 1:colcon.colcon_core.package_identification:_identify(/home/furquan/eyrc_hb/hb_task1b_ws/src) by extension 'colcon_pkg'
[2.867s] Level 1:colcon.colcon_core.package_identification:_identify(/home/furquan/eyrc_hb/hb_task1b_ws/src) by extensions ['colcon_meta']
[2.867s] Level 1:colcon.colcon_core.package_identification:_identify(/home/furquan/eyrc_hb/hb_task1b_ws/src) by extension 'colcon_meta'
[2.867s] Level 1:colcon.colcon_core.package_identification:_identify(/home/furquan/eyrc_hb/hb_task1b_ws/src) by extensions ['ros']
[2.867s] Level 1:colcon.colcon_core.package_identification:_identify(/home/furquan/eyrc_hb/hb_task1b_ws/src) by extension 'ros'
[2.868s] Level 1:colcon.colcon_core.package_identification:_identify(/home/furquan/eyrc_hb/hb_task1b_ws/src) by extensions ['cmake', 'python']
[2.868s] Level 1:colcon.colcon_core.package_identification:_identify(/home/furquan/eyrc_hb/hb_task1b_ws/src) by extension 'cmake'
[2.868s] Level 1:colcon.colcon_core.package_identification:_identify(/home/furquan/eyrc_hb/hb_task1b_ws/src) by extension 'python'
[2.868s] Level 1:colcon.colcon_core.package_identification:_identify(/home/furquan/eyrc_hb/hb_task1b_ws/src) by extensions ['python_setup_py']
[2.868s] Level 1:colcon.colcon_core.package_identification:_identify(/home/furquan/eyrc_hb/hb_task1b_ws/src) by extension 'python_setup_py'
[2.868s] Level 1:colcon.colcon_core.package_identification:_identify(/home/furquan/eyrc_hb/hb_task1b_ws/src/hb_task_1b) by extensions ['ignore', 'ignore_ament_install']
[2.869s] Level 1:colcon.colcon_core.package_identification:_identify(/home/furquan/eyrc_hb/hb_task1b_ws/src/hb_task_1b) by extension 'ignore'
[2.869s] Level 1:colcon.colcon_core.package_identification:_identify(/home/furquan/eyrc_hb/hb_task1b_ws/src/hb_task_1b) by extension 'ignore_ament_install'
[2.869s] Level 1:colcon.colcon_core.package_identification:_identify(/home/furquan/eyrc_hb/hb_task1b_ws/src/hb_task_1b) by extensions ['colcon_pkg']
[2.869s] Level 1:colcon.colcon_core.package_identification:_identify(/home/furquan/eyrc_hb/hb_task1b_ws/src/hb_task_1b) by extension 'colcon_pkg'
[2.869s] Level 1:colcon.colcon_core.package_identification:_identify(/home/furquan/eyrc_hb/hb_task1b_ws/src/hb_task_1b) by extensions ['colcon_meta']
[2.869s] Level 1:colcon.colcon_core.package_identification:_identify(/home/furquan/eyrc_hb/hb_task1b_ws/src/hb_task_1b) by extension 'colcon_meta'
[2.870s] Level 1:colcon.colcon_core.package_identification:_identify(/home/furquan/eyrc_hb/hb_task1b_ws/src/hb_task_1b) by extensions ['ros']
[2.870s] Level 1:colcon.colcon_core.package_identification:_identify(/home/furquan/eyrc_hb/hb_task1b_ws/src/hb_task_1b) by extension 'ros'
[2.880s] DEBUG:colcon.colcon_core.package_identification:Package '/home/furquan/eyrc_hb/hb_task1b_ws/src/hb_task_1b' with type 'ros.ament_python' and name 'hb_task_1b'
[2.882s] Level 1:colcon.colcon_core.package_identification:_identify(/home/furquan/eyrc_hb/hb_task1b_ws/src/my_robot_interfaces) by extensions ['ignore', 'ignore_ament_install']
[2.882s] Level 1:colcon.colcon_core.package_identification:_identify(/home/furquan/eyrc_hb/hb_task1b_ws/src/my_robot_interfaces) by extension 'ignore'
[2.882s] Level 1:colcon.colcon_core.package_identification:_identify(/home/furquan/eyrc_hb/hb_task1b_ws/src/my_robot_interfaces) by extension 'ignore_ament_install'
[2.882s] Level 1:colcon.colcon_core.package_identification:_identify(/home/furquan/eyrc_hb/hb_task1b_ws/src/my_robot_interfaces) by extensions ['colcon_pkg']
[2.883s] Level 1:colcon.colcon_core.package_identification:_identify(/home/furquan/eyrc_hb/hb_task1b_ws/src/my_robot_interfaces) by extension 'colcon_pkg'
[2.883s] Level 1:colcon.colcon_core.package_identification:_identify(/home/furquan/eyrc_hb/hb_task1b_ws/src/my_robot_interfaces) by extensions ['colcon_meta']
[2.883s] Level 1:colcon.colcon_core.package_identification:_identify(/home/furquan/eyrc_hb/hb_task1b_ws/src/my_robot_interfaces) by extension 'colcon_meta'
[2.883s] Level 1:colcon.colcon_core.package_identification:_identify(/home/furquan/eyrc_hb/hb_task1b_ws/src/my_robot_interfaces) by extensions ['ros']
[2.883s] Level 1:colcon.colcon_core.package_identification:_identify(/home/furquan/eyrc_hb/hb_task1b_ws/src/my_robot_interfaces) by extension 'ros'
[2.886s] DEBUG:colcon.colcon_core.package_identification:Package '/home/furquan/eyrc_hb/hb_task1b_ws/src/my_robot_interfaces' with type 'ros.ament_cmake' and name 'my_robot_interfaces'
[2.887s] Level 1:colcon.colcon_core.package_discovery:discover_packages(recursive) using defaults
