[0.521s] Invoking command in '/home/furquan/eyrc_hb/hb_task_2_ws/src/eYRC-2023_Hologlyph_Bots/build/my_robot_interfaces': CMAKE_PREFIX_PATH=${CMAKE_PREFIX_PATH}:/home/furquan/eyrc_hb/hb_task_2_ws/install/hb_task2b:/home/furquan/eyrc_hb/hb_task_2_ws/install/hb_task2a:/home/furquan/eyrc_hb/hb_task1b_ws/install/hb_task_1b:/home/furquan/eyrc_hb/hb_task1a_ws/install/hb_task_1a:/home/furquan/ros2_ws/install/my_robot_controller:/opt/ros/humble /usr/bin/cmake /home/furquan/eyrc_hb/hb_task_2_ws/src/eYRC-2023_Hologlyph_Bots/my_robot_interfaces -DCMAKE_INSTALL_PREFIX=/home/furquan/eyrc_hb/hb_task_2_ws/src/eYRC-2023_Hologlyph_Bots/install/my_robot_interfaces
[1.593s] -- The C compiler identification is GNU 11.4.0
[1.978s] -- The CXX compiler identification is GNU 11.4.0
[2.068s] -- Detecting C compiler ABI info
[2.290s] -- Detecting C compiler ABI info - done
[2.300s] -- Check for working C compiler: /usr/bin/cc - skipped
[2.300s] -- Detecting C compile features
[2.301s] -- Detecting C compile features - done
[2.303s] -- Detecting CXX compiler ABI info
[2.423s] -- Detecting CXX compiler ABI info - done
[2.428s] -- Check for working CXX compiler: /usr/bin/c++ - skipped
[2.429s] -- Detecting CXX compile features
[2.429s] -- Detecting CXX compile features - done
[2.516s] -- Found ament_cmake: 1.3.5 (/opt/ros/humble/share/ament_cmake/cmake)
[2.811s] -- Found Python3: /usr/bin/python3.10 (found version "3.10.12") found components: Interpreter 
[3.227s] -- Found rosidl_default_generators: 1.2.0 (/opt/ros/humble/share/rosidl_default_generators/cmake)
[3.326s] -- Using all available rosidl_typesupport_c: rosidl_typesupport_fastrtps_c;rosidl_typesupport_introspection_c
[3.429s] -- Found rosidl_adapter: 3.1.5 (/opt/ros/humble/share/rosidl_adapter/cmake)
[3.685s] -- Using all available rosidl_typesupport_cpp: rosidl_typesupport_fastrtps_cpp;rosidl_typesupport_introspection_cpp
[4.100s] -- Found ament_cmake_ros: 0.10.0 (/opt/ros/humble/share/ament_cmake_ros/cmake)
[4.389s] -- Using all available rosidl_typesupport_c: rosidl_typesupport_fastrtps_c;rosidl_typesupport_introspection_c
[4.619s] -- Using all available rosidl_typesupport_cpp: rosidl_typesupport_fastrtps_cpp;rosidl_typesupport_introspection_cpp
[4.639s] -- Found PythonInterp: /usr/bin/python3 (found suitable version "3.10.12", minimum required is "3.6") 
[4.653s] -- Found python_cmake_module: 0.10.0 (/opt/ros/humble/share/python_cmake_module/cmake)
[4.692s] -- Found PythonLibs: /usr/lib/x86_64-linux-gnu/libpython3.10.so (found suitable version "3.10.12", minimum required is "3.5") 
[4.692s] -- Using PYTHON_EXECUTABLE: /usr/bin/python3
[4.692s] -- Using PYTHON_INCLUDE_DIRS: /usr/include/python3.10
[4.692s] -- Using PYTHON_LIBRARIES: /usr/lib/x86_64-linux-gnu/libpython3.10.so
[4.712s] -- Found PythonExtra: .so  
[4.754s] -- Configuring done
[4.785s] -- Generating done
[4.788s] -- Build files have been written to: /home/furquan/eyrc_hb/hb_task_2_ws/src/eYRC-2023_Hologlyph_Bots/build/my_robot_interfaces
[4.795s] Invoked command in '/home/furquan/eyrc_hb/hb_task_2_ws/src/eYRC-2023_Hologlyph_Bots/build/my_robot_interfaces' returned '0': CMAKE_PREFIX_PATH=${CMAKE_PREFIX_PATH}:/home/furquan/eyrc_hb/hb_task_2_ws/install/hb_task2b:/home/furquan/eyrc_hb/hb_task_2_ws/install/hb_task2a:/home/furquan/eyrc_hb/hb_task1b_ws/install/hb_task_1b:/home/furquan/eyrc_hb/hb_task1a_ws/install/hb_task_1a:/home/furquan/ros2_ws/install/my_robot_controller:/opt/ros/humble /usr/bin/cmake /home/furquan/eyrc_hb/hb_task_2_ws/src/eYRC-2023_Hologlyph_Bots/my_robot_interfaces -DCMAKE_INSTALL_PREFIX=/home/furquan/eyrc_hb/hb_task_2_ws/src/eYRC-2023_Hologlyph_Bots/install/my_robot_interfaces
[4.796s] Invoking command in '/home/furquan/eyrc_hb/hb_task_2_ws/src/eYRC-2023_Hologlyph_Bots/build/my_robot_interfaces': CMAKE_PREFIX_PATH=${CMAKE_PREFIX_PATH}:/home/furquan/eyrc_hb/hb_task_2_ws/install/hb_task2b:/home/furquan/eyrc_hb/hb_task_2_ws/install/hb_task2a:/home/furquan/eyrc_hb/hb_task1b_ws/install/hb_task_1b:/home/furquan/eyrc_hb/hb_task1a_ws/install/hb_task_1a:/home/furquan/ros2_ws/install/my_robot_controller:/opt/ros/humble /usr/bin/cmake --build /home/furquan/eyrc_hb/hb_task_2_ws/src/eYRC-2023_Hologlyph_Bots/build/my_robot_interfaces -- -j8 -l8
[4.827s] [  2%] [34m[1mGenerating C code for ROS interfaces[0m
[4.835s] [  4%] [34m[1mGenerating C++ code for ROS interfaces[0m
[4.842s] [  4%] Built target ament_cmake_python_copy_my_robot_interfaces
[5.041s] running egg_info
[5.041s] creating my_robot_interfaces.egg-info
[5.041s] writing my_robot_interfaces.egg-info/PKG-INFO
[5.041s] writing dependency_links to my_robot_interfaces.egg-info/dependency_links.txt
[5.042s] writing top-level names to my_robot_interfaces.egg-info/top_level.txt
[5.042s] writing manifest file 'my_robot_interfaces.egg-info/SOURCES.txt'
[5.043s] reading manifest file 'my_robot_interfaces.egg-info/SOURCES.txt'
[5.044s] writing manifest file 'my_robot_interfaces.egg-info/SOURCES.txt'
[5.070s] [  4%] Built target ament_cmake_python_build_my_robot_interfaces_egg
[5.199s] [  8%] [32mBuilding C object CMakeFiles/my_robot_interfaces__rosidl_generator_c.dir/rosidl_generator_c/my_robot_interfaces/msg/detail/goal__functions.c.o[0m
[5.201s] [  8%] [32mBuilding C object CMakeFiles/my_robot_interfaces__rosidl_generator_c.dir/rosidl_generator_c/my_robot_interfaces/srv/detail/next_goal__functions.c.o[0m
[5.201s] [ 10%] [32mBuilding C object CMakeFiles/my_robot_interfaces__rosidl_generator_c.dir/rosidl_generator_c/my_robot_interfaces/msg/detail/shape__functions.c.o[0m
[5.206s] [ 10%] Built target my_robot_interfaces__cpp
[5.214s] [ 14%] [34m[1mGenerating C++ introspection for ROS interfaces[0m
[5.215s] [ 14%] [34m[1mGenerating C++ type support dispatch for ROS interfaces[0m
[5.216s] [ 17%] [34m[1mGenerating C++ type support for eProsima Fast-RTPS[0m
[5.342s] [ 19%] [32m[1mLinking C shared library libmy_robot_interfaces__rosidl_generator_c.so[0m
[5.382s] [ 19%] Built target my_robot_interfaces__rosidl_generator_c
[5.390s] [ 25%] [34m[1mGenerating C type support for eProsima Fast-RTPS[0m
[5.390s] [ 25%] [34m[1mGenerating C introspection for ROS interfaces[0m
[5.390s] [ 25%] [34m[1mGenerating C type support dispatch for ROS interfaces[0m
[5.494s] [ 29%] [32mBuilding CXX object CMakeFiles/my_robot_interfaces__rosidl_typesupport_cpp.dir/rosidl_typesupport_cpp/my_robot_interfaces/msg/goal__type_support.cpp.o[0m
[5.494s] [ 29%] [32mBuilding CXX object CMakeFiles/my_robot_interfaces__rosidl_typesupport_cpp.dir/rosidl_typesupport_cpp/my_robot_interfaces/srv/next_goal__type_support.cpp.o[0m
[5.496s] [ 31%] [32mBuilding CXX object CMakeFiles/my_robot_interfaces__rosidl_typesupport_cpp.dir/rosidl_typesupport_cpp/my_robot_interfaces/msg/shape__type_support.cpp.o[0m
[5.643s] [ 34%] [32mBuilding CXX object CMakeFiles/my_robot_interfaces__rosidl_typesupport_introspection_cpp.dir/rosidl_typesupport_introspection_cpp/my_robot_interfaces/srv/detail/next_goal__type_support.cpp.o[0m
[5.684s] [ 36%] [32mBuilding CXX object CMakeFiles/my_robot_interfaces__rosidl_typesupport_fastrtps_cpp.dir/rosidl_typesupport_fastrtps_cpp/my_robot_interfaces/srv/detail/dds_fastrtps/next_goal__type_support.cpp.o[0m
[5.772s] [ 38%] [32mBuilding CXX object CMakeFiles/my_robot_interfaces__rosidl_typesupport_c.dir/rosidl_typesupport_c/my_robot_interfaces/srv/next_goal__type_support.cpp.o[0m
[5.840s] [ 40%] [32mBuilding CXX object CMakeFiles/my_robot_interfaces__rosidl_typesupport_fastrtps_c.dir/rosidl_typesupport_fastrtps_c/my_robot_interfaces/srv/detail/next_goal__type_support_c.cpp.o[0m
[5.854s] [ 42%] [32mBuilding C object CMakeFiles/my_robot_interfaces__rosidl_typesupport_introspection_c.dir/rosidl_typesupport_introspection_c/my_robot_interfaces/srv/detail/next_goal__type_support.c.o[0m
[5.883s] [ 44%] [32mBuilding CXX object CMakeFiles/my_robot_interfaces__rosidl_typesupport_c.dir/rosidl_typesupport_c/my_robot_interfaces/msg/goal__type_support.cpp.o[0m
[5.900s] [ 46%] [32mBuilding C object CMakeFiles/my_robot_interfaces__rosidl_typesupport_introspection_c.dir/rosidl_typesupport_introspection_c/my_robot_interfaces/msg/detail/goal__type_support.c.o[0m
[5.944s] [ 48%] [32mBuilding CXX object CMakeFiles/my_robot_interfaces__rosidl_typesupport_c.dir/rosidl_typesupport_c/my_robot_interfaces/msg/shape__type_support.cpp.o[0m
[5.968s] [ 51%] [32mBuilding C object CMakeFiles/my_robot_interfaces__rosidl_typesupport_introspection_c.dir/rosidl_typesupport_introspection_c/my_robot_interfaces/msg/detail/shape__type_support.c.o[0m
[5.985s] [ 53%] [32m[1mLinking CXX shared library libmy_robot_interfaces__rosidl_typesupport_c.so[0m
[6.013s] [ 55%] [32mBuilding CXX object CMakeFiles/my_robot_interfaces__rosidl_typesupport_fastrtps_c.dir/rosidl_typesupport_fastrtps_c/my_robot_interfaces/msg/detail/goal__type_support_c.cpp.o[0m
[6.024s] [ 59%] [32mBuilding CXX object CMakeFiles/my_robot_interfaces__rosidl_typesupport_fastrtps_c.dir/rosidl_typesupport_fastrtps_c/my_robot_interfaces/msg/detail/shape__type_support_c.cpp.o[0m
[6.024s] [ 59%] [32m[1mLinking C shared library libmy_robot_interfaces__rosidl_typesupport_introspection_c.so[0m
[6.028s] [ 61%] [32m[1mLinking CXX shared library libmy_robot_interfaces__rosidl_typesupport_cpp.so[0m
[6.059s] [ 61%] Built target my_robot_interfaces__rosidl_typesupport_c
[6.074s] [ 63%] [32mBuilding CXX object CMakeFiles/my_robot_interfaces__rosidl_typesupport_fastrtps_cpp.dir/rosidl_typesupport_fastrtps_cpp/my_robot_interfaces/msg/detail/dds_fastrtps/goal__type_support.cpp.o[0m
[6.085s] [ 63%] Built target my_robot_interfaces__rosidl_typesupport_introspection_c
[6.096s] [ 65%] [32mBuilding CXX object CMakeFiles/my_robot_interfaces__rosidl_typesupport_fastrtps_cpp.dir/rosidl_typesupport_fastrtps_cpp/my_robot_interfaces/msg/detail/dds_fastrtps/shape__type_support.cpp.o[0m
[6.100s] [ 65%] Built target my_robot_interfaces__rosidl_typesupport_cpp
[6.115s] [ 68%] [32mBuilding CXX object CMakeFiles/my_robot_interfaces__rosidl_typesupport_introspection_cpp.dir/rosidl_typesupport_introspection_cpp/my_robot_interfaces/msg/detail/goal__type_support.cpp.o[0m
[6.188s] [ 70%] [32mBuilding CXX object CMakeFiles/my_robot_interfaces__rosidl_typesupport_introspection_cpp.dir/rosidl_typesupport_introspection_cpp/my_robot_interfaces/msg/detail/shape__type_support.cpp.o[0m
[6.452s] [ 72%] [32m[1mLinking CXX shared library libmy_robot_interfaces__rosidl_typesupport_fastrtps_c.so[0m
[6.542s] [ 72%] Built target my_robot_interfaces__rosidl_typesupport_fastrtps_c
[6.571s] [ 74%] [32m[1mLinking CXX shared library libmy_robot_interfaces__rosidl_typesupport_fastrtps_cpp.so[0m
[6.580s] [ 76%] [32m[1mLinking CXX shared library libmy_robot_interfaces__rosidl_typesupport_introspection_cpp.so[0m
[6.649s] [ 76%] Built target my_robot_interfaces__rosidl_typesupport_fastrtps_cpp
[6.656s] [ 76%] Built target my_robot_interfaces__rosidl_typesupport_introspection_cpp
[6.672s] [ 76%] Built target my_robot_interfaces
[6.698s] [ 78%] [34m[1mGenerating Python code for ROS interfaces[0m
[7.248s] [ 78%] Built target my_robot_interfaces__py
[7.264s] [ 85%] [32mBuilding C object CMakeFiles/my_robot_interfaces__rosidl_generator_py.dir/rosidl_generator_py/my_robot_interfaces/msg/_shape_s.c.o[0m
[7.264s] [ 85%] [32mBuilding C object CMakeFiles/my_robot_interfaces__rosidl_generator_py.dir/rosidl_generator_py/my_robot_interfaces/srv/_next_goal_s.c.o[0m
[7.264s] [ 85%] [32mBuilding C object CMakeFiles/my_robot_interfaces__rosidl_generator_py.dir/rosidl_generator_py/my_robot_interfaces/msg/_goal_s.c.o[0m
[7.409s] [ 87%] [32m[1mLinking C shared library rosidl_generator_py/my_robot_interfaces/libmy_robot_interfaces__rosidl_generator_py.so[0m
[7.438s] [ 87%] Built target my_robot_interfaces__rosidl_generator_py
[7.454s] [ 93%] [32mBuilding C object CMakeFiles/my_robot_interfaces__rosidl_typesupport_fastrtps_c__pyext.dir/rosidl_generator_py/my_robot_interfaces/_my_robot_interfaces_s.ep.rosidl_typesupport_fastrtps_c.c.o[0m
[7.454s] [ 93%] [32mBuilding C object CMakeFiles/my_robot_interfaces__rosidl_typesupport_introspection_c__pyext.dir/rosidl_generator_py/my_robot_interfaces/_my_robot_interfaces_s.ep.rosidl_typesupport_introspection_c.c.o[0m
[7.455s] [ 93%] [32mBuilding C object CMakeFiles/my_robot_interfaces__rosidl_typesupport_c__pyext.dir/rosidl_generator_py/my_robot_interfaces/_my_robot_interfaces_s.ep.rosidl_typesupport_c.c.o[0m
[7.528s] [ 97%] [32m[1mLinking C shared library rosidl_generator_py/my_robot_interfaces/my_robot_interfaces_s__rosidl_typesupport_introspection_c.cpython-310-x86_64-linux-gnu.so[0m
[7.528s] [ 97%] [32m[1mLinking C shared library rosidl_generator_py/my_robot_interfaces/my_robot_interfaces_s__rosidl_typesupport_c.cpython-310-x86_64-linux-gnu.so[0m
[7.530s] [100%] [32m[1mLinking C shared library rosidl_generator_py/my_robot_interfaces/my_robot_interfaces_s__rosidl_typesupport_fastrtps_c.cpython-310-x86_64-linux-gnu.so[0m
[7.553s] [100%] Built target my_robot_interfaces__rosidl_typesupport_introspection_c__pyext
[7.553s] [100%] Built target my_robot_interfaces__rosidl_typesupport_c__pyext
[7.554s] [100%] Built target my_robot_interfaces__rosidl_typesupport_fastrtps_c__pyext
[7.563s] Invoked command in '/home/furquan/eyrc_hb/hb_task_2_ws/src/eYRC-2023_Hologlyph_Bots/build/my_robot_interfaces' returned '0': CMAKE_PREFIX_PATH=${CMAKE_PREFIX_PATH}:/home/furquan/eyrc_hb/hb_task_2_ws/install/hb_task2b:/home/furquan/eyrc_hb/hb_task_2_ws/install/hb_task2a:/home/furquan/eyrc_hb/hb_task1b_ws/install/hb_task_1b:/home/furquan/eyrc_hb/hb_task1a_ws/install/hb_task_1a:/home/furquan/ros2_ws/install/my_robot_controller:/opt/ros/humble /usr/bin/cmake --build /home/furquan/eyrc_hb/hb_task_2_ws/src/eYRC-2023_Hologlyph_Bots/build/my_robot_interfaces -- -j8 -l8
[7.631s] Invoking command in '/home/furquan/eyrc_hb/hb_task_2_ws/src/eYRC-2023_Hologlyph_Bots/build/my_robot_interfaces': CMAKE_PREFIX_PATH=${CMAKE_PREFIX_PATH}:/home/furquan/eyrc_hb/hb_task_2_ws/install/hb_task2b:/home/furquan/eyrc_hb/hb_task_2_ws/install/hb_task2a:/home/furquan/eyrc_hb/hb_task1b_ws/install/hb_task_1b:/home/furquan/eyrc_hb/hb_task1a_ws/install/hb_task_1a:/home/furquan/ros2_ws/install/my_robot_controller:/opt/ros/humble /usr/bin/cmake --install /home/furquan/eyrc_hb/hb_task_2_ws/src/eYRC-2023_Hologlyph_Bots/build/my_robot_interfaces
[7.637s] -- Install configuration: ""
[7.638s] -- Installing: /home/furquan/eyrc_hb/hb_task_2_ws/src/eYRC-2023_Hologlyph_Bots/install/my_robot_interfaces/share/ament_index/resource_index/rosidl_interfaces/my_robot_interfaces
[7.638s] -- Installing: /home/furquan/eyrc_hb/hb_task_2_ws/src/eYRC-2023_Hologlyph_Bots/install/my_robot_interfaces/include/my_robot_interfaces/my_robot_interfaces
[7.638s] -- Installing: /home/furquan/eyrc_hb/hb_task_2_ws/src/eYRC-2023_Hologlyph_Bots/install/my_robot_interfaces/include/my_robot_interfaces/my_robot_interfaces/msg
[7.638s] -- Installing: /home/furquan/eyrc_hb/hb_task_2_ws/src/eYRC-2023_Hologlyph_Bots/install/my_robot_interfaces/include/my_robot_interfaces/my_robot_interfaces/msg/goal.h
[7.638s] -- Installing: /home/furquan/eyrc_hb/hb_task_2_ws/src/eYRC-2023_Hologlyph_Bots/install/my_robot_interfaces/include/my_robot_interfaces/my_robot_interfaces/msg/shape.h
[7.638s] -- Installing: /home/furquan/eyrc_hb/hb_task_2_ws/src/eYRC-2023_Hologlyph_Bots/install/my_robot_interfaces/include/my_robot_interfaces/my_robot_interfaces/msg/detail
[7.638s] -- Installing: /home/furquan/eyrc_hb/hb_task_2_ws/src/eYRC-2023_Hologlyph_Bots/install/my_robot_interfaces/include/my_robot_interfaces/my_robot_interfaces/msg/detail/goal__functions.c
[7.638s] -- Installing: /home/furquan/eyrc_hb/hb_task_2_ws/src/eYRC-2023_Hologlyph_Bots/install/my_robot_interfaces/include/my_robot_interfaces/my_robot_interfaces/msg/detail/shape__functions.c
[7.638s] -- Installing: /home/furquan/eyrc_hb/hb_task_2_ws/src/eYRC-2023_Hologlyph_Bots/install/my_robot_interfaces/include/my_robot_interfaces/my_robot_interfaces/msg/detail/shape__struct.h
[7.638s] -- Installing: /home/furquan/eyrc_hb/hb_task_2_ws/src/eYRC-2023_Hologlyph_Bots/install/my_robot_interfaces/include/my_robot_interfaces/my_robot_interfaces/msg/detail/shape__functions.h
[7.638s] -- Installing: /home/furquan/eyrc_hb/hb_task_2_ws/src/eYRC-2023_Hologlyph_Bots/install/my_robot_interfaces/include/my_robot_interfaces/my_robot_interfaces/msg/detail/shape__type_support.h
[7.638s] -- Installing: /home/furquan/eyrc_hb/hb_task_2_ws/src/eYRC-2023_Hologlyph_Bots/install/my_robot_interfaces/include/my_robot_interfaces/my_robot_interfaces/msg/detail/goal__type_support.h
[7.638s] -- Installing: /home/furquan/eyrc_hb/hb_task_2_ws/src/eYRC-2023_Hologlyph_Bots/install/my_robot_interfaces/include/my_robot_interfaces/my_robot_interfaces/msg/detail/goal__functions.h
[7.638s] -- Installing: /home/furquan/eyrc_hb/hb_task_2_ws/src/eYRC-2023_Hologlyph_Bots/install/my_robot_interfaces/include/my_robot_interfaces/my_robot_interfaces/msg/detail/goal__struct.h
[7.638s] -- Installing: /home/furquan/eyrc_hb/hb_task_2_ws/src/eYRC-2023_Hologlyph_Bots/install/my_robot_interfaces/include/my_robot_interfaces/my_robot_interfaces/msg/rosidl_generator_c__visibility_control.h
[7.639s] -- Installing: /home/furquan/eyrc_hb/hb_task_2_ws/src/eYRC-2023_Hologlyph_Bots/install/my_robot_interfaces/include/my_robot_interfaces/my_robot_interfaces/srv
[7.639s] -- Installing: /home/furquan/eyrc_hb/hb_task_2_ws/src/eYRC-2023_Hologlyph_Bots/install/my_robot_interfaces/include/my_robot_interfaces/my_robot_interfaces/srv/detail
[7.639s] -- Installing: /home/furquan/eyrc_hb/hb_task_2_ws/src/eYRC-2023_Hologlyph_Bots/install/my_robot_interfaces/include/my_robot_interfaces/my_robot_interfaces/srv/detail/next_goal__functions.h
[7.639s] -- Installing: /home/furquan/eyrc_hb/hb_task_2_ws/src/eYRC-2023_Hologlyph_Bots/install/my_robot_interfaces/include/my_robot_interfaces/my_robot_interfaces/srv/detail/next_goal__type_support.h
[7.639s] -- Installing: /home/furquan/eyrc_hb/hb_task_2_ws/src/eYRC-2023_Hologlyph_Bots/install/my_robot_interfaces/include/my_robot_interfaces/my_robot_interfaces/srv/detail/next_goal__struct.h
[7.639s] -- Installing: /home/furquan/eyrc_hb/hb_task_2_ws/src/eYRC-2023_Hologlyph_Bots/install/my_robot_interfaces/include/my_robot_interfaces/my_robot_interfaces/srv/detail/next_goal__functions.c
[7.639s] -- Installing: /home/furquan/eyrc_hb/hb_task_2_ws/src/eYRC-2023_Hologlyph_Bots/install/my_robot_interfaces/include/my_robot_interfaces/my_robot_interfaces/srv/next_goal.h
[7.639s] -- Installing: /home/furquan/eyrc_hb/hb_task_2_ws/src/eYRC-2023_Hologlyph_Bots/install/my_robot_interfaces/share/my_robot_interfaces/environment/library_path.sh
[7.639s] -- Installing: /home/furquan/eyrc_hb/hb_task_2_ws/src/eYRC-2023_Hologlyph_Bots/install/my_robot_interfaces/share/my_robot_interfaces/environment/library_path.dsv
[7.639s] -- Installing: /home/furquan/eyrc_hb/hb_task_2_ws/src/eYRC-2023_Hologlyph_Bots/install/my_robot_interfaces/lib/libmy_robot_interfaces__rosidl_generator_c.so
[7.639s] -- Set runtime path of "/home/furquan/eyrc_hb/hb_task_2_ws/src/eYRC-2023_Hologlyph_Bots/install/my_robot_interfaces/lib/libmy_robot_interfaces__rosidl_generator_c.so" to ""
[7.639s] -- Up-to-date: /home/furquan/eyrc_hb/hb_task_2_ws/src/eYRC-2023_Hologlyph_Bots/install/my_robot_interfaces/include/my_robot_interfaces/my_robot_interfaces
[7.639s] -- Up-to-date: /home/furquan/eyrc_hb/hb_task_2_ws/src/eYRC-2023_Hologlyph_Bots/install/my_robot_interfaces/include/my_robot_interfaces/my_robot_interfaces/msg
[7.640s] -- Up-to-date: /home/furquan/eyrc_hb/hb_task_2_ws/src/eYRC-2023_Hologlyph_Bots/install/my_robot_interfaces/include/my_robot_interfaces/my_robot_interfaces/msg/detail
[7.640s] -- Installing: /home/furquan/eyrc_hb/hb_task_2_ws/src/eYRC-2023_Hologlyph_Bots/install/my_robot_interfaces/include/my_robot_interfaces/my_robot_interfaces/msg/detail/goal__rosidl_typesupport_fastrtps_c.h
[7.640s] -- Installing: /home/furquan/eyrc_hb/hb_task_2_ws/src/eYRC-2023_Hologlyph_Bots/install/my_robot_interfaces/include/my_robot_interfaces/my_robot_interfaces/msg/detail/shape__rosidl_typesupport_fastrtps_c.h
[7.640s] -- Installing: /home/furquan/eyrc_hb/hb_task_2_ws/src/eYRC-2023_Hologlyph_Bots/install/my_robot_interfaces/include/my_robot_interfaces/my_robot_interfaces/msg/rosidl_typesupport_fastrtps_c__visibility_control.h
[7.640s] -- Up-to-date: /home/furquan/eyrc_hb/hb_task_2_ws/src/eYRC-2023_Hologlyph_Bots/install/my_robot_interfaces/include/my_robot_interfaces/my_robot_interfaces/srv
[7.640s] -- Up-to-date: /home/furquan/eyrc_hb/hb_task_2_ws/src/eYRC-2023_Hologlyph_Bots/install/my_robot_interfaces/include/my_robot_interfaces/my_robot_interfaces/srv/detail
[7.640s] -- Installing: /home/furquan/eyrc_hb/hb_task_2_ws/src/eYRC-2023_Hologlyph_Bots/install/my_robot_interfaces/include/my_robot_interfaces/my_robot_interfaces/srv/detail/next_goal__rosidl_typesupport_fastrtps_c.h
[7.640s] -- Installing: /home/furquan/eyrc_hb/hb_task_2_ws/src/eYRC-2023_Hologlyph_Bots/install/my_robot_interfaces/lib/libmy_robot_interfaces__rosidl_typesupport_fastrtps_c.so
[7.640s] -- Set runtime path of "/home/furquan/eyrc_hb/hb_task_2_ws/src/eYRC-2023_Hologlyph_Bots/install/my_robot_interfaces/lib/libmy_robot_interfaces__rosidl_typesupport_fastrtps_c.so" to ""
[7.640s] -- Up-to-date: /home/furquan/eyrc_hb/hb_task_2_ws/src/eYRC-2023_Hologlyph_Bots/install/my_robot_interfaces/include/my_robot_interfaces/my_robot_interfaces
[7.640s] -- Up-to-date: /home/furquan/eyrc_hb/hb_task_2_ws/src/eYRC-2023_Hologlyph_Bots/install/my_robot_interfaces/include/my_robot_interfaces/my_robot_interfaces/msg
[7.640s] -- Up-to-date: /home/furquan/eyrc_hb/hb_task_2_ws/src/eYRC-2023_Hologlyph_Bots/install/my_robot_interfaces/include/my_robot_interfaces/my_robot_interfaces/msg/detail
[7.640s] -- Installing: /home/furquan/eyrc_hb/hb_task_2_ws/src/eYRC-2023_Hologlyph_Bots/install/my_robot_interfaces/include/my_robot_interfaces/my_robot_interfaces/msg/detail/shape__rosidl_typesupport_introspection_c.h
[7.640s] -- Installing: /home/furquan/eyrc_hb/hb_task_2_ws/src/eYRC-2023_Hologlyph_Bots/install/my_robot_interfaces/include/my_robot_interfaces/my_robot_interfaces/msg/detail/shape__type_support.c
[7.640s] -- Installing: /home/furquan/eyrc_hb/hb_task_2_ws/src/eYRC-2023_Hologlyph_Bots/install/my_robot_interfaces/include/my_robot_interfaces/my_robot_interfaces/msg/detail/goal__type_support.c
[7.640s] -- Installing: /home/furquan/eyrc_hb/hb_task_2_ws/src/eYRC-2023_Hologlyph_Bots/install/my_robot_interfaces/include/my_robot_interfaces/my_robot_interfaces/msg/detail/goal__rosidl_typesupport_introspection_c.h
[7.641s] -- Installing: /home/furquan/eyrc_hb/hb_task_2_ws/src/eYRC-2023_Hologlyph_Bots/install/my_robot_interfaces/include/my_robot_interfaces/my_robot_interfaces/msg/rosidl_typesupport_introspection_c__visibility_control.h
[7.641s] -- Up-to-date: /home/furquan/eyrc_hb/hb_task_2_ws/src/eYRC-2023_Hologlyph_Bots/install/my_robot_interfaces/include/my_robot_interfaces/my_robot_interfaces/srv
[7.641s] -- Up-to-date: /home/furquan/eyrc_hb/hb_task_2_ws/src/eYRC-2023_Hologlyph_Bots/install/my_robot_interfaces/include/my_robot_interfaces/my_robot_interfaces/srv/detail
[7.641s] -- Installing: /home/furquan/eyrc_hb/hb_task_2_ws/src/eYRC-2023_Hologlyph_Bots/install/my_robot_interfaces/include/my_robot_interfaces/my_robot_interfaces/srv/detail/next_goal__rosidl_typesupport_introspection_c.h
[7.641s] -- Installing: /home/furquan/eyrc_hb/hb_task_2_ws/src/eYRC-2023_Hologlyph_Bots/install/my_robot_interfaces/include/my_robot_interfaces/my_robot_interfaces/srv/detail/next_goal__type_support.c
[7.641s] -- Installing: /home/furquan/eyrc_hb/hb_task_2_ws/src/eYRC-2023_Hologlyph_Bots/install/my_robot_interfaces/lib/libmy_robot_interfaces__rosidl_typesupport_introspection_c.so
[7.641s] -- Set runtime path of "/home/furquan/eyrc_hb/hb_task_2_ws/src/eYRC-2023_Hologlyph_Bots/install/my_robot_interfaces/lib/libmy_robot_interfaces__rosidl_typesupport_introspection_c.so" to ""
[7.641s] -- Installing: /home/furquan/eyrc_hb/hb_task_2_ws/src/eYRC-2023_Hologlyph_Bots/install/my_robot_interfaces/lib/libmy_robot_interfaces__rosidl_typesupport_c.so
[7.641s] -- Set runtime path of "/home/furquan/eyrc_hb/hb_task_2_ws/src/eYRC-2023_Hologlyph_Bots/install/my_robot_interfaces/lib/libmy_robot_interfaces__rosidl_typesupport_c.so" to ""
[7.641s] -- Up-to-date: /home/furquan/eyrc_hb/hb_task_2_ws/src/eYRC-2023_Hologlyph_Bots/install/my_robot_interfaces/include/my_robot_interfaces/my_robot_interfaces
[7.641s] -- Up-to-date: /home/furquan/eyrc_hb/hb_task_2_ws/src/eYRC-2023_Hologlyph_Bots/install/my_robot_interfaces/include/my_robot_interfaces/my_robot_interfaces/msg
[7.641s] -- Installing: /home/furquan/eyrc_hb/hb_task_2_ws/src/eYRC-2023_Hologlyph_Bots/install/my_robot_interfaces/include/my_robot_interfaces/my_robot_interfaces/msg/goal.hpp
[7.641s] -- Installing: /home/furquan/eyrc_hb/hb_task_2_ws/src/eYRC-2023_Hologlyph_Bots/install/my_robot_interfaces/include/my_robot_interfaces/my_robot_interfaces/msg/shape.hpp
[7.641s] -- Up-to-date: /home/furquan/eyrc_hb/hb_task_2_ws/src/eYRC-2023_Hologlyph_Bots/install/my_robot_interfaces/include/my_robot_interfaces/my_robot_interfaces/msg/detail
[7.641s] -- Installing: /home/furquan/eyrc_hb/hb_task_2_ws/src/eYRC-2023_Hologlyph_Bots/install/my_robot_interfaces/include/my_robot_interfaces/my_robot_interfaces/msg/detail/shape__traits.hpp
[7.641s] -- Installing: /home/furquan/eyrc_hb/hb_task_2_ws/src/eYRC-2023_Hologlyph_Bots/install/my_robot_interfaces/include/my_robot_interfaces/my_robot_interfaces/msg/detail/shape__struct.hpp
[7.641s] -- Installing: /home/furquan/eyrc_hb/hb_task_2_ws/src/eYRC-2023_Hologlyph_Bots/install/my_robot_interfaces/include/my_robot_interfaces/my_robot_interfaces/msg/detail/goal__struct.hpp
[7.641s] -- Installing: /home/furquan/eyrc_hb/hb_task_2_ws/src/eYRC-2023_Hologlyph_Bots/install/my_robot_interfaces/include/my_robot_interfaces/my_robot_interfaces/msg/detail/shape__builder.hpp
[7.641s] -- Installing: /home/furquan/eyrc_hb/hb_task_2_ws/src/eYRC-2023_Hologlyph_Bots/install/my_robot_interfaces/include/my_robot_interfaces/my_robot_interfaces/msg/detail/goal__builder.hpp
[7.641s] -- Installing: /home/furquan/eyrc_hb/hb_task_2_ws/src/eYRC-2023_Hologlyph_Bots/install/my_robot_interfaces/include/my_robot_interfaces/my_robot_interfaces/msg/detail/goal__traits.hpp
[7.642s] -- Up-to-date: /home/furquan/eyrc_hb/hb_task_2_ws/src/eYRC-2023_Hologlyph_Bots/install/my_robot_interfaces/include/my_robot_interfaces/my_robot_interfaces/srv
[7.642s] -- Installing: /home/furquan/eyrc_hb/hb_task_2_ws/src/eYRC-2023_Hologlyph_Bots/install/my_robot_interfaces/include/my_robot_interfaces/my_robot_interfaces/srv/next_goal.hpp
[7.642s] -- Up-to-date: /home/furquan/eyrc_hb/hb_task_2_ws/src/eYRC-2023_Hologlyph_Bots/install/my_robot_interfaces/include/my_robot_interfaces/my_robot_interfaces/srv/detail
[7.642s] -- Installing: /home/furquan/eyrc_hb/hb_task_2_ws/src/eYRC-2023_Hologlyph_Bots/install/my_robot_interfaces/include/my_robot_interfaces/my_robot_interfaces/srv/detail/next_goal__struct.hpp
[7.642s] -- Installing: /home/furquan/eyrc_hb/hb_task_2_ws/src/eYRC-2023_Hologlyph_Bots/install/my_robot_interfaces/include/my_robot_interfaces/my_robot_interfaces/srv/detail/next_goal__builder.hpp
[7.642s] -- Installing: /home/furquan/eyrc_hb/hb_task_2_ws/src/eYRC-2023_Hologlyph_Bots/install/my_robot_interfaces/include/my_robot_interfaces/my_robot_interfaces/srv/detail/next_goal__traits.hpp
[7.642s] -- Up-to-date: /home/furquan/eyrc_hb/hb_task_2_ws/src/eYRC-2023_Hologlyph_Bots/install/my_robot_interfaces/include/my_robot_interfaces/my_robot_interfaces
[7.642s] -- Up-to-date: /home/furquan/eyrc_hb/hb_task_2_ws/src/eYRC-2023_Hologlyph_Bots/install/my_robot_interfaces/include/my_robot_interfaces/my_robot_interfaces/msg
[7.642s] -- Up-to-date: /home/furquan/eyrc_hb/hb_task_2_ws/src/eYRC-2023_Hologlyph_Bots/install/my_robot_interfaces/include/my_robot_interfaces/my_robot_interfaces/msg/detail
[7.642s] -- Installing: /home/furquan/eyrc_hb/hb_task_2_ws/src/eYRC-2023_Hologlyph_Bots/install/my_robot_interfaces/include/my_robot_interfaces/my_robot_interfaces/msg/detail/goal__rosidl_typesupport_fastrtps_cpp.hpp
[7.642s] -- Installing: /home/furquan/eyrc_hb/hb_task_2_ws/src/eYRC-2023_Hologlyph_Bots/install/my_robot_interfaces/include/my_robot_interfaces/my_robot_interfaces/msg/detail/dds_fastrtps
[7.642s] -- Installing: /home/furquan/eyrc_hb/hb_task_2_ws/src/eYRC-2023_Hologlyph_Bots/install/my_robot_interfaces/include/my_robot_interfaces/my_robot_interfaces/msg/detail/shape__rosidl_typesupport_fastrtps_cpp.hpp
[7.642s] -- Installing: /home/furquan/eyrc_hb/hb_task_2_ws/src/eYRC-2023_Hologlyph_Bots/install/my_robot_interfaces/include/my_robot_interfaces/my_robot_interfaces/msg/rosidl_typesupport_fastrtps_cpp__visibility_control.h
[7.642s] -- Up-to-date: /home/furquan/eyrc_hb/hb_task_2_ws/src/eYRC-2023_Hologlyph_Bots/install/my_robot_interfaces/include/my_robot_interfaces/my_robot_interfaces/srv
[7.642s] -- Up-to-date: /home/furquan/eyrc_hb/hb_task_2_ws/src/eYRC-2023_Hologlyph_Bots/install/my_robot_interfaces/include/my_robot_interfaces/my_robot_interfaces/srv/detail
[7.642s] -- Installing: /home/furquan/eyrc_hb/hb_task_2_ws/src/eYRC-2023_Hologlyph_Bots/install/my_robot_interfaces/include/my_robot_interfaces/my_robot_interfaces/srv/detail/next_goal__rosidl_typesupport_fastrtps_cpp.hpp
[7.642s] -- Installing: /home/furquan/eyrc_hb/hb_task_2_ws/src/eYRC-2023_Hologlyph_Bots/install/my_robot_interfaces/include/my_robot_interfaces/my_robot_interfaces/srv/detail/dds_fastrtps
[7.642s] -- Installing: /home/furquan/eyrc_hb/hb_task_2_ws/src/eYRC-2023_Hologlyph_Bots/install/my_robot_interfaces/lib/libmy_robot_interfaces__rosidl_typesupport_fastrtps_cpp.so
[7.642s] -- Set runtime path of "/home/furquan/eyrc_hb/hb_task_2_ws/src/eYRC-2023_Hologlyph_Bots/install/my_robot_interfaces/lib/libmy_robot_interfaces__rosidl_typesupport_fastrtps_cpp.so" to ""
[7.642s] -- Up-to-date: /home/furquan/eyrc_hb/hb_task_2_ws/src/eYRC-2023_Hologlyph_Bots/install/my_robot_interfaces/include/my_robot_interfaces/my_robot_interfaces
[7.642s] -- Up-to-date: /home/furquan/eyrc_hb/hb_task_2_ws/src/eYRC-2023_Hologlyph_Bots/install/my_robot_interfaces/include/my_robot_interfaces/my_robot_interfaces/msg
[7.643s] -- Up-to-date: /home/furquan/eyrc_hb/hb_task_2_ws/src/eYRC-2023_Hologlyph_Bots/install/my_robot_interfaces/include/my_robot_interfaces/my_robot_interfaces/msg/detail
[7.643s] -- Installing: /home/furquan/eyrc_hb/hb_task_2_ws/src/eYRC-2023_Hologlyph_Bots/install/my_robot_interfaces/include/my_robot_interfaces/my_robot_interfaces/msg/detail/shape__type_support.cpp
[7.643s] -- Installing: /home/furquan/eyrc_hb/hb_task_2_ws/src/eYRC-2023_Hologlyph_Bots/install/my_robot_interfaces/include/my_robot_interfaces/my_robot_interfaces/msg/detail/shape__rosidl_typesupport_introspection_cpp.hpp
[7.643s] -- Installing: /home/furquan/eyrc_hb/hb_task_2_ws/src/eYRC-2023_Hologlyph_Bots/install/my_robot_interfaces/include/my_robot_interfaces/my_robot_interfaces/msg/detail/goal__rosidl_typesupport_introspection_cpp.hpp
[7.643s] -- Installing: /home/furquan/eyrc_hb/hb_task_2_ws/src/eYRC-2023_Hologlyph_Bots/install/my_robot_interfaces/include/my_robot_interfaces/my_robot_interfaces/msg/detail/goal__type_support.cpp
[7.643s] -- Up-to-date: /home/furquan/eyrc_hb/hb_task_2_ws/src/eYRC-2023_Hologlyph_Bots/install/my_robot_interfaces/include/my_robot_interfaces/my_robot_interfaces/srv
[7.643s] -- Up-to-date: /home/furquan/eyrc_hb/hb_task_2_ws/src/eYRC-2023_Hologlyph_Bots/install/my_robot_interfaces/include/my_robot_interfaces/my_robot_interfaces/srv/detail
[7.643s] -- Installing: /home/furquan/eyrc_hb/hb_task_2_ws/src/eYRC-2023_Hologlyph_Bots/install/my_robot_interfaces/include/my_robot_interfaces/my_robot_interfaces/srv/detail/next_goal__rosidl_typesupport_introspection_cpp.hpp
[7.643s] -- Installing: /home/furquan/eyrc_hb/hb_task_2_ws/src/eYRC-2023_Hologlyph_Bots/install/my_robot_interfaces/include/my_robot_interfaces/my_robot_interfaces/srv/detail/next_goal__type_support.cpp
[7.643s] -- Installing: /home/furquan/eyrc_hb/hb_task_2_ws/src/eYRC-2023_Hologlyph_Bots/install/my_robot_interfaces/lib/libmy_robot_interfaces__rosidl_typesupport_introspection_cpp.so
[7.643s] -- Set runtime path of "/home/furquan/eyrc_hb/hb_task_2_ws/src/eYRC-2023_Hologlyph_Bots/install/my_robot_interfaces/lib/libmy_robot_interfaces__rosidl_typesupport_introspection_cpp.so" to ""
[7.643s] -- Installing: /home/furquan/eyrc_hb/hb_task_2_ws/src/eYRC-2023_Hologlyph_Bots/install/my_robot_interfaces/lib/libmy_robot_interfaces__rosidl_typesupport_cpp.so
[7.643s] -- Set runtime path of "/home/furquan/eyrc_hb/hb_task_2_ws/src/eYRC-2023_Hologlyph_Bots/install/my_robot_interfaces/lib/libmy_robot_interfaces__rosidl_typesupport_cpp.so" to ""
[7.643s] -- Installing: /home/furquan/eyrc_hb/hb_task_2_ws/src/eYRC-2023_Hologlyph_Bots/install/my_robot_interfaces/share/my_robot_interfaces/environment/pythonpath.sh
[7.643s] -- Installing: /home/furquan/eyrc_hb/hb_task_2_ws/src/eYRC-2023_Hologlyph_Bots/install/my_robot_interfaces/share/my_robot_interfaces/environment/pythonpath.dsv
[7.643s] -- Installing: /home/furquan/eyrc_hb/hb_task_2_ws/src/eYRC-2023_Hologlyph_Bots/install/my_robot_interfaces/local/lib/python3.10/dist-packages/my_robot_interfaces-0.0.0-py3.10.egg-info
[7.643s] -- Installing: /home/furquan/eyrc_hb/hb_task_2_ws/src/eYRC-2023_Hologlyph_Bots/install/my_robot_interfaces/local/lib/python3.10/dist-packages/my_robot_interfaces-0.0.0-py3.10.egg-info/SOURCES.txt
[7.643s] -- Installing: /home/furquan/eyrc_hb/hb_task_2_ws/src/eYRC-2023_Hologlyph_Bots/install/my_robot_interfaces/local/lib/python3.10/dist-packages/my_robot_interfaces-0.0.0-py3.10.egg-info/dependency_links.txt
[7.643s] -- Installing: /home/furquan/eyrc_hb/hb_task_2_ws/src/eYRC-2023_Hologlyph_Bots/install/my_robot_interfaces/local/lib/python3.10/dist-packages/my_robot_interfaces-0.0.0-py3.10.egg-info/top_level.txt
[7.643s] -- Installing: /home/furquan/eyrc_hb/hb_task_2_ws/src/eYRC-2023_Hologlyph_Bots/install/my_robot_interfaces/local/lib/python3.10/dist-packages/my_robot_interfaces-0.0.0-py3.10.egg-info/PKG-INFO
[7.644s] -- Installing: /home/furquan/eyrc_hb/hb_task_2_ws/src/eYRC-2023_Hologlyph_Bots/install/my_robot_interfaces/local/lib/python3.10/dist-packages/my_robot_interfaces
[7.644s] -- Installing: /home/furquan/eyrc_hb/hb_task_2_ws/src/eYRC-2023_Hologlyph_Bots/install/my_robot_interfaces/local/lib/python3.10/dist-packages/my_robot_interfaces/msg
[7.644s] -- Installing: /home/furquan/eyrc_hb/hb_task_2_ws/src/eYRC-2023_Hologlyph_Bots/install/my_robot_interfaces/local/lib/python3.10/dist-packages/my_robot_interfaces/msg/_goal.py
[7.644s] -- Installing: /home/furquan/eyrc_hb/hb_task_2_ws/src/eYRC-2023_Hologlyph_Bots/install/my_robot_interfaces/local/lib/python3.10/dist-packages/my_robot_interfaces/msg/_shape.py
[7.644s] -- Installing: /home/furquan/eyrc_hb/hb_task_2_ws/src/eYRC-2023_Hologlyph_Bots/install/my_robot_interfaces/local/lib/python3.10/dist-packages/my_robot_interfaces/msg/_shape_s.c
[7.644s] -- Installing: /home/furquan/eyrc_hb/hb_task_2_ws/src/eYRC-2023_Hologlyph_Bots/install/my_robot_interfaces/local/lib/python3.10/dist-packages/my_robot_interfaces/msg/_goal_s.c
[7.644s] -- Installing: /home/furquan/eyrc_hb/hb_task_2_ws/src/eYRC-2023_Hologlyph_Bots/install/my_robot_interfaces/local/lib/python3.10/dist-packages/my_robot_interfaces/msg/__init__.py
[7.644s] -- Installing: /home/furquan/eyrc_hb/hb_task_2_ws/src/eYRC-2023_Hologlyph_Bots/install/my_robot_interfaces/local/lib/python3.10/dist-packages/my_robot_interfaces/srv
[7.644s] -- Installing: /home/furquan/eyrc_hb/hb_task_2_ws/src/eYRC-2023_Hologlyph_Bots/install/my_robot_interfaces/local/lib/python3.10/dist-packages/my_robot_interfaces/srv/_next_goal_s.c
[7.644s] -- Installing: /home/furquan/eyrc_hb/hb_task_2_ws/src/eYRC-2023_Hologlyph_Bots/install/my_robot_interfaces/local/lib/python3.10/dist-packages/my_robot_interfaces/srv/_next_goal.py
[7.644s] -- Installing: /home/furquan/eyrc_hb/hb_task_2_ws/src/eYRC-2023_Hologlyph_Bots/install/my_robot_interfaces/local/lib/python3.10/dist-packages/my_robot_interfaces/srv/__init__.py
[7.644s] -- Installing: /home/furquan/eyrc_hb/hb_task_2_ws/src/eYRC-2023_Hologlyph_Bots/install/my_robot_interfaces/local/lib/python3.10/dist-packages/my_robot_interfaces/_my_robot_interfaces_s.ep.rosidl_typesupport_c.c
[7.644s] -- Installing: /home/furquan/eyrc_hb/hb_task_2_ws/src/eYRC-2023_Hologlyph_Bots/install/my_robot_interfaces/local/lib/python3.10/dist-packages/my_robot_interfaces/__init__.py
[7.644s] -- Installing: /home/furquan/eyrc_hb/hb_task_2_ws/src/eYRC-2023_Hologlyph_Bots/install/my_robot_interfaces/local/lib/python3.10/dist-packages/my_robot_interfaces/my_robot_interfaces_s__rosidl_typesupport_c.cpython-310-x86_64-linux-gnu.so
[7.644s] -- Installing: /home/furquan/eyrc_hb/hb_task_2_ws/src/eYRC-2023_Hologlyph_Bots/install/my_robot_interfaces/local/lib/python3.10/dist-packages/my_robot_interfaces/_my_robot_interfaces_s.ep.rosidl_typesupport_fastrtps_c.c
[7.644s] -- Installing: /home/furquan/eyrc_hb/hb_task_2_ws/src/eYRC-2023_Hologlyph_Bots/install/my_robot_interfaces/local/lib/python3.10/dist-packages/my_robot_interfaces/my_robot_interfaces_s__rosidl_typesupport_fastrtps_c.cpython-310-x86_64-linux-gnu.so
[7.645s] -- Installing: /home/furquan/eyrc_hb/hb_task_2_ws/src/eYRC-2023_Hologlyph_Bots/install/my_robot_interfaces/local/lib/python3.10/dist-packages/my_robot_interfaces/_my_robot_interfaces_s.ep.rosidl_typesupport_introspection_c.c
[7.645s] -- Installing: /home/furquan/eyrc_hb/hb_task_2_ws/src/eYRC-2023_Hologlyph_Bots/install/my_robot_interfaces/local/lib/python3.10/dist-packages/my_robot_interfaces/my_robot_interfaces_s__rosidl_typesupport_introspection_c.cpython-310-x86_64-linux-gnu.so
[7.645s] -- Installing: /home/furquan/eyrc_hb/hb_task_2_ws/src/eYRC-2023_Hologlyph_Bots/install/my_robot_interfaces/local/lib/python3.10/dist-packages/my_robot_interfaces/libmy_robot_interfaces__rosidl_generator_py.so
[7.679s] Listing '/home/furquan/eyrc_hb/hb_task_2_ws/src/eYRC-2023_Hologlyph_Bots/install/my_robot_interfaces/local/lib/python3.10/dist-packages/my_robot_interfaces'...
[7.679s] Compiling '/home/furquan/eyrc_hb/hb_task_2_ws/src/eYRC-2023_Hologlyph_Bots/install/my_robot_interfaces/local/lib/python3.10/dist-packages/my_robot_interfaces/__init__.py'...
[7.679s] Listing '/home/furquan/eyrc_hb/hb_task_2_ws/src/eYRC-2023_Hologlyph_Bots/install/my_robot_interfaces/local/lib/python3.10/dist-packages/my_robot_interfaces/msg'...
[7.679s] Compiling '/home/furquan/eyrc_hb/hb_task_2_ws/src/eYRC-2023_Hologlyph_Bots/install/my_robot_interfaces/local/lib/python3.10/dist-packages/my_robot_interfaces/msg/__init__.py'...
[7.679s] Compiling '/home/furquan/eyrc_hb/hb_task_2_ws/src/eYRC-2023_Hologlyph_Bots/install/my_robot_interfaces/local/lib/python3.10/dist-packages/my_robot_interfaces/msg/_goal.py'...
[7.679s] Compiling '/home/furquan/eyrc_hb/hb_task_2_ws/src/eYRC-2023_Hologlyph_Bots/install/my_robot_interfaces/local/lib/python3.10/dist-packages/my_robot_interfaces/msg/_shape.py'...
[7.679s] Listing '/home/furquan/eyrc_hb/hb_task_2_ws/src/eYRC-2023_Hologlyph_Bots/install/my_robot_interfaces/local/lib/python3.10/dist-packages/my_robot_interfaces/srv'...
[7.679s] Compiling '/home/furquan/eyrc_hb/hb_task_2_ws/src/eYRC-2023_Hologlyph_Bots/install/my_robot_interfaces/local/lib/python3.10/dist-packages/my_robot_interfaces/srv/__init__.py'...
[7.679s] Compiling '/home/furquan/eyrc_hb/hb_task_2_ws/src/eYRC-2023_Hologlyph_Bots/install/my_robot_interfaces/local/lib/python3.10/dist-packages/my_robot_interfaces/srv/_next_goal.py'...
[7.682s] -- Installing: /home/furquan/eyrc_hb/hb_task_2_ws/src/eYRC-2023_Hologlyph_Bots/install/my_robot_interfaces/local/lib/python3.10/dist-packages/my_robot_interfaces/my_robot_interfaces_s__rosidl_typesupport_fastrtps_c.cpython-310-x86_64-linux-gnu.so
[7.682s] -- Set runtime path of "/home/furquan/eyrc_hb/hb_task_2_ws/src/eYRC-2023_Hologlyph_Bots/install/my_robot_interfaces/local/lib/python3.10/dist-packages/my_robot_interfaces/my_robot_interfaces_s__rosidl_typesupport_fastrtps_c.cpython-310-x86_64-linux-gnu.so" to ""
[7.682s] -- Installing: /home/furquan/eyrc_hb/hb_task_2_ws/src/eYRC-2023_Hologlyph_Bots/install/my_robot_interfaces/local/lib/python3.10/dist-packages/my_robot_interfaces/my_robot_interfaces_s__rosidl_typesupport_introspection_c.cpython-310-x86_64-linux-gnu.so
[7.682s] -- Set runtime path of "/home/furquan/eyrc_hb/hb_task_2_ws/src/eYRC-2023_Hologlyph_Bots/install/my_robot_interfaces/local/lib/python3.10/dist-packages/my_robot_interfaces/my_robot_interfaces_s__rosidl_typesupport_introspection_c.cpython-310-x86_64-linux-gnu.so" to ""
[7.682s] -- Installing: /home/furquan/eyrc_hb/hb_task_2_ws/src/eYRC-2023_Hologlyph_Bots/install/my_robot_interfaces/local/lib/python3.10/dist-packages/my_robot_interfaces/my_robot_interfaces_s__rosidl_typesupport_c.cpython-310-x86_64-linux-gnu.so
[7.683s] -- Set runtime path of "/home/furquan/eyrc_hb/hb_task_2_ws/src/eYRC-2023_Hologlyph_Bots/install/my_robot_interfaces/local/lib/python3.10/dist-packages/my_robot_interfaces/my_robot_interfaces_s__rosidl_typesupport_c.cpython-310-x86_64-linux-gnu.so" to ""
[7.683s] -- Installing: /home/furquan/eyrc_hb/hb_task_2_ws/src/eYRC-2023_Hologlyph_Bots/install/my_robot_interfaces/lib/libmy_robot_interfaces__rosidl_generator_py.so
[7.683s] -- Set runtime path of "/home/furquan/eyrc_hb/hb_task_2_ws/src/eYRC-2023_Hologlyph_Bots/install/my_robot_interfaces/lib/libmy_robot_interfaces__rosidl_generator_py.so" to ""
[7.683s] -- Installing: /home/furquan/eyrc_hb/hb_task_2_ws/src/eYRC-2023_Hologlyph_Bots/install/my_robot_interfaces/share/my_robot_interfaces/srv/NextGoal.idl
[7.683s] -- Installing: /home/furquan/eyrc_hb/hb_task_2_ws/src/eYRC-2023_Hologlyph_Bots/install/my_robot_interfaces/share/my_robot_interfaces/msg/Goal.idl
[7.683s] -- Installing: /home/furquan/eyrc_hb/hb_task_2_ws/src/eYRC-2023_Hologlyph_Bots/install/my_robot_interfaces/share/my_robot_interfaces/msg/Shape.idl
[7.683s] -- Installing: /home/furquan/eyrc_hb/hb_task_2_ws/src/eYRC-2023_Hologlyph_Bots/install/my_robot_interfaces/share/my_robot_interfaces/srv/NextGoal.srv
[7.683s] -- Installing: /home/furquan/eyrc_hb/hb_task_2_ws/src/eYRC-2023_Hologlyph_Bots/install/my_robot_interfaces/share/my_robot_interfaces/srv/NextGoal_Request.msg
[7.683s] -- Installing: /home/furquan/eyrc_hb/hb_task_2_ws/src/eYRC-2023_Hologlyph_Bots/install/my_robot_interfaces/share/my_robot_interfaces/srv/NextGoal_Response.msg
[7.683s] -- Installing: /home/furquan/eyrc_hb/hb_task_2_ws/src/eYRC-2023_Hologlyph_Bots/install/my_robot_interfaces/share/my_robot_interfaces/msg/Goal.msg
[7.683s] -- Installing: /home/furquan/eyrc_hb/hb_task_2_ws/src/eYRC-2023_Hologlyph_Bots/install/my_robot_interfaces/share/my_robot_interfaces/msg/Shape.msg
[7.684s] -- Installing: /home/furquan/eyrc_hb/hb_task_2_ws/src/eYRC-2023_Hologlyph_Bots/install/my_robot_interfaces/share/ament_index/resource_index/package_run_dependencies/my_robot_interfaces
[7.684s] -- Installing: /home/furquan/eyrc_hb/hb_task_2_ws/src/eYRC-2023_Hologlyph_Bots/install/my_robot_interfaces/share/ament_index/resource_index/parent_prefix_path/my_robot_interfaces
[7.684s] -- Installing: /home/furquan/eyrc_hb/hb_task_2_ws/src/eYRC-2023_Hologlyph_Bots/install/my_robot_interfaces/share/my_robot_interfaces/environment/ament_prefix_path.sh
[7.684s] -- Installing: /home/furquan/eyrc_hb/hb_task_2_ws/src/eYRC-2023_Hologlyph_Bots/install/my_robot_interfaces/share/my_robot_interfaces/environment/ament_prefix_path.dsv
[7.684s] -- Installing: /home/furquan/eyrc_hb/hb_task_2_ws/src/eYRC-2023_Hologlyph_Bots/install/my_robot_interfaces/share/my_robot_interfaces/environment/path.sh
[7.684s] -- Installing: /home/furquan/eyrc_hb/hb_task_2_ws/src/eYRC-2023_Hologlyph_Bots/install/my_robot_interfaces/share/my_robot_interfaces/environment/path.dsv
[7.684s] -- Installing: /home/furquan/eyrc_hb/hb_task_2_ws/src/eYRC-2023_Hologlyph_Bots/install/my_robot_interfaces/share/my_robot_interfaces/local_setup.bash
[7.684s] -- Installing: /home/furquan/eyrc_hb/hb_task_2_ws/src/eYRC-2023_Hologlyph_Bots/install/my_robot_interfaces/share/my_robot_interfaces/local_setup.sh
[7.684s] -- Installing: /home/furquan/eyrc_hb/hb_task_2_ws/src/eYRC-2023_Hologlyph_Bots/install/my_robot_interfaces/share/my_robot_interfaces/local_setup.zsh
[7.684s] -- Installing: /home/furquan/eyrc_hb/hb_task_2_ws/src/eYRC-2023_Hologlyph_Bots/install/my_robot_interfaces/share/my_robot_interfaces/local_setup.dsv
[7.684s] -- Installing: /home/furquan/eyrc_hb/hb_task_2_ws/src/eYRC-2023_Hologlyph_Bots/install/my_robot_interfaces/share/my_robot_interfaces/package.dsv
[7.684s] -- Installing: /home/furquan/eyrc_hb/hb_task_2_ws/src/eYRC-2023_Hologlyph_Bots/install/my_robot_interfaces/share/ament_index/resource_index/packages/my_robot_interfaces
[7.684s] -- Installing: /home/furquan/eyrc_hb/hb_task_2_ws/src/eYRC-2023_Hologlyph_Bots/install/my_robot_interfaces/share/my_robot_interfaces/cmake/export_my_robot_interfaces__rosidl_generator_cExport.cmake
[7.684s] -- Installing: /home/furquan/eyrc_hb/hb_task_2_ws/src/eYRC-2023_Hologlyph_Bots/install/my_robot_interfaces/share/my_robot_interfaces/cmake/export_my_robot_interfaces__rosidl_generator_cExport-noconfig.cmake
[7.685s] -- Installing: /home/furquan/eyrc_hb/hb_task_2_ws/src/eYRC-2023_Hologlyph_Bots/install/my_robot_interfaces/share/my_robot_interfaces/cmake/export_my_robot_interfaces__rosidl_typesupport_fastrtps_cExport.cmake
[7.685s] -- Installing: /home/furquan/eyrc_hb/hb_task_2_ws/src/eYRC-2023_Hologlyph_Bots/install/my_robot_interfaces/share/my_robot_interfaces/cmake/export_my_robot_interfaces__rosidl_typesupport_fastrtps_cExport-noconfig.cmake
[7.685s] -- Installing: /home/furquan/eyrc_hb/hb_task_2_ws/src/eYRC-2023_Hologlyph_Bots/install/my_robot_interfaces/share/my_robot_interfaces/cmake/my_robot_interfaces__rosidl_typesupport_introspection_cExport.cmake
[7.685s] -- Installing: /home/furquan/eyrc_hb/hb_task_2_ws/src/eYRC-2023_Hologlyph_Bots/install/my_robot_interfaces/share/my_robot_interfaces/cmake/my_robot_interfaces__rosidl_typesupport_introspection_cExport-noconfig.cmake
[7.685s] -- Installing: /home/furquan/eyrc_hb/hb_task_2_ws/src/eYRC-2023_Hologlyph_Bots/install/my_robot_interfaces/share/my_robot_interfaces/cmake/my_robot_interfaces__rosidl_typesupport_cExport.cmake
[7.685s] -- Installing: /home/furquan/eyrc_hb/hb_task_2_ws/src/eYRC-2023_Hologlyph_Bots/install/my_robot_interfaces/share/my_robot_interfaces/cmake/my_robot_interfaces__rosidl_typesupport_cExport-noconfig.cmake
[7.685s] -- Installing: /home/furquan/eyrc_hb/hb_task_2_ws/src/eYRC-2023_Hologlyph_Bots/install/my_robot_interfaces/share/my_robot_interfaces/cmake/export_my_robot_interfaces__rosidl_generator_cppExport.cmake
[7.685s] -- Installing: /home/furquan/eyrc_hb/hb_task_2_ws/src/eYRC-2023_Hologlyph_Bots/install/my_robot_interfaces/share/my_robot_interfaces/cmake/export_my_robot_interfaces__rosidl_typesupport_fastrtps_cppExport.cmake
[7.685s] -- Installing: /home/furquan/eyrc_hb/hb_task_2_ws/src/eYRC-2023_Hologlyph_Bots/install/my_robot_interfaces/share/my_robot_interfaces/cmake/export_my_robot_interfaces__rosidl_typesupport_fastrtps_cppExport-noconfig.cmake
[7.685s] -- Installing: /home/furquan/eyrc_hb/hb_task_2_ws/src/eYRC-2023_Hologlyph_Bots/install/my_robot_interfaces/share/my_robot_interfaces/cmake/my_robot_interfaces__rosidl_typesupport_introspection_cppExport.cmake
[7.685s] -- Installing: /home/furquan/eyrc_hb/hb_task_2_ws/src/eYRC-2023_Hologlyph_Bots/install/my_robot_interfaces/share/my_robot_interfaces/cmake/my_robot_interfaces__rosidl_typesupport_introspection_cppExport-noconfig.cmake
[7.685s] -- Installing: /home/furquan/eyrc_hb/hb_task_2_ws/src/eYRC-2023_Hologlyph_Bots/install/my_robot_interfaces/share/my_robot_interfaces/cmake/my_robot_interfaces__rosidl_typesupport_cppExport.cmake
[7.685s] -- Installing: /home/furquan/eyrc_hb/hb_task_2_ws/src/eYRC-2023_Hologlyph_Bots/install/my_robot_interfaces/share/my_robot_interfaces/cmake/my_robot_interfaces__rosidl_typesupport_cppExport-noconfig.cmake
[7.685s] -- Installing: /home/furquan/eyrc_hb/hb_task_2_ws/src/eYRC-2023_Hologlyph_Bots/install/my_robot_interfaces/share/my_robot_interfaces/cmake/export_my_robot_interfaces__rosidl_generator_pyExport.cmake
[7.686s] -- Installing: /home/furquan/eyrc_hb/hb_task_2_ws/src/eYRC-2023_Hologlyph_Bots/install/my_robot_interfaces/share/my_robot_interfaces/cmake/export_my_robot_interfaces__rosidl_generator_pyExport-noconfig.cmake
[7.686s] -- Installing: /home/furquan/eyrc_hb/hb_task_2_ws/src/eYRC-2023_Hologlyph_Bots/install/my_robot_interfaces/share/my_robot_interfaces/cmake/rosidl_cmake-extras.cmake
[7.686s] -- Installing: /home/furquan/eyrc_hb/hb_task_2_ws/src/eYRC-2023_Hologlyph_Bots/install/my_robot_interfaces/share/my_robot_interfaces/cmake/ament_cmake_export_include_directories-extras.cmake
[7.686s] -- Installing: /home/furquan/eyrc_hb/hb_task_2_ws/src/eYRC-2023_Hologlyph_Bots/install/my_robot_interfaces/share/my_robot_interfaces/cmake/ament_cmake_export_libraries-extras.cmake
[7.686s] -- Installing: /home/furquan/eyrc_hb/hb_task_2_ws/src/eYRC-2023_Hologlyph_Bots/install/my_robot_interfaces/share/my_robot_interfaces/cmake/ament_cmake_export_targets-extras.cmake
[7.686s] -- Installing: /home/furquan/eyrc_hb/hb_task_2_ws/src/eYRC-2023_Hologlyph_Bots/install/my_robot_interfaces/share/my_robot_interfaces/cmake/rosidl_cmake_export_typesupport_targets-extras.cmake
[7.686s] -- Installing: /home/furquan/eyrc_hb/hb_task_2_ws/src/eYRC-2023_Hologlyph_Bots/install/my_robot_interfaces/share/my_robot_interfaces/cmake/ament_cmake_export_dependencies-extras.cmake
[7.686s] -- Installing: /home/furquan/eyrc_hb/hb_task_2_ws/src/eYRC-2023_Hologlyph_Bots/install/my_robot_interfaces/share/my_robot_interfaces/cmake/rosidl_cmake_export_typesupport_libraries-extras.cmake
[7.686s] -- Installing: /home/furquan/eyrc_hb/hb_task_2_ws/src/eYRC-2023_Hologlyph_Bots/install/my_robot_interfaces/share/my_robot_interfaces/cmake/my_robot_interfacesConfig.cmake
[7.686s] -- Installing: /home/furquan/eyrc_hb/hb_task_2_ws/src/eYRC-2023_Hologlyph_Bots/install/my_robot_interfaces/share/my_robot_interfaces/cmake/my_robot_interfacesConfig-version.cmake
[7.686s] -- Installing: /home/furquan/eyrc_hb/hb_task_2_ws/src/eYRC-2023_Hologlyph_Bots/install/my_robot_interfaces/share/my_robot_interfaces/package.xml
[7.688s] Invoked command in '/home/furquan/eyrc_hb/hb_task_2_ws/src/eYRC-2023_Hologlyph_Bots/build/my_robot_interfaces' returned '0': CMAKE_PREFIX_PATH=${CMAKE_PREFIX_PATH}:/home/furquan/eyrc_hb/hb_task_2_ws/install/hb_task2b:/home/furquan/eyrc_hb/hb_task_2_ws/install/hb_task2a:/home/furquan/eyrc_hb/hb_task1b_ws/install/hb_task_1b:/home/furquan/eyrc_hb/hb_task1a_ws/install/hb_task_1a:/home/furquan/ros2_ws/install/my_robot_controller:/opt/ros/humble /usr/bin/cmake --install /home/furquan/eyrc_hb/hb_task_2_ws/src/eYRC-2023_Hologlyph_Bots/build/my_robot_interfaces
