[1.397s] Invoking command in '/home/furquan/eyrc_hb/hb_task1b_ws/build/hb_task_1b': PYTHONPATH=/home/furquan/eyrc_hb/hb_task1b_ws/build/hb_task_1b/prefix_override:/home/furquan/eyrc_hb/hb_task1b_ws/install/hb_task_1b/lib/python3.10/site-packages:${PYTHONPATH} /usr/bin/python3 setup.py develop --editable --build-directory /home/furquan/eyrc_hb/hb_task1b_ws/build/hb_task_1b/build --no-deps install_data
[1.599s] running develop
[1.749s] running egg_info
[1.749s] writing hb_task_1b.egg-info/PKG-INFO
[1.749s] writing dependency_links to hb_task_1b.egg-info/dependency_links.txt
[1.749s] writing entry points to hb_task_1b.egg-info/entry_points.txt
[1.749s] writing requirements to hb_task_1b.egg-info/requires.txt
[1.749s] writing top-level names to hb_task_1b.egg-info/top_level.txt
[1.752s] reading manifest file 'hb_task_1b.egg-info/SOURCES.txt'
[1.752s] writing manifest file 'hb_task_1b.egg-info/SOURCES.txt'
[1.753s] running build_ext
[1.753s] Creating /home/furquan/eyrc_hb/hb_task1b_ws/install/hb_task_1b/lib/python3.10/site-packages/hb-task-1b.egg-link (link to .)
[1.754s] Installing joint_state_publisher script to /home/furquan/eyrc_hb/hb_task1b_ws/install/hb_task_1b/lib/hb_task_1b
[1.754s] Installing robot_state_publisher script to /home/furquan/eyrc_hb/hb_task1b_ws/install/hb_task_1b/lib/hb_task_1b
[1.754s] Installing spawn_entity script to /home/furquan/eyrc_hb/hb_task1b_ws/install/hb_task_1b/lib/hb_task_1b
[1.768s] Installing controller.py script to /home/furquan/eyrc_hb/hb_task1b_ws/install/hb_task_1b/lib/hb_task_1b
[1.769s] Installing service_node.py script to /home/furquan/eyrc_hb/hb_task1b_ws/install/hb_task_1b/lib/hb_task_1b
[1.769s] 
[1.769s] Installed /home/furquan/eyrc_hb/hb_task1b_ws/build/hb_task_1b
[1.769s] running install_data
[1.769s] copying scripts/service_node.py -> /home/furquan/eyrc_hb/hb_task1b_ws/install/hb_task_1b/share/hb_task_1b/scripts
[1.801s] Invoked command in '/home/furquan/eyrc_hb/hb_task1b_ws/build/hb_task_1b' returned '0': PYTHONPATH=/home/furquan/eyrc_hb/hb_task1b_ws/build/hb_task_1b/prefix_override:/home/furquan/eyrc_hb/hb_task1b_ws/install/hb_task_1b/lib/python3.10/site-packages:${PYTHONPATH} /usr/bin/python3 setup.py develop --editable --build-directory /home/furquan/eyrc_hb/hb_task1b_ws/build/hb_task_1b/build --no-deps install_data
