[0.433s] Invoking command in '/home/furquan/eyrc_hb/hb_task1b_ws/build/hb_task_1b': PYTHONPATH=/home/furquan/eyrc_hb/hb_task1b_ws/build/hb_task_1b/prefix_override:/home/furquan/eyrc_hb/hb_task1b_ws/install/hb_task_1b/lib/python3.10/site-packages:${PYTHONPATH} /usr/bin/python3 setup.py develop --editable --build-directory /home/furquan/eyrc_hb/hb_task1b_ws/build/hb_task_1b/build --no-deps install_data
[0.639s] running develop
[0.743s] running egg_info
[0.743s] writing hb_task_1b.egg-info/PKG-INFO
[0.743s] writing dependency_links to hb_task_1b.egg-info/dependency_links.txt
[0.743s] writing entry points to hb_task_1b.egg-info/entry_points.txt
[0.743s] writing requirements to hb_task_1b.egg-info/requires.txt
[0.744s] writing top-level names to hb_task_1b.egg-info/top_level.txt
[0.745s] reading manifest file 'hb_task_1b.egg-info/SOURCES.txt'
[0.745s] writing manifest file 'hb_task_1b.egg-info/SOURCES.txt'
[0.746s] running build_ext
[0.746s] Creating /home/furquan/eyrc_hb/hb_task1b_ws/install/hb_task_1b/lib/python3.10/site-packages/hb-task-1b.egg-link (link to .)
[0.747s] Installing joint_state_publisher script to /home/furquan/eyrc_hb/hb_task1b_ws/install/hb_task_1b/lib/hb_task_1b
[0.747s] Installing robot_state_publisher script to /home/furquan/eyrc_hb/hb_task1b_ws/install/hb_task_1b/lib/hb_task_1b
[0.747s] Installing spawn_entity script to /home/furquan/eyrc_hb/hb_task1b_ws/install/hb_task_1b/lib/hb_task_1b
[0.747s] 
[0.747s] Installed /home/furquan/eyrc_hb/hb_task1b_ws/build/hb_task_1b
[0.747s] running install_data
[0.747s] copying launch/gazebo.launch.py -> /home/furquan/eyrc_hb/hb_task1b_ws/install/hb_task_1b/share/hb_task_1b
[0.774s] Invoked command in '/home/furquan/eyrc_hb/hb_task1b_ws/build/hb_task_1b' returned '0': PYTHONPATH=/home/furquan/eyrc_hb/hb_task1b_ws/build/hb_task_1b/prefix_override:/home/furquan/eyrc_hb/hb_task1b_ws/install/hb_task_1b/lib/python3.10/site-packages:${PYTHONPATH} /usr/bin/python3 setup.py develop --editable --build-directory /home/furquan/eyrc_hb/hb_task1b_ws/build/hb_task_1b/build --no-deps install_data
