[0.216s] DEBUG:colcon:Command line arguments: ['/usr/bin/colcon', 'build', '--symlink-install']
[0.216s] DEBUG:colcon:Parsed command line arguments: Namespace(log_base=None, log_level=None, verb_name='build', build_base='build', install_base='install', merge_install=False, symlink_install=True, test_result_base=None, continue_on_error=False, executor='parallel', parallel_workers=8, event_handlers=None, ignore_user_meta=False, metas=['./colcon.meta'], base_paths=['.'], packages_ignore=None, packages_ignore_regex=None, paths=None, packages_up_to=None, packages_up_to_regex=None, packages_above=None, packages_above_and_dependencies=None, packages_above_depth=None, packages_select_by_dep=None, packages_skip_by_dep=None, packages_skip_up_to=None, packages_select_build_failed=False, packages_skip_build_finished=False, packages_select_test_failures=False, packages_skip_test_passed=False, packages_select=None, packages_skip=None, packages_select_regex=None, packages_skip_regex=None, packages_start=None, packages_end=None, allow_overriding=[], cmake_args=None, cmake_target=None, cmake_target_skip_unavailable=False, cmake_clean_cache=False, cmake_clean_first=False, cmake_force_configure=False, ament_cmake_args=None, catkin_cmake_args=None, catkin_skip_building_tests=False, verb_parser=<colcon_defaults.argument_parser.defaults.DefaultArgumentsDecorator object at 0x7fdc78c37670>, verb_extension=<colcon_core.verb.build.BuildVerb object at 0x7fdc78c37100>, main=<bound method BuildVerb.main of <colcon_core.verb.build.BuildVerb object at 0x7fdc78c37100>>)
[0.336s] Level 1:colcon.colcon_core.package_discovery:discover_packages(colcon_meta) check parameters
[0.336s] Level 1:colcon.colcon_core.package_discovery:discover_packages(recursive) check parameters
[0.336s] Level 1:colcon.colcon_core.package_discovery:discover_packages(ignore) check parameters
[0.336s] Level 1:colcon.colcon_core.package_discovery:discover_packages(path) check parameters
[0.336s] Level 1:colcon.colcon_core.package_discovery:discover_packages(colcon_meta) discover
[0.336s] Level 1:colcon.colcon_core.package_discovery:discover_packages(recursive) discover
[0.336s] INFO:colcon.colcon_core.package_discovery:Crawling recursively for packages in '/home/furquan/eyrc_hb/hb_task1b_ws'
[0.336s] Level 1:colcon.colcon_core.package_identification:_identify(.) by extensions ['ignore', 'ignore_ament_install']
[0.336s] Level 1:colcon.colcon_core.package_identification:_identify(.) by extension 'ignore'
[0.336s] Level 1:colcon.colcon_core.package_identification:_identify(.) by extension 'ignore_ament_install'
[0.336s] Level 1:colcon.colcon_core.package_identification:_identify(.) by extensions ['colcon_pkg']
[0.336s] Level 1:colcon.colcon_core.package_identification:_identify(.) by extension 'colcon_pkg'
[0.336s] Level 1:colcon.colcon_core.package_identification:_identify(.) by extensions ['colcon_meta']
[0.337s] Level 1:colcon.colcon_core.package_identification:_identify(.) by extension 'colcon_meta'
[0.337s] Level 1:colcon.colcon_core.package_identification:_identify(.) by extensions ['ros']
[0.337s] Level 1:colcon.colcon_core.package_identification:_identify(.) by extension 'ros'
[0.344s] Level 1:colcon.colcon_core.package_identification:_identify(.) by extensions ['cmake', 'python']
[0.344s] Level 1:colcon.colcon_core.package_identification:_identify(.) by extension 'cmake'
[0.344s] Level 1:colcon.colcon_core.package_identification:_identify(.) by extension 'python'
[0.344s] Level 1:colcon.colcon_core.package_identification:_identify(.) by extensions ['python_setup_py']
[0.344s] Level 1:colcon.colcon_core.package_identification:_identify(.) by extension 'python_setup_py'
[0.344s] Level 1:colcon.colcon_core.package_identification:_identify(build) by extensions ['ignore', 'ignore_ament_install']
[0.344s] Level 1:colcon.colcon_core.package_identification:_identify(build) by extension 'ignore'
[0.344s] Level 1:colcon.colcon_core.package_identification:_identify(build) ignored
[0.344s] Level 1:colcon.colcon_core.package_identification:_identify(install) by extensions ['ignore', 'ignore_ament_install']
[0.344s] Level 1:colcon.colcon_core.package_identification:_identify(install) by extension 'ignore'
[0.345s] Level 1:colcon.colcon_core.package_identification:_identify(install) ignored
[0.345s] Level 1:colcon.colcon_core.package_identification:_identify(log) by extensions ['ignore', 'ignore_ament_install']
[0.345s] Level 1:colcon.colcon_core.package_identification:_identify(log) by extension 'ignore'
[0.345s] Level 1:colcon.colcon_core.package_identification:_identify(log) ignored
[0.345s] Level 1:colcon.colcon_core.package_identification:_identify(src) by extensions ['ignore', 'ignore_ament_install']
[0.345s] Level 1:colcon.colcon_core.package_identification:_identify(src) by extension 'ignore'
[0.345s] Level 1:colcon.colcon_core.package_identification:_identify(src) by extension 'ignore_ament_install'
[0.345s] Level 1:colcon.colcon_core.package_identification:_identify(src) by extensions ['colcon_pkg']
[0.345s] Level 1:colcon.colcon_core.package_identification:_identify(src) by extension 'colcon_pkg'
[0.345s] Level 1:colcon.colcon_core.package_identification:_identify(src) by extensions ['colcon_meta']
[0.345s] Level 1:colcon.colcon_core.package_identification:_identify(src) by extension 'colcon_meta'
[0.345s] Level 1:colcon.colcon_core.package_identification:_identify(src) by extensions ['ros']
[0.345s] Level 1:colcon.colcon_core.package_identification:_identify(src) by extension 'ros'
[0.345s] Level 1:colcon.colcon_core.package_identification:_identify(src) by extensions ['cmake', 'python']
[0.345s] Level 1:colcon.colcon_core.package_identification:_identify(src) by extension 'cmake'
[0.345s] Level 1:colcon.colcon_core.package_identification:_identify(src) by extension 'python'
[0.345s] Level 1:colcon.colcon_core.package_identification:_identify(src) by extensions ['python_setup_py']
[0.345s] Level 1:colcon.colcon_core.package_identification:_identify(src) by extension 'python_setup_py'
[0.345s] Level 1:colcon.colcon_core.package_identification:_identify(src/hb_task_1b) by extensions ['ignore', 'ignore_ament_install']
[0.345s] Level 1:colcon.colcon_core.package_identification:_identify(src/hb_task_1b) by extension 'ignore'
[0.345s] Level 1:colcon.colcon_core.package_identification:_identify(src/hb_task_1b) by extension 'ignore_ament_install'
[0.345s] Level 1:colcon.colcon_core.package_identification:_identify(src/hb_task_1b) by extensions ['colcon_pkg']
[0.345s] Level 1:colcon.colcon_core.package_identification:_identify(src/hb_task_1b) by extension 'colcon_pkg'
[0.345s] Level 1:colcon.colcon_core.package_identification:_identify(src/hb_task_1b) by extensions ['colcon_meta']
[0.345s] Level 1:colcon.colcon_core.package_identification:_identify(src/hb_task_1b) by extension 'colcon_meta'
[0.345s] Level 1:colcon.colcon_core.package_identification:_identify(src/hb_task_1b) by extensions ['ros']
[0.345s] Level 1:colcon.colcon_core.package_identification:_identify(src/hb_task_1b) by extension 'ros'
[0.347s] DEBUG:colcon.colcon_core.package_identification:Found ROS schema reference in package manifest in 'src/hb_task_1b'
[0.347s] WARNING:colcon.colcon_core.package_identification:Failed to parse ROS package manifest in 'src/hb_task_1b': Error(s) in package 'src/hb_task_1b/package.xml':
Error(s):
- The generic dependency on 'rclpy' is redundant with: build_depend, build_export_depend, exec_depend
[0.347s] Level 1:colcon.colcon_core.package_identification:_identify(src/hb_task_1b) by extensions ['cmake', 'python']
[0.347s] Level 1:colcon.colcon_core.package_identification:_identify(src/hb_task_1b) by extension 'cmake'
[0.347s] Level 1:colcon.colcon_core.package_identification:_identify(src/hb_task_1b) by extension 'python'
[0.347s] DEBUG:colcon.colcon_core.package_identification:Python package in 'src/hb_task_1b' passes arguments to the setup() function which requires a different identification extension than 'python'
[0.347s] Level 1:colcon.colcon_core.package_identification:_identify(src/hb_task_1b) by extensions ['python_setup_py']
[0.347s] Level 1:colcon.colcon_core.package_identification:_identify(src/hb_task_1b) by extension 'python_setup_py'
[0.540s] DEBUG:colcon.colcon_core.package_identification:Package 'src/hb_task_1b' with type 'python' and name 'hb_task_1b'
[0.540s] Level 1:colcon.colcon_core.package_identification:_identify(src/my_robot_interfaces) by extensions ['ignore', 'ignore_ament_install']
[0.540s] Level 1:colcon.colcon_core.package_identification:_identify(src/my_robot_interfaces) by extension 'ignore'
[0.540s] Level 1:colcon.colcon_core.package_identification:_identify(src/my_robot_interfaces) by extension 'ignore_ament_install'
[0.540s] Level 1:colcon.colcon_core.package_identification:_identify(src/my_robot_interfaces) by extensions ['colcon_pkg']
[0.541s] Level 1:colcon.colcon_core.package_identification:_identify(src/my_robot_interfaces) by extension 'colcon_pkg'
[0.541s] Level 1:colcon.colcon_core.package_identification:_identify(src/my_robot_interfaces) by extensions ['colcon_meta']
[0.541s] Level 1:colcon.colcon_core.package_identification:_identify(src/my_robot_interfaces) by extension 'colcon_meta'
[0.541s] Level 1:colcon.colcon_core.package_identification:_identify(src/my_robot_interfaces) by extensions ['ros']
[0.541s] Level 1:colcon.colcon_core.package_identification:_identify(src/my_robot_interfaces) by extension 'ros'
[0.542s] DEBUG:colcon.colcon_core.package_identification:Package 'src/my_robot_interfaces' with type 'ros.ament_cmake' and name 'my_robot_interfaces'
[0.542s] Level 1:colcon.colcon_core.package_discovery:discover_packages(recursive) using defaults
[0.542s] Level 1:colcon.colcon_core.package_discovery:discover_packages(ignore) discover
[0.542s] Level 1:colcon.colcon_core.package_discovery:discover_packages(ignore) using defaults
[0.542s] Level 1:colcon.colcon_core.package_discovery:discover_packages(path) discover
[0.542s] Level 1:colcon.colcon_core.package_discovery:discover_packages(path) using defaults
[0.558s] Level 1:colcon.colcon_core.package_discovery:discover_packages(prefix_path) check parameters
[0.558s] Level 1:colcon.colcon_core.package_discovery:discover_packages(prefix_path) discover
[0.588s] DEBUG:colcon.colcon_installed_package_information.package_discovery:Found 2 installed packages in /home/furquan/eyrc_hb/hb_task1b_ws/install
[0.590s] DEBUG:colcon.colcon_installed_package_information.package_discovery:Found 2 installed packages in /home/furquan/eyrc_hb/hb_task1a_ws/install
[0.591s] DEBUG:colcon.colcon_installed_package_information.package_discovery:Found 1 installed packages in /home/furquan/ros2_ws/install
[0.594s] DEBUG:colcon.colcon_installed_package_information.package_discovery:Found 280 installed packages in /opt/ros/humble
[0.596s] Level 1:colcon.colcon_core.package_discovery:discover_packages(prefix_path) using defaults
[0.705s] Level 5:colcon.colcon_core.verb:set package 'hb_task_1b' build argument 'cmake_args' from command line to 'None'
[0.705s] Level 5:colcon.colcon_core.verb:set package 'hb_task_1b' build argument 'cmake_target' from command line to 'None'
[0.705s] Level 5:colcon.colcon_core.verb:set package 'hb_task_1b' build argument 'cmake_target_skip_unavailable' from command line to 'False'
[0.705s] Level 5:colcon.colcon_core.verb:set package 'hb_task_1b' build argument 'cmake_clean_cache' from command line to 'False'
[0.706s] Level 5:colcon.colcon_core.verb:set package 'hb_task_1b' build argument 'cmake_clean_first' from command line to 'False'
[0.706s] Level 5:colcon.colcon_core.verb:set package 'hb_task_1b' build argument 'cmake_force_configure' from command line to 'False'
[0.706s] Level 5:colcon.colcon_core.verb:set package 'hb_task_1b' build argument 'ament_cmake_args' from command line to 'None'
[0.706s] Level 5:colcon.colcon_core.verb:set package 'hb_task_1b' build argument 'catkin_cmake_args' from command line to 'None'
[0.706s] Level 5:colcon.colcon_core.verb:set package 'hb_task_1b' build argument 'catkin_skip_building_tests' from command line to 'False'
[0.706s] DEBUG:colcon.colcon_core.verb:Building package 'hb_task_1b' with the following arguments: {'ament_cmake_args': None, 'build_base': '/home/furquan/eyrc_hb/hb_task1b_ws/build/hb_task_1b', 'catkin_cmake_args': None, 'catkin_skip_building_tests': False, 'cmake_args': None, 'cmake_clean_cache': False, 'cmake_clean_first': False, 'cmake_force_configure': False, 'cmake_target': None, 'cmake_target_skip_unavailable': False, 'install_base': '/home/furquan/eyrc_hb/hb_task1b_ws/install/hb_task_1b', 'merge_install': False, 'path': '/home/furquan/eyrc_hb/hb_task1b_ws/src/hb_task_1b', 'symlink_install': True, 'test_result_base': None}
[0.706s] Level 5:colcon.colcon_core.verb:set package 'my_robot_interfaces' build argument 'cmake_args' from command line to 'None'
[0.706s] Level 5:colcon.colcon_core.verb:set package 'my_robot_interfaces' build argument 'cmake_target' from command line to 'None'
[0.706s] Level 5:colcon.colcon_core.verb:set package 'my_robot_interfaces' build argument 'cmake_target_skip_unavailable' from command line to 'False'
[0.706s] Level 5:colcon.colcon_core.verb:set package 'my_robot_interfaces' build argument 'cmake_clean_cache' from command line to 'False'
[0.706s] Level 5:colcon.colcon_core.verb:set package 'my_robot_interfaces' build argument 'cmake_clean_first' from command line to 'False'
[0.706s] Level 5:colcon.colcon_core.verb:set package 'my_robot_interfaces' build argument 'cmake_force_configure' from command line to 'False'
[0.706s] Level 5:colcon.colcon_core.verb:set package 'my_robot_interfaces' build argument 'ament_cmake_args' from command line to 'None'
[0.706s] Level 5:colcon.colcon_core.verb:set package 'my_robot_interfaces' build argument 'catkin_cmake_args' from command line to 'None'
[0.706s] Level 5:colcon.colcon_core.verb:set package 'my_robot_interfaces' build argument 'catkin_skip_building_tests' from command line to 'False'
[0.706s] DEBUG:colcon.colcon_core.verb:Building package 'my_robot_interfaces' with the following arguments: {'ament_cmake_args': None, 'build_base': '/home/furquan/eyrc_hb/hb_task1b_ws/build/my_robot_interfaces', 'catkin_cmake_args': None, 'catkin_skip_building_tests': False, 'cmake_args': None, 'cmake_clean_cache': False, 'cmake_clean_first': False, 'cmake_force_configure': False, 'cmake_target': None, 'cmake_target_skip_unavailable': False, 'install_base': '/home/furquan/eyrc_hb/hb_task1b_ws/install/my_robot_interfaces', 'merge_install': False, 'path': '/home/furquan/eyrc_hb/hb_task1b_ws/src/my_robot_interfaces', 'symlink_install': True, 'test_result_base': None}
[0.707s] INFO:colcon.colcon_core.executor:Executing jobs using 'parallel' executor
[0.709s] DEBUG:colcon.colcon_parallel_executor.executor.parallel:run_until_complete
[0.711s] INFO:colcon.colcon_core.task.python.build:Building Python package in '/home/furquan/eyrc_hb/hb_task1b_ws/src/hb_task_1b'
[0.725s] INFO:colcon.colcon_core.plugin_system:Skipping extension 'colcon_core.shell.bat': Not used on non-Windows systems
[0.726s] INFO:colcon.colcon_core.shell:Skip shell extension 'powershell' for command environment: Not usable outside of PowerShell
[0.726s] DEBUG:colcon.colcon_core.shell:Skip shell extension 'dsv' for command environment
[0.740s] INFO:colcon.colcon_ros.task.ament_cmake.build:Building ROS package in '/home/furquan/eyrc_hb/hb_task1b_ws/src/my_robot_interfaces' with build type 'ament_cmake'
[0.740s] INFO:colcon.colcon_cmake.task.cmake.build:Building CMake package in '/home/furquan/eyrc_hb/hb_task1b_ws/src/my_robot_interfaces'
[0.741s] INFO:colcon.colcon_core.shell:Skip shell extension 'powershell' for command environment: Not usable outside of PowerShell
[0.741s] DEBUG:colcon.colcon_core.shell:Skip shell extension 'dsv' for command environment
[0.950s] DEBUG:colcon.colcon_core.event_handler.log_command:Invoking command in '/home/furquan/eyrc_hb/hb_task1b_ws/build/my_robot_interfaces': CMAKE_PREFIX_PATH=${CMAKE_PREFIX_PATH}:/home/furquan/eyrc_hb/hb_task1b_ws/install/hb_task_1b:/home/furquan/eyrc_hb/hb_task1a_ws/install/hb_task_1a:/home/furquan/ros2_ws/install/my_robot_controller:/opt/ros/humble /usr/bin/cmake --build /home/furquan/eyrc_hb/hb_task1b_ws/build/my_robot_interfaces -- -j8 -l8
[1.970s] DEBUG:colcon.colcon_core.event_handler.log_command:Invoking command in '/home/furquan/eyrc_hb/hb_task1b_ws/build/hb_task_1b': PYTHONPATH=/home/furquan/eyrc_hb/hb_task1b_ws/build/hb_task_1b/prefix_override:/home/furquan/eyrc_hb/hb_task1b_ws/install/hb_task_1b/lib/python3.10/site-packages:${PYTHONPATH} /usr/bin/python3 setup.py develop --editable --build-directory /home/furquan/eyrc_hb/hb_task1b_ws/build/hb_task_1b/build --no-deps install_data
[2.094s] DEBUG:colcon.colcon_core.event_handler.log_command:Invoked command in '/home/furquan/eyrc_hb/hb_task1b_ws/build/my_robot_interfaces' returned '0': CMAKE_PREFIX_PATH=${CMAKE_PREFIX_PATH}:/home/furquan/eyrc_hb/hb_task1b_ws/install/hb_task_1b:/home/furquan/eyrc_hb/hb_task1a_ws/install/hb_task_1a:/home/furquan/ros2_ws/install/my_robot_controller:/opt/ros/humble /usr/bin/cmake --build /home/furquan/eyrc_hb/hb_task1b_ws/build/my_robot_interfaces -- -j8 -l8
[2.144s] DEBUG:colcon.colcon_core.event_handler.log_command:Invoking command in '/home/furquan/eyrc_hb/hb_task1b_ws/build/my_robot_interfaces': CMAKE_PREFIX_PATH=${CMAKE_PREFIX_PATH}:/home/furquan/eyrc_hb/hb_task1b_ws/install/hb_task_1b:/home/furquan/eyrc_hb/hb_task1a_ws/install/hb_task_1a:/home/furquan/ros2_ws/install/my_robot_controller:/opt/ros/humble /usr/bin/cmake --install /home/furquan/eyrc_hb/hb_task1b_ws/build/my_robot_interfaces
[2.294s] Level 1:colcon.colcon_core.environment:create_environment_scripts_only(my_robot_interfaces)
[2.295s] DEBUG:colcon.colcon_core.event_handler.log_command:Invoked command in '/home/furquan/eyrc_hb/hb_task1b_ws/build/my_robot_interfaces' returned '0': CMAKE_PREFIX_PATH=${CMAKE_PREFIX_PATH}:/home/furquan/eyrc_hb/hb_task1b_ws/install/hb_task_1b:/home/furquan/eyrc_hb/hb_task1a_ws/install/hb_task_1a:/home/furquan/ros2_ws/install/my_robot_controller:/opt/ros/humble /usr/bin/cmake --install /home/furquan/eyrc_hb/hb_task1b_ws/build/my_robot_interfaces
[2.301s] Level 1:colcon.colcon_core.environment:checking '/home/furquan/eyrc_hb/hb_task1b_ws/install/my_robot_interfaces' for CMake module files
[2.301s] Level 1:colcon.colcon_core.environment:checking '/home/furquan/eyrc_hb/hb_task1b_ws/install/my_robot_interfaces' for CMake config files
[2.301s] Level 1:colcon.colcon_core.shell:create_environment_hook('my_robot_interfaces', 'cmake_prefix_path')
[2.303s] INFO:colcon.colcon_core.shell:Creating environment hook '/home/furquan/eyrc_hb/hb_task1b_ws/install/my_robot_interfaces/share/my_robot_interfaces/hook/cmake_prefix_path.ps1'
[2.315s] INFO:colcon.colcon_core.shell:Creating environment descriptor '/home/furquan/eyrc_hb/hb_task1b_ws/install/my_robot_interfaces/share/my_robot_interfaces/hook/cmake_prefix_path.dsv'
[2.315s] INFO:colcon.colcon_core.shell:Creating environment hook '/home/furquan/eyrc_hb/hb_task1b_ws/install/my_robot_interfaces/share/my_robot_interfaces/hook/cmake_prefix_path.sh'
[2.316s] Level 1:colcon.colcon_core.environment:checking '/home/furquan/eyrc_hb/hb_task1b_ws/install/my_robot_interfaces/lib'
[2.316s] Level 1:colcon.colcon_core.shell:create_environment_hook('my_robot_interfaces', 'ld_library_path_lib')
[2.317s] INFO:colcon.colcon_core.shell:Creating environment hook '/home/furquan/eyrc_hb/hb_task1b_ws/install/my_robot_interfaces/share/my_robot_interfaces/hook/ld_library_path_lib.ps1'
[2.318s] INFO:colcon.colcon_core.shell:Creating environment descriptor '/home/furquan/eyrc_hb/hb_task1b_ws/install/my_robot_interfaces/share/my_robot_interfaces/hook/ld_library_path_lib.dsv'
[2.318s] INFO:colcon.colcon_core.shell:Creating environment hook '/home/furquan/eyrc_hb/hb_task1b_ws/install/my_robot_interfaces/share/my_robot_interfaces/hook/ld_library_path_lib.sh'
[2.318s] Level 1:colcon.colcon_core.environment:checking '/home/furquan/eyrc_hb/hb_task1b_ws/install/my_robot_interfaces/bin'
[2.318s] Level 1:colcon.colcon_core.environment:checking '/home/furquan/eyrc_hb/hb_task1b_ws/install/my_robot_interfaces/lib/pkgconfig/my_robot_interfaces.pc'
[2.318s] Level 1:colcon.colcon_core.environment:checking '/home/furquan/eyrc_hb/hb_task1b_ws/install/my_robot_interfaces/lib/python3.10/site-packages'
[2.319s] Level 1:colcon.colcon_core.environment:checking '/home/furquan/eyrc_hb/hb_task1b_ws/install/my_robot_interfaces/bin'
[2.320s] INFO:colcon.colcon_core.shell:Creating package script '/home/furquan/eyrc_hb/hb_task1b_ws/install/my_robot_interfaces/share/my_robot_interfaces/package.ps1'
[2.320s] INFO:colcon.colcon_core.shell:Creating package descriptor '/home/furquan/eyrc_hb/hb_task1b_ws/install/my_robot_interfaces/share/my_robot_interfaces/package.dsv'
[2.321s] INFO:colcon.colcon_core.shell:Creating package script '/home/furquan/eyrc_hb/hb_task1b_ws/install/my_robot_interfaces/share/my_robot_interfaces/package.sh'
[2.322s] INFO:colcon.colcon_core.shell:Creating package script '/home/furquan/eyrc_hb/hb_task1b_ws/install/my_robot_interfaces/share/my_robot_interfaces/package.bash'
[2.330s] INFO:colcon.colcon_core.shell:Creating package script '/home/furquan/eyrc_hb/hb_task1b_ws/install/my_robot_interfaces/share/my_robot_interfaces/package.zsh'
[2.341s] Level 1:colcon.colcon_core.environment:create_file_with_runtime_dependencies(/home/furquan/eyrc_hb/hb_task1b_ws/install/my_robot_interfaces/share/colcon-core/packages/my_robot_interfaces)
[2.390s] Level 1:colcon.colcon_core.environment:create_environment_scripts_only(my_robot_interfaces)
[2.393s] Level 1:colcon.colcon_core.environment:checking '/home/furquan/eyrc_hb/hb_task1b_ws/install/my_robot_interfaces' for CMake module files
[2.395s] Level 1:colcon.colcon_core.environment:checking '/home/furquan/eyrc_hb/hb_task1b_ws/install/my_robot_interfaces' for CMake config files
[2.396s] Level 1:colcon.colcon_core.shell:create_environment_hook('my_robot_interfaces', 'cmake_prefix_path')
[2.398s] INFO:colcon.colcon_core.shell:Creating environment hook '/home/furquan/eyrc_hb/hb_task1b_ws/install/my_robot_interfaces/share/my_robot_interfaces/hook/cmake_prefix_path.ps1'
[2.399s] INFO:colcon.colcon_core.shell:Creating environment descriptor '/home/furquan/eyrc_hb/hb_task1b_ws/install/my_robot_interfaces/share/my_robot_interfaces/hook/cmake_prefix_path.dsv'
[2.400s] INFO:colcon.colcon_core.shell:Creating environment hook '/home/furquan/eyrc_hb/hb_task1b_ws/install/my_robot_interfaces/share/my_robot_interfaces/hook/cmake_prefix_path.sh'
[2.401s] Level 1:colcon.colcon_core.environment:checking '/home/furquan/eyrc_hb/hb_task1b_ws/install/my_robot_interfaces/lib'
[2.401s] Level 1:colcon.colcon_core.shell:create_environment_hook('my_robot_interfaces', 'ld_library_path_lib')
[2.403s] INFO:colcon.colcon_core.shell:Creating environment hook '/home/furquan/eyrc_hb/hb_task1b_ws/install/my_robot_interfaces/share/my_robot_interfaces/hook/ld_library_path_lib.ps1'
[2.404s] INFO:colcon.colcon_core.shell:Creating environment descriptor '/home/furquan/eyrc_hb/hb_task1b_ws/install/my_robot_interfaces/share/my_robot_interfaces/hook/ld_library_path_lib.dsv'
[2.404s] INFO:colcon.colcon_core.shell:Creating environment hook '/home/furquan/eyrc_hb/hb_task1b_ws/install/my_robot_interfaces/share/my_robot_interfaces/hook/ld_library_path_lib.sh'
[2.405s] Level 1:colcon.colcon_core.environment:checking '/home/furquan/eyrc_hb/hb_task1b_ws/install/my_robot_interfaces/bin'
[2.405s] Level 1:colcon.colcon_core.environment:checking '/home/furquan/eyrc_hb/hb_task1b_ws/install/my_robot_interfaces/lib/pkgconfig/my_robot_interfaces.pc'
[2.405s] Level 1:colcon.colcon_core.environment:checking '/home/furquan/eyrc_hb/hb_task1b_ws/install/my_robot_interfaces/lib/python3.10/site-packages'
[2.405s] Level 1:colcon.colcon_core.environment:checking '/home/furquan/eyrc_hb/hb_task1b_ws/install/my_robot_interfaces/bin'
[2.407s] INFO:colcon.colcon_core.shell:Creating package script '/home/furquan/eyrc_hb/hb_task1b_ws/install/my_robot_interfaces/share/my_robot_interfaces/package.ps1'
[2.408s] INFO:colcon.colcon_core.shell:Creating package descriptor '/home/furquan/eyrc_hb/hb_task1b_ws/install/my_robot_interfaces/share/my_robot_interfaces/package.dsv'
[2.409s] INFO:colcon.colcon_core.shell:Creating package script '/home/furquan/eyrc_hb/hb_task1b_ws/install/my_robot_interfaces/share/my_robot_interfaces/package.sh'
[2.410s] INFO:colcon.colcon_core.shell:Creating package script '/home/furquan/eyrc_hb/hb_task1b_ws/install/my_robot_interfaces/share/my_robot_interfaces/package.bash'
[2.410s] INFO:colcon.colcon_core.shell:Creating package script '/home/furquan/eyrc_hb/hb_task1b_ws/install/my_robot_interfaces/share/my_robot_interfaces/package.zsh'
[2.411s] Level 1:colcon.colcon_core.environment:create_file_with_runtime_dependencies(/home/furquan/eyrc_hb/hb_task1b_ws/install/my_robot_interfaces/share/colcon-core/packages/my_robot_interfaces)
[2.446s] Level 1:colcon.colcon_core.shell:create_environment_hook('hb_task_1b', 'pythonpath_develop')
[2.448s] INFO:colcon.colcon_core.shell:Creating environment hook '/home/furquan/eyrc_hb/hb_task1b_ws/build/hb_task_1b/share/hb_task_1b/hook/pythonpath_develop.ps1'
[2.448s] DEBUG:colcon.colcon_core.event_handler.log_command:Invoked command in '/home/furquan/eyrc_hb/hb_task1b_ws/build/hb_task_1b' returned '0': PYTHONPATH=/home/furquan/eyrc_hb/hb_task1b_ws/build/hb_task_1b/prefix_override:/home/furquan/eyrc_hb/hb_task1b_ws/install/hb_task_1b/lib/python3.10/site-packages:${PYTHONPATH} /usr/bin/python3 setup.py develop --editable --build-directory /home/furquan/eyrc_hb/hb_task1b_ws/build/hb_task_1b/build --no-deps install_data
[2.449s] INFO:colcon.colcon_core.shell:Creating environment descriptor '/home/furquan/eyrc_hb/hb_task1b_ws/build/hb_task_1b/share/hb_task_1b/hook/pythonpath_develop.dsv'
[2.449s] INFO:colcon.colcon_core.shell:Creating environment hook '/home/furquan/eyrc_hb/hb_task1b_ws/build/hb_task_1b/share/hb_task_1b/hook/pythonpath_develop.sh'
[2.451s] Level 1:colcon.colcon_core.environment:checking '/home/furquan/eyrc_hb/hb_task1b_ws/install/hb_task_1b' for CMake module files
[2.451s] Level 1:colcon.colcon_core.environment:checking '/home/furquan/eyrc_hb/hb_task1b_ws/install/hb_task_1b' for CMake config files
[2.451s] Level 1:colcon.colcon_core.environment:checking '/home/furquan/eyrc_hb/hb_task1b_ws/install/hb_task_1b/lib'
[2.452s] Level 1:colcon.colcon_core.environment:checking '/home/furquan/eyrc_hb/hb_task1b_ws/install/hb_task_1b/bin'
[2.452s] Level 1:colcon.colcon_core.environment:checking '/home/furquan/eyrc_hb/hb_task1b_ws/install/hb_task_1b/lib/pkgconfig/hb_task_1b.pc'
[2.452s] Level 1:colcon.colcon_core.environment:checking '/home/furquan/eyrc_hb/hb_task1b_ws/install/hb_task_1b/lib/python3.10/site-packages'
[2.452s] Level 1:colcon.colcon_core.shell:create_environment_hook('hb_task_1b', 'pythonpath')
[2.453s] INFO:colcon.colcon_core.shell:Creating environment hook '/home/furquan/eyrc_hb/hb_task1b_ws/install/hb_task_1b/share/hb_task_1b/hook/pythonpath.ps1'
[2.453s] INFO:colcon.colcon_core.shell:Creating environment descriptor '/home/furquan/eyrc_hb/hb_task1b_ws/install/hb_task_1b/share/hb_task_1b/hook/pythonpath.dsv'
[2.454s] INFO:colcon.colcon_core.shell:Creating environment hook '/home/furquan/eyrc_hb/hb_task1b_ws/install/hb_task_1b/share/hb_task_1b/hook/pythonpath.sh'
[2.454s] Level 1:colcon.colcon_core.environment:checking '/home/furquan/eyrc_hb/hb_task1b_ws/install/hb_task_1b/bin'
[2.454s] Level 1:colcon.colcon_core.environment:create_environment_scripts_only(hb_task_1b)
[2.455s] INFO:colcon.colcon_core.shell:Creating package script '/home/furquan/eyrc_hb/hb_task1b_ws/install/hb_task_1b/share/hb_task_1b/package.ps1'
[2.456s] INFO:colcon.colcon_core.shell:Creating package descriptor '/home/furquan/eyrc_hb/hb_task1b_ws/install/hb_task_1b/share/hb_task_1b/package.dsv'
[2.456s] INFO:colcon.colcon_core.shell:Creating package script '/home/furquan/eyrc_hb/hb_task1b_ws/install/hb_task_1b/share/hb_task_1b/package.sh'
[2.456s] INFO:colcon.colcon_core.shell:Creating package script '/home/furquan/eyrc_hb/hb_task1b_ws/install/hb_task_1b/share/hb_task_1b/package.bash'
[2.457s] INFO:colcon.colcon_core.shell:Creating package script '/home/furquan/eyrc_hb/hb_task1b_ws/install/hb_task_1b/share/hb_task_1b/package.zsh'
[2.457s] Level 1:colcon.colcon_core.environment:create_file_with_runtime_dependencies(/home/furquan/eyrc_hb/hb_task1b_ws/install/hb_task_1b/share/colcon-core/packages/hb_task_1b)
[2.458s] DEBUG:colcon.colcon_parallel_executor.executor.parallel:closing loop
[2.458s] DEBUG:colcon.colcon_parallel_executor.executor.parallel:loop closed
[2.458s] DEBUG:colcon.colcon_parallel_executor.executor.parallel:run_until_complete finished with '0'
[2.459s] DEBUG:colcon.colcon_core.event_reactor:joining thread
[2.477s] INFO:colcon.colcon_core.plugin_system:Skipping extension 'colcon_notification.desktop_notification.terminal_notifier': Not used on non-Darwin systems
[2.478s] INFO:colcon.colcon_core.plugin_system:Skipping extension 'colcon_notification.desktop_notification.win32': Not used on non-Windows systems
[2.478s] INFO:colcon.colcon_notification.desktop_notification:Sending desktop notification using 'notify2'
[2.491s] DEBUG:colcon.colcon_core.event_reactor:joined thread
[2.492s] INFO:colcon.colcon_core.shell:Creating prefix script '/home/furquan/eyrc_hb/hb_task1b_ws/install/local_setup.ps1'
[2.493s] INFO:colcon.colcon_core.shell:Creating prefix util module '/home/furquan/eyrc_hb/hb_task1b_ws/install/_local_setup_util_ps1.py'
[2.495s] INFO:colcon.colcon_core.shell:Creating prefix chain script '/home/furquan/eyrc_hb/hb_task1b_ws/install/setup.ps1'
[2.497s] INFO:colcon.colcon_core.shell:Creating prefix script '/home/furquan/eyrc_hb/hb_task1b_ws/install/local_setup.sh'
[2.506s] INFO:colcon.colcon_core.shell:Creating prefix util module '/home/furquan/eyrc_hb/hb_task1b_ws/install/_local_setup_util_sh.py'
[2.506s] INFO:colcon.colcon_core.shell:Creating prefix chain script '/home/furquan/eyrc_hb/hb_task1b_ws/install/setup.sh'
[2.507s] INFO:colcon.colcon_core.shell:Creating prefix script '/home/furquan/eyrc_hb/hb_task1b_ws/install/local_setup.bash'
[2.508s] INFO:colcon.colcon_core.shell:Creating prefix chain script '/home/furquan/eyrc_hb/hb_task1b_ws/install/setup.bash'
[2.509s] INFO:colcon.colcon_core.shell:Creating prefix script '/home/furquan/eyrc_hb/hb_task1b_ws/install/local_setup.zsh'
[2.509s] INFO:colcon.colcon_core.shell:Creating prefix chain script '/home/furquan/eyrc_hb/hb_task1b_ws/install/setup.zsh'
