[0.409s] Invoking command in '/home/furquan/eyrc_hb/hb_task1b_ws/build/hb_task_1b': PYTHONPATH=/home/furquan/eyrc_hb/hb_task1b_ws/build/hb_task_1b/prefix_override:/home/furquan/eyrc_hb/hb_task1b_ws/install/hb_task_1b/lib/python3.10/site-packages:${PYTHONPATH} /usr/bin/python3 setup.py develop --editable --build-directory /home/furquan/eyrc_hb/hb_task1b_ws/build/hb_task_1b/build --no-deps install_data
[0.580s] running develop
[0.674s] running egg_info
[0.674s] creating hb_task_1b.egg-info
[0.675s] writing hb_task_1b.egg-info/PKG-INFO
[0.675s] writing dependency_links to hb_task_1b.egg-info/dependency_links.txt
[0.675s] writing entry points to hb_task_1b.egg-info/entry_points.txt
[0.675s] writing requirements to hb_task_1b.egg-info/requires.txt
[0.675s] writing top-level names to hb_task_1b.egg-info/top_level.txt
[0.675s] writing manifest file 'hb_task_1b.egg-info/SOURCES.txt'
[0.676s] reading manifest file 'hb_task_1b.egg-info/SOURCES.txt'
[0.676s] writing manifest file 'hb_task_1b.egg-info/SOURCES.txt'
[0.677s] running build_ext
[0.677s] Creating /home/furquan/eyrc_hb/hb_task1b_ws/install/hb_task_1b/lib/python3.10/site-packages/hb-task-1b.egg-link (link to .)
[0.678s] 
[0.678s] Installed /home/furquan/eyrc_hb/hb_task1b_ws/build/hb_task_1b
[0.678s] running install_data
[0.678s] creating /home/furquan/eyrc_hb/hb_task1b_ws/install/hb_task_1b/share/ament_index
[0.678s] creating /home/furquan/eyrc_hb/hb_task1b_ws/install/hb_task_1b/share/ament_index/resource_index
[0.678s] creating /home/furquan/eyrc_hb/hb_task1b_ws/install/hb_task_1b/share/ament_index/resource_index/packages
[0.678s] copying resource/hb_task_1b -> /home/furquan/eyrc_hb/hb_task1b_ws/install/hb_task_1b/share/ament_index/resource_index/packages
[0.678s] copying package.xml -> /home/furquan/eyrc_hb/hb_task1b_ws/install/hb_task_1b/share/hb_task_1b
[0.704s] Invoked command in '/home/furquan/eyrc_hb/hb_task1b_ws/build/hb_task_1b' returned '0': PYTHONPATH=/home/furquan/eyrc_hb/hb_task1b_ws/build/hb_task_1b/prefix_override:/home/furquan/eyrc_hb/hb_task1b_ws/install/hb_task_1b/lib/python3.10/site-packages:${PYTHONPATH} /usr/bin/python3 setup.py develop --editable --build-directory /home/furquan/eyrc_hb/hb_task1b_ws/build/hb_task_1b/build --no-deps install_data
