[0.385s] Invoking command in '/home/furquan/eyrc_hb/hb_task_2_ws/src/build/hb_world': CMAKE_PREFIX_PATH=${CMAKE_PREFIX_PATH}:/home/furquan/eyrc_hb/hb_task_2_ws/install/hb_task2b:/home/furquan/eyrc_hb/hb_task_2_ws/install/hb_task2a:/home/furquan/eyrc_hb/hb_task1b_ws/install/hb_task_1b:/home/furquan/eyrc_hb/hb_task1a_ws/install/hb_task_1a:/home/furquan/ros2_ws/install/my_robot_controller:/opt/ros/humble /usr/bin/cmake /home/furquan/eyrc_hb/hb_task_2_ws/src/hb_world -DAMENT_CMAKE_SYMLINK_INSTALL=1 -DCMAKE_INSTALL_PREFIX=/home/furquan/eyrc_hb/hb_task_2_ws/src/install/hb_world
[1.017s] -- The C compiler identification is GNU 11.4.0
[1.450s] -- The CXX compiler identification is GNU 11.4.0
[1.462s] -- Detecting C compiler ABI info
[1.665s] -- Detecting C compiler ABI info - done
[1.670s] -- Check for working C compiler: /usr/bin/cc - skipped
[1.670s] -- Detecting C compile features
[1.679s] -- Detecting C compile features - done
[1.683s] -- Detecting CXX compiler ABI info
[1.838s] -- Detecting CXX compiler ABI info - done
[1.851s] -- Check for working CXX compiler: /usr/bin/c++ - skipped
[1.851s] -- Detecting CXX compile features
[1.852s] -- Detecting CXX compile features - done
[1.936s] -- Found ament_cmake: 1.3.5 (/opt/ros/humble/share/ament_cmake/cmake)
[2.247s] -- Found Python3: /usr/bin/python3.10 (found version "3.10.12") found components: Interpreter 
[2.403s] -- Override CMake install command with custom implementation using symlinks instead of copying resources
[2.591s] -- Found rclcpp: 16.0.5 (/opt/ros/humble/share/rclcpp/cmake)
[2.945s] -- Found rosidl_generator_c: 3.1.5 (/opt/ros/humble/share/rosidl_generator_c/cmake)
[2.952s] -- Found rosidl_adapter: 3.1.5 (/opt/ros/humble/share/rosidl_adapter/cmake)
[2.984s] -- Found rosidl_generator_cpp: 3.1.5 (/opt/ros/humble/share/rosidl_generator_cpp/cmake)
[3.077s] -- Using all available rosidl_typesupport_c: rosidl_typesupport_fastrtps_c;rosidl_typesupport_introspection_c
[3.092s] -- Using all available rosidl_typesupport_cpp: rosidl_typesupport_fastrtps_cpp;rosidl_typesupport_introspection_cpp
[3.361s] -- Found rmw_implementation_cmake: 6.1.1 (/opt/ros/humble/share/rmw_implementation_cmake/cmake)
[3.368s] -- Found rmw_fastrtps_cpp: 6.2.3 (/opt/ros/humble/share/rmw_fastrtps_cpp/cmake)
[3.743s] -- Found OpenSSL: /usr/lib/x86_64-linux-gnu/libcrypto.so (found version "3.0.2")  
[3.781s] -- Found FastRTPS: /opt/ros/humble/include  
[3.817s] -- Using RMW implementation 'rmw_fastrtps_cpp' as default
[3.914s] -- Looking for pthread.h
[3.983s] -- Looking for pthread.h - found
[3.984s] -- Performing Test CMAKE_HAVE_LIBC_PTHREAD
[4.048s] -- Performing Test CMAKE_HAVE_LIBC_PTHREAD - Success
[4.049s] -- Found Threads: TRUE  
[4.266s] -- Found rclpy: 3.3.9 (/opt/ros/humble/share/rclpy/cmake)
[4.292s] -- Found urdf: 2.6.0 (/opt/ros/humble/share/urdf/cmake)
[4.486s] -- Found xacro: 2.0.8 (/opt/ros/humble/share/xacro/cmake)
[4.496s] -- Found ament_lint_auto: 0.12.7 (/opt/ros/humble/share/ament_lint_auto/cmake)
[4.653s] -- Added test 'flake8' to check Python code syntax and style conventions
[4.654s] -- Added test 'lint_cmake' to check CMake code style
[4.655s] -- Added test 'pep257' to check Python code against some of the docstring style conventions in PEP 257
[4.657s] -- Added test 'xmllint' to check XML markup files
[4.660s] -- Configuring done
[4.665s] -- Generating done
[4.667s] -- Build files have been written to: /home/furquan/eyrc_hb/hb_task_2_ws/src/build/hb_world
[4.678s] Invoked command in '/home/furquan/eyrc_hb/hb_task_2_ws/src/build/hb_world' returned '0': CMAKE_PREFIX_PATH=${CMAKE_PREFIX_PATH}:/home/furquan/eyrc_hb/hb_task_2_ws/install/hb_task2b:/home/furquan/eyrc_hb/hb_task_2_ws/install/hb_task2a:/home/furquan/eyrc_hb/hb_task1b_ws/install/hb_task_1b:/home/furquan/eyrc_hb/hb_task1a_ws/install/hb_task_1a:/home/furquan/ros2_ws/install/my_robot_controller:/opt/ros/humble /usr/bin/cmake /home/furquan/eyrc_hb/hb_task_2_ws/src/hb_world -DAMENT_CMAKE_SYMLINK_INSTALL=1 -DCMAKE_INSTALL_PREFIX=/home/furquan/eyrc_hb/hb_task_2_ws/src/install/hb_world
[4.679s] Invoking command in '/home/furquan/eyrc_hb/hb_task_2_ws/src/build/hb_world': CMAKE_PREFIX_PATH=${CMAKE_PREFIX_PATH}:/home/furquan/eyrc_hb/hb_task_2_ws/install/hb_task2b:/home/furquan/eyrc_hb/hb_task_2_ws/install/hb_task2a:/home/furquan/eyrc_hb/hb_task1b_ws/install/hb_task_1b:/home/furquan/eyrc_hb/hb_task1a_ws/install/hb_task_1a:/home/furquan/ros2_ws/install/my_robot_controller:/opt/ros/humble /usr/bin/cmake --build /home/furquan/eyrc_hb/hb_task_2_ws/src/build/hb_world -- -j8 -l8
[4.726s] Invoked command in '/home/furquan/eyrc_hb/hb_task_2_ws/src/build/hb_world' returned '0': CMAKE_PREFIX_PATH=${CMAKE_PREFIX_PATH}:/home/furquan/eyrc_hb/hb_task_2_ws/install/hb_task2b:/home/furquan/eyrc_hb/hb_task_2_ws/install/hb_task2a:/home/furquan/eyrc_hb/hb_task1b_ws/install/hb_task_1b:/home/furquan/eyrc_hb/hb_task1a_ws/install/hb_task_1a:/home/furquan/ros2_ws/install/my_robot_controller:/opt/ros/humble /usr/bin/cmake --build /home/furquan/eyrc_hb/hb_task_2_ws/src/build/hb_world -- -j8 -l8
[4.760s] Invoking command in '/home/furquan/eyrc_hb/hb_task_2_ws/src/build/hb_world': CMAKE_PREFIX_PATH=${CMAKE_PREFIX_PATH}:/home/furquan/eyrc_hb/hb_task_2_ws/install/hb_task2b:/home/furquan/eyrc_hb/hb_task_2_ws/install/hb_task2a:/home/furquan/eyrc_hb/hb_task1b_ws/install/hb_task_1b:/home/furquan/eyrc_hb/hb_task1a_ws/install/hb_task_1a:/home/furquan/ros2_ws/install/my_robot_controller:/opt/ros/humble /usr/bin/cmake --install /home/furquan/eyrc_hb/hb_task_2_ws/src/build/hb_world
[4.767s] -- Install configuration: ""
[4.767s] -- Execute custom install script
[4.775s] -- Symlinking: /home/furquan/eyrc_hb/hb_task_2_ws/src/install/hb_world/share/hb_world//launch/world.launch.py
[4.809s] -- Symlinking: /home/furquan/eyrc_hb/hb_task_2_ws/src/install/hb_world/share/hb_world//worlds/gazebo.world
[4.821s] -- Symlinking: /home/furquan/eyrc_hb/hb_task_2_ws/src/install/hb_world/share/hb_world//models/arena/meshes/arena.dae
[4.830s] -- Symlinking: /home/furquan/eyrc_hb/hb_task_2_ws/src/install/hb_world/share/hb_world//models/arena/meshes/arena.jpg
[4.840s] -- Symlinking: /home/furquan/eyrc_hb/hb_task_2_ws/src/install/hb_world/share/hb_world//models/arena/model.config
[4.851s] -- Symlinking: /home/furquan/eyrc_hb/hb_task_2_ws/src/install/hb_world/share/hb_world//models/arena/model.sdf
[4.870s] -- Symlinking: /home/furquan/eyrc_hb/hb_task_2_ws/src/install/hb_world/share/hb_world//models/e_camera/meshes/17eyantra_logo_large e.png
[4.880s] -- Symlinking: /home/furquan/eyrc_hb/hb_task_2_ws/src/install/hb_world/share/hb_world//models/e_camera/meshes/camera.dae
[4.891s] -- Symlinking: /home/furquan/eyrc_hb/hb_task_2_ws/src/install/hb_world/share/hb_world//models/e_camera/model.config
[4.901s] -- Symlinking: /home/furquan/eyrc_hb/hb_task_2_ws/src/install/hb_world/share/hb_world//models/e_camera/model.sdf
[4.913s] -- Symlinking: /home/furquan/eyrc_hb/hb_task_2_ws/src/install/hb_world/share/hb_world//models/ground_surface/meshes/geoglyph.jpg
[4.925s] -- Symlinking: /home/furquan/eyrc_hb/hb_task_2_ws/src/install/hb_world/share/hb_world//models/ground_surface/meshes/ground_surface.dae
[4.937s] -- Symlinking: /home/furquan/eyrc_hb/hb_task_2_ws/src/install/hb_world/share/hb_world//models/ground_surface/model.config
[4.948s] -- Symlinking: /home/furquan/eyrc_hb/hb_task_2_ws/src/install/hb_world/share/hb_world//models/ground_surface/model.sdf
[4.959s] -- Symlinking: /home/furquan/eyrc_hb/hb_task_2_ws/src/install/hb_world/share/ament_index/resource_index/package_run_dependencies/hb_world
[4.971s] -- Symlinking: /home/furquan/eyrc_hb/hb_task_2_ws/src/install/hb_world/share/ament_index/resource_index/parent_prefix_path/hb_world
[4.983s] -- Symlinking: /home/furquan/eyrc_hb/hb_task_2_ws/src/install/hb_world/share/hb_world/environment/ament_prefix_path.sh
[4.994s] -- Symlinking: /home/furquan/eyrc_hb/hb_task_2_ws/src/install/hb_world/share/hb_world/environment/ament_prefix_path.dsv
[5.004s] -- Symlinking: /home/furquan/eyrc_hb/hb_task_2_ws/src/install/hb_world/share/hb_world/environment/path.sh
[5.014s] -- Symlinking: /home/furquan/eyrc_hb/hb_task_2_ws/src/install/hb_world/share/hb_world/environment/path.dsv
[5.025s] -- Symlinking: /home/furquan/eyrc_hb/hb_task_2_ws/src/install/hb_world/share/hb_world/local_setup.bash
[5.036s] -- Symlinking: /home/furquan/eyrc_hb/hb_task_2_ws/src/install/hb_world/share/hb_world/local_setup.sh
[5.048s] -- Symlinking: /home/furquan/eyrc_hb/hb_task_2_ws/src/install/hb_world/share/hb_world/local_setup.zsh
[5.060s] -- Symlinking: /home/furquan/eyrc_hb/hb_task_2_ws/src/install/hb_world/share/hb_world/local_setup.dsv
[5.070s] -- Symlinking: /home/furquan/eyrc_hb/hb_task_2_ws/src/install/hb_world/share/hb_world/package.dsv
[5.081s] -- Symlinking: /home/furquan/eyrc_hb/hb_task_2_ws/src/install/hb_world/share/ament_index/resource_index/packages/hb_world
[5.094s] -- Symlinking: /home/furquan/eyrc_hb/hb_task_2_ws/src/install/hb_world/share/hb_world/cmake/hb_worldConfig.cmake
[5.117s] -- Symlinking: /home/furquan/eyrc_hb/hb_task_2_ws/src/install/hb_world/share/hb_world/cmake/hb_worldConfig-version.cmake
[5.128s] -- Symlinking: /home/furquan/eyrc_hb/hb_task_2_ws/src/install/hb_world/share/hb_world/package.xml
[5.158s] Invoked command in '/home/furquan/eyrc_hb/hb_task_2_ws/src/build/hb_world' returned '0': CMAKE_PREFIX_PATH=${CMAKE_PREFIX_PATH}:/home/furquan/eyrc_hb/hb_task_2_ws/install/hb_task2b:/home/furquan/eyrc_hb/hb_task_2_ws/install/hb_task2a:/home/furquan/eyrc_hb/hb_task1b_ws/install/hb_task_1b:/home/furquan/eyrc_hb/hb_task1a_ws/install/hb_task_1a:/home/furquan/ros2_ws/install/my_robot_controller:/opt/ros/humble /usr/bin/cmake --install /home/furquan/eyrc_hb/hb_task_2_ws/src/build/hb_world
