[0.382s] Invoking command in '/home/furquan/eyrc_hb/hb_task_2_ws/src/build/my_robot_interfaces': CMAKE_PREFIX_PATH=${CMAKE_PREFIX_PATH}:/home/furquan/eyrc_hb/hb_task_2_ws/install/hb_task2b:/home/furquan/eyrc_hb/hb_task_2_ws/install/hb_task2a:/home/furquan/eyrc_hb/hb_task1b_ws/install/hb_task_1b:/home/furquan/eyrc_hb/hb_task1a_ws/install/hb_task_1a:/home/furquan/ros2_ws/install/my_robot_controller:/opt/ros/humble /usr/bin/cmake /home/furquan/eyrc_hb/hb_task_2_ws/src/my_robot_interfaces -DAMENT_CMAKE_SYMLINK_INSTALL=1 -DCMAKE_INSTALL_PREFIX=/home/furquan/eyrc_hb/hb_task_2_ws/src/install/my_robot_interfaces
[1.013s] -- The C compiler identification is GNU 11.4.0
[1.443s] -- The CXX compiler identification is GNU 11.4.0
[1.455s] -- Detecting C compiler ABI info
[1.658s] -- Detecting C compiler ABI info - done
[1.663s] -- Check for working C compiler: /usr/bin/cc - skipped
[1.664s] -- Detecting C compile features
[1.673s] -- Detecting C compile features - done
[1.676s] -- Detecting CXX compiler ABI info
[1.831s] -- Detecting CXX compiler ABI info - done
[1.838s] -- Check for working CXX compiler: /usr/bin/c++ - skipped
[1.838s] -- Detecting CXX compile features
[1.839s] -- Detecting CXX compile features - done
[1.929s] -- Found ament_cmake: 1.3.5 (/opt/ros/humble/share/ament_cmake/cmake)
[2.240s] -- Found Python3: /usr/bin/python3.10 (found version "3.10.12") found components: Interpreter 
[2.396s] -- Override CMake install command with custom implementation using symlinks instead of copying resources
[2.573s] -- Found rosidl_default_generators: 1.2.0 (/opt/ros/humble/share/rosidl_default_generators/cmake)
[2.631s] -- Using all available rosidl_typesupport_c: rosidl_typesupport_fastrtps_c;rosidl_typesupport_introspection_c
[2.764s] -- Found rosidl_adapter: 3.1.5 (/opt/ros/humble/share/rosidl_adapter/cmake)
[2.945s] -- Using all available rosidl_typesupport_cpp: rosidl_typesupport_fastrtps_cpp;rosidl_typesupport_introspection_cpp
[3.414s] -- Found ament_cmake_ros: 0.10.0 (/opt/ros/humble/share/ament_cmake_ros/cmake)
[3.735s] -- Using all available rosidl_typesupport_c: rosidl_typesupport_fastrtps_c;rosidl_typesupport_introspection_c
[3.968s] -- Using all available rosidl_typesupport_cpp: rosidl_typesupport_fastrtps_cpp;rosidl_typesupport_introspection_cpp
[3.989s] -- Found PythonInterp: /usr/bin/python3 (found suitable version "3.10.12", minimum required is "3.6") 
[4.011s] -- Found python_cmake_module: 0.10.0 (/opt/ros/humble/share/python_cmake_module/cmake)
[4.060s] -- Found PythonLibs: /usr/lib/x86_64-linux-gnu/libpython3.10.so (found suitable version "3.10.12", minimum required is "3.5") 
[4.060s] -- Using PYTHON_EXECUTABLE: /usr/bin/python3
[4.060s] -- Using PYTHON_INCLUDE_DIRS: /usr/include/python3.10
[4.061s] -- Using PYTHON_LIBRARIES: /usr/lib/x86_64-linux-gnu/libpython3.10.so
[4.081s] -- Found PythonExtra: .so  
[4.147s] -- Configuring done
[4.177s] -- Generating done
[4.179s] -- Build files have been written to: /home/furquan/eyrc_hb/hb_task_2_ws/src/build/my_robot_interfaces
[4.186s] Invoked command in '/home/furquan/eyrc_hb/hb_task_2_ws/src/build/my_robot_interfaces' returned '0': CMAKE_PREFIX_PATH=${CMAKE_PREFIX_PATH}:/home/furquan/eyrc_hb/hb_task_2_ws/install/hb_task2b:/home/furquan/eyrc_hb/hb_task_2_ws/install/hb_task2a:/home/furquan/eyrc_hb/hb_task1b_ws/install/hb_task_1b:/home/furquan/eyrc_hb/hb_task1a_ws/install/hb_task_1a:/home/furquan/ros2_ws/install/my_robot_controller:/opt/ros/humble /usr/bin/cmake /home/furquan/eyrc_hb/hb_task_2_ws/src/my_robot_interfaces -DAMENT_CMAKE_SYMLINK_INSTALL=1 -DCMAKE_INSTALL_PREFIX=/home/furquan/eyrc_hb/hb_task_2_ws/src/install/my_robot_interfaces
[4.188s] Invoking command in '/home/furquan/eyrc_hb/hb_task_2_ws/src/build/my_robot_interfaces': CMAKE_PREFIX_PATH=${CMAKE_PREFIX_PATH}:/home/furquan/eyrc_hb/hb_task_2_ws/install/hb_task2b:/home/furquan/eyrc_hb/hb_task_2_ws/install/hb_task2a:/home/furquan/eyrc_hb/hb_task1b_ws/install/hb_task_1b:/home/furquan/eyrc_hb/hb_task1a_ws/install/hb_task_1a:/home/furquan/ros2_ws/install/my_robot_controller:/opt/ros/humble /usr/bin/cmake --build /home/furquan/eyrc_hb/hb_task_2_ws/src/build/my_robot_interfaces -- -j8 -l8
[4.217s] [  2%] [34m[1mGenerating C code for ROS interfaces[0m
[4.226s] [  4%] [34m[1mGenerating C++ code for ROS interfaces[0m
[4.233s] [  4%] Built target ament_cmake_python_symlink_my_robot_interfaces
[4.433s] running egg_info
[4.433s] creating my_robot_interfaces.egg-info
[4.433s] writing my_robot_interfaces.egg-info/PKG-INFO
[4.433s] writing dependency_links to my_robot_interfaces.egg-info/dependency_links.txt
[4.433s] writing top-level names to my_robot_interfaces.egg-info/top_level.txt
[4.433s] writing manifest file 'my_robot_interfaces.egg-info/SOURCES.txt'
[4.435s] reading manifest file 'my_robot_interfaces.egg-info/SOURCES.txt'
[4.435s] writing manifest file 'my_robot_interfaces.egg-info/SOURCES.txt'
[4.456s] [  4%] Built target ament_cmake_python_build_my_robot_interfaces_egg
[4.622s] [  6%] [32mBuilding C object CMakeFiles/my_robot_interfaces__rosidl_generator_c.dir/rosidl_generator_c/my_robot_interfaces/srv/detail/next_goal__functions.c.o[0m
[4.623s] [  8%] [32mBuilding C object CMakeFiles/my_robot_interfaces__rosidl_generator_c.dir/rosidl_generator_c/my_robot_interfaces/msg/detail/goal__functions.c.o[0m
[4.623s] [ 10%] [32mBuilding C object CMakeFiles/my_robot_interfaces__rosidl_generator_c.dir/rosidl_generator_c/my_robot_interfaces/msg/detail/shape__functions.c.o[0m
[4.634s] [ 10%] Built target my_robot_interfaces__cpp
[4.642s] [ 17%] [34m[1mGenerating C++ type support dispatch for ROS interfaces[0m
[4.642s] [ 17%] [34m[1mGenerating C++ introspection for ROS interfaces[0m
[4.642s] [ 17%] [34m[1mGenerating C++ type support for eProsima Fast-RTPS[0m
[4.749s] [ 19%] [32m[1mLinking C shared library libmy_robot_interfaces__rosidl_generator_c.so[0m
[4.814s] [ 19%] Built target my_robot_interfaces__rosidl_generator_c
[4.825s] [ 21%] [34m[1mGenerating C type support dispatch for ROS interfaces[0m
[4.825s] [ 25%] [34m[1mGenerating C type support for eProsima Fast-RTPS[0m
[4.825s] [ 25%] [34m[1mGenerating C introspection for ROS interfaces[0m
[5.021s] [ 27%] [32mBuilding CXX object CMakeFiles/my_robot_interfaces__rosidl_typesupport_cpp.dir/rosidl_typesupport_cpp/my_robot_interfaces/msg/goal__type_support.cpp.o[0m
[5.026s] [ 29%] [32mBuilding CXX object CMakeFiles/my_robot_interfaces__rosidl_typesupport_cpp.dir/rosidl_typesupport_cpp/my_robot_interfaces/srv/next_goal__type_support.cpp.o[0m
[5.029s] [ 31%] [32mBuilding CXX object CMakeFiles/my_robot_interfaces__rosidl_typesupport_cpp.dir/rosidl_typesupport_cpp/my_robot_interfaces/msg/shape__type_support.cpp.o[0m
[5.052s] [ 34%] [32mBuilding CXX object CMakeFiles/my_robot_interfaces__rosidl_typesupport_introspection_cpp.dir/rosidl_typesupport_introspection_cpp/my_robot_interfaces/srv/detail/next_goal__type_support.cpp.o[0m
[5.146s] [ 36%] [32mBuilding CXX object CMakeFiles/my_robot_interfaces__rosidl_typesupport_fastrtps_cpp.dir/rosidl_typesupport_fastrtps_cpp/my_robot_interfaces/srv/detail/dds_fastrtps/next_goal__type_support.cpp.o[0m
[5.233s] [ 38%] [32mBuilding CXX object CMakeFiles/my_robot_interfaces__rosidl_typesupport_c.dir/rosidl_typesupport_c/my_robot_interfaces/srv/next_goal__type_support.cpp.o[0m
[5.300s] [ 40%] [32mBuilding CXX object CMakeFiles/my_robot_interfaces__rosidl_typesupport_fastrtps_c.dir/rosidl_typesupport_fastrtps_c/my_robot_interfaces/srv/detail/next_goal__type_support_c.cpp.o[0m
[5.312s] [ 42%] [32mBuilding CXX object CMakeFiles/my_robot_interfaces__rosidl_typesupport_c.dir/rosidl_typesupport_c/my_robot_interfaces/msg/goal__type_support.cpp.o[0m
[5.317s] [ 44%] [32mBuilding C object CMakeFiles/my_robot_interfaces__rosidl_typesupport_introspection_c.dir/rosidl_typesupport_introspection_c/my_robot_interfaces/srv/detail/next_goal__type_support.c.o[0m
[5.349s] [ 46%] [32mBuilding CXX object CMakeFiles/my_robot_interfaces__rosidl_typesupport_c.dir/rosidl_typesupport_c/my_robot_interfaces/msg/shape__type_support.cpp.o[0m
[5.360s] [ 48%] [32mBuilding C object CMakeFiles/my_robot_interfaces__rosidl_typesupport_introspection_c.dir/rosidl_typesupport_introspection_c/my_robot_interfaces/msg/detail/goal__type_support.c.o[0m
[5.382s] [ 51%] [32m[1mLinking CXX shared library libmy_robot_interfaces__rosidl_typesupport_c.so[0m
[5.403s] [ 53%] [32mBuilding C object CMakeFiles/my_robot_interfaces__rosidl_typesupport_introspection_c.dir/rosidl_typesupport_introspection_c/my_robot_interfaces/msg/detail/shape__type_support.c.o[0m
[5.435s] [ 53%] Built target my_robot_interfaces__rosidl_typesupport_c
[5.442s] [ 55%] [32m[1mLinking C shared library libmy_robot_interfaces__rosidl_typesupport_introspection_c.so[0m
[5.446s] [ 57%] [32mBuilding CXX object CMakeFiles/my_robot_interfaces__rosidl_typesupport_fastrtps_cpp.dir/rosidl_typesupport_fastrtps_cpp/my_robot_interfaces/msg/detail/dds_fastrtps/goal__type_support.cpp.o[0m
[5.497s] [ 57%] Built target my_robot_interfaces__rosidl_typesupport_introspection_c
[5.504s] [ 59%] [32mBuilding CXX object CMakeFiles/my_robot_interfaces__rosidl_typesupport_fastrtps_cpp.dir/rosidl_typesupport_fastrtps_cpp/my_robot_interfaces/msg/detail/dds_fastrtps/shape__type_support.cpp.o[0m
[5.510s] [ 61%] [32mBuilding CXX object CMakeFiles/my_robot_interfaces__rosidl_typesupport_introspection_cpp.dir/rosidl_typesupport_introspection_cpp/my_robot_interfaces/msg/detail/goal__type_support.cpp.o[0m
[5.510s] [ 63%] [32mBuilding CXX object CMakeFiles/my_robot_interfaces__rosidl_typesupport_fastrtps_c.dir/rosidl_typesupport_fastrtps_c/my_robot_interfaces/msg/detail/goal__type_support_c.cpp.o[0m
[5.517s] [ 65%] [32m[1mLinking CXX shared library libmy_robot_interfaces__rosidl_typesupport_cpp.so[0m
[5.570s] [ 65%] Built target my_robot_interfaces__rosidl_typesupport_cpp
[5.580s] [ 68%] [32mBuilding CXX object CMakeFiles/my_robot_interfaces__rosidl_typesupport_fastrtps_c.dir/rosidl_typesupport_fastrtps_c/my_robot_interfaces/msg/detail/shape__type_support_c.cpp.o[0m
[5.666s] [ 70%] [32mBuilding CXX object CMakeFiles/my_robot_interfaces__rosidl_typesupport_introspection_cpp.dir/rosidl_typesupport_introspection_cpp/my_robot_interfaces/msg/detail/shape__type_support.cpp.o[0m
[5.919s] [ 72%] [32m[1mLinking CXX shared library libmy_robot_interfaces__rosidl_typesupport_fastrtps_c.so[0m
[5.986s] [ 74%] [32m[1mLinking CXX shared library libmy_robot_interfaces__rosidl_typesupport_introspection_cpp.so[0m
[5.991s] [ 76%] [32m[1mLinking CXX shared library libmy_robot_interfaces__rosidl_typesupport_fastrtps_cpp.so[0m
[6.039s] [ 76%] Built target my_robot_interfaces__rosidl_typesupport_fastrtps_c
[6.076s] [ 76%] Built target my_robot_interfaces__rosidl_typesupport_introspection_cpp
[6.078s] [ 76%] Built target my_robot_interfaces__rosidl_typesupport_fastrtps_cpp
[6.092s] [ 76%] Built target my_robot_interfaces
[6.107s] [ 78%] [34m[1mGenerating Python code for ROS interfaces[0m
[6.492s] [ 78%] Built target my_robot_interfaces__py
[6.507s] [ 85%] [32mBuilding C object CMakeFiles/my_robot_interfaces__rosidl_generator_py.dir/rosidl_generator_py/my_robot_interfaces/msg/_goal_s.c.o[0m
[6.507s] [ 85%] [32mBuilding C object CMakeFiles/my_robot_interfaces__rosidl_generator_py.dir/rosidl_generator_py/my_robot_interfaces/msg/_shape_s.c.o[0m
[6.507s] [ 85%] [32mBuilding C object CMakeFiles/my_robot_interfaces__rosidl_generator_py.dir/rosidl_generator_py/my_robot_interfaces/srv/_next_goal_s.c.o[0m
[6.588s] [ 87%] [32m[1mLinking C shared library rosidl_generator_py/my_robot_interfaces/libmy_robot_interfaces__rosidl_generator_py.so[0m
[6.617s] [ 87%] Built target my_robot_interfaces__rosidl_generator_py
[6.633s] [ 93%] [32mBuilding C object CMakeFiles/my_robot_interfaces__rosidl_typesupport_fastrtps_c__pyext.dir/rosidl_generator_py/my_robot_interfaces/_my_robot_interfaces_s.ep.rosidl_typesupport_fastrtps_c.c.o[0m
[6.633s] [ 93%] [32mBuilding C object CMakeFiles/my_robot_interfaces__rosidl_typesupport_c__pyext.dir/rosidl_generator_py/my_robot_interfaces/_my_robot_interfaces_s.ep.rosidl_typesupport_c.c.o[0m
[6.633s] [ 93%] [32mBuilding C object CMakeFiles/my_robot_interfaces__rosidl_typesupport_introspection_c__pyext.dir/rosidl_generator_py/my_robot_interfaces/_my_robot_interfaces_s.ep.rosidl_typesupport_introspection_c.c.o[0m
[6.705s] [ 95%] [32m[1mLinking C shared library rosidl_generator_py/my_robot_interfaces/my_robot_interfaces_s__rosidl_typesupport_c.cpython-310-x86_64-linux-gnu.so[0m
[6.705s] [ 97%] [32m[1mLinking C shared library rosidl_generator_py/my_robot_interfaces/my_robot_interfaces_s__rosidl_typesupport_fastrtps_c.cpython-310-x86_64-linux-gnu.so[0m
[6.707s] [100%] [32m[1mLinking C shared library rosidl_generator_py/my_robot_interfaces/my_robot_interfaces_s__rosidl_typesupport_introspection_c.cpython-310-x86_64-linux-gnu.so[0m
[6.731s] [100%] Built target my_robot_interfaces__rosidl_typesupport_introspection_c__pyext
[6.731s] [100%] Built target my_robot_interfaces__rosidl_typesupport_c__pyext
[6.731s] [100%] Built target my_robot_interfaces__rosidl_typesupport_fastrtps_c__pyext
[6.739s] Invoked command in '/home/furquan/eyrc_hb/hb_task_2_ws/src/build/my_robot_interfaces' returned '0': CMAKE_PREFIX_PATH=${CMAKE_PREFIX_PATH}:/home/furquan/eyrc_hb/hb_task_2_ws/install/hb_task2b:/home/furquan/eyrc_hb/hb_task_2_ws/install/hb_task2a:/home/furquan/eyrc_hb/hb_task1b_ws/install/hb_task_1b:/home/furquan/eyrc_hb/hb_task1a_ws/install/hb_task_1a:/home/furquan/ros2_ws/install/my_robot_controller:/opt/ros/humble /usr/bin/cmake --build /home/furquan/eyrc_hb/hb_task_2_ws/src/build/my_robot_interfaces -- -j8 -l8
[6.810s] Invoking command in '/home/furquan/eyrc_hb/hb_task_2_ws/src/build/my_robot_interfaces': CMAKE_PREFIX_PATH=${CMAKE_PREFIX_PATH}:/home/furquan/eyrc_hb/hb_task_2_ws/install/hb_task2b:/home/furquan/eyrc_hb/hb_task_2_ws/install/hb_task2a:/home/furquan/eyrc_hb/hb_task1b_ws/install/hb_task_1b:/home/furquan/eyrc_hb/hb_task1a_ws/install/hb_task_1a:/home/furquan/ros2_ws/install/my_robot_controller:/opt/ros/humble /usr/bin/cmake --install /home/furquan/eyrc_hb/hb_task_2_ws/src/build/my_robot_interfaces
[6.816s] -- Install configuration: ""
[6.817s] -- Execute custom install script
[6.817s] -- Symlinking: /home/furquan/eyrc_hb/hb_task_2_ws/src/install/my_robot_interfaces/share/ament_index/resource_index/rosidl_interfaces/my_robot_interfaces
[6.841s] -- Symlinking: /home/furquan/eyrc_hb/hb_task_2_ws/src/install/my_robot_interfaces/include/my_robot_interfaces/my_robot_interfaces/msg/detail/goal__functions.h
[6.854s] -- Symlinking: /home/furquan/eyrc_hb/hb_task_2_ws/src/install/my_robot_interfaces/include/my_robot_interfaces/my_robot_interfaces/msg/detail/goal__struct.h
[6.862s] -- Symlinking: /home/furquan/eyrc_hb/hb_task_2_ws/src/install/my_robot_interfaces/include/my_robot_interfaces/my_robot_interfaces/msg/detail/goal__type_support.h
[6.868s] -- Symlinking: /home/furquan/eyrc_hb/hb_task_2_ws/src/install/my_robot_interfaces/include/my_robot_interfaces/my_robot_interfaces/msg/detail/shape__functions.h
[6.874s] -- Symlinking: /home/furquan/eyrc_hb/hb_task_2_ws/src/install/my_robot_interfaces/include/my_robot_interfaces/my_robot_interfaces/msg/detail/shape__struct.h
[6.880s] -- Symlinking: /home/furquan/eyrc_hb/hb_task_2_ws/src/install/my_robot_interfaces/include/my_robot_interfaces/my_robot_interfaces/msg/detail/shape__type_support.h
[6.886s] -- Symlinking: /home/furquan/eyrc_hb/hb_task_2_ws/src/install/my_robot_interfaces/include/my_robot_interfaces/my_robot_interfaces/msg/goal.h
[6.891s] -- Symlinking: /home/furquan/eyrc_hb/hb_task_2_ws/src/install/my_robot_interfaces/include/my_robot_interfaces/my_robot_interfaces/msg/rosidl_generator_c__visibility_control.h
[6.898s] -- Symlinking: /home/furquan/eyrc_hb/hb_task_2_ws/src/install/my_robot_interfaces/include/my_robot_interfaces/my_robot_interfaces/msg/shape.h
[6.904s] -- Symlinking: /home/furquan/eyrc_hb/hb_task_2_ws/src/install/my_robot_interfaces/include/my_robot_interfaces/my_robot_interfaces/srv/detail/next_goal__functions.h
[6.911s] -- Symlinking: /home/furquan/eyrc_hb/hb_task_2_ws/src/install/my_robot_interfaces/include/my_robot_interfaces/my_robot_interfaces/srv/detail/next_goal__struct.h
[6.917s] -- Symlinking: /home/furquan/eyrc_hb/hb_task_2_ws/src/install/my_robot_interfaces/include/my_robot_interfaces/my_robot_interfaces/srv/detail/next_goal__type_support.h
[6.923s] -- Symlinking: /home/furquan/eyrc_hb/hb_task_2_ws/src/install/my_robot_interfaces/include/my_robot_interfaces/my_robot_interfaces/srv/next_goal.h
[6.929s] -- Symlinking: /home/furquan/eyrc_hb/hb_task_2_ws/src/install/my_robot_interfaces/share/my_robot_interfaces/environment/library_path.sh
[6.935s] -- Symlinking: /home/furquan/eyrc_hb/hb_task_2_ws/src/install/my_robot_interfaces/share/my_robot_interfaces/environment/library_path.dsv
[6.941s] -- Symlinking: /home/furquan/eyrc_hb/hb_task_2_ws/src/install/my_robot_interfaces/include/my_robot_interfaces/my_robot_interfaces/msg/detail/goal__rosidl_typesupport_fastrtps_c.h
[6.947s] -- Symlinking: /home/furquan/eyrc_hb/hb_task_2_ws/src/install/my_robot_interfaces/include/my_robot_interfaces/my_robot_interfaces/msg/detail/shape__rosidl_typesupport_fastrtps_c.h
[6.953s] -- Symlinking: /home/furquan/eyrc_hb/hb_task_2_ws/src/install/my_robot_interfaces/include/my_robot_interfaces/my_robot_interfaces/msg/rosidl_typesupport_fastrtps_c__visibility_control.h
[6.959s] -- Symlinking: /home/furquan/eyrc_hb/hb_task_2_ws/src/install/my_robot_interfaces/include/my_robot_interfaces/my_robot_interfaces/srv/detail/next_goal__rosidl_typesupport_fastrtps_c.h
[6.964s] -- Symlinking: /home/furquan/eyrc_hb/hb_task_2_ws/src/install/my_robot_interfaces/include/my_robot_interfaces/my_robot_interfaces/msg/detail/goal__rosidl_typesupport_introspection_c.h
[6.970s] -- Symlinking: /home/furquan/eyrc_hb/hb_task_2_ws/src/install/my_robot_interfaces/include/my_robot_interfaces/my_robot_interfaces/msg/detail/shape__rosidl_typesupport_introspection_c.h
[6.976s] -- Symlinking: /home/furquan/eyrc_hb/hb_task_2_ws/src/install/my_robot_interfaces/include/my_robot_interfaces/my_robot_interfaces/msg/rosidl_typesupport_introspection_c__visibility_control.h
[6.982s] -- Symlinking: /home/furquan/eyrc_hb/hb_task_2_ws/src/install/my_robot_interfaces/include/my_robot_interfaces/my_robot_interfaces/srv/detail/next_goal__rosidl_typesupport_introspection_c.h
[6.988s] -- Symlinking: /home/furquan/eyrc_hb/hb_task_2_ws/src/install/my_robot_interfaces/include/my_robot_interfaces/my_robot_interfaces/msg/detail/goal__builder.hpp
[6.994s] -- Symlinking: /home/furquan/eyrc_hb/hb_task_2_ws/src/install/my_robot_interfaces/include/my_robot_interfaces/my_robot_interfaces/msg/detail/goal__struct.hpp
[7.002s] -- Symlinking: /home/furquan/eyrc_hb/hb_task_2_ws/src/install/my_robot_interfaces/include/my_robot_interfaces/my_robot_interfaces/msg/detail/goal__traits.hpp
[7.009s] -- Symlinking: /home/furquan/eyrc_hb/hb_task_2_ws/src/install/my_robot_interfaces/include/my_robot_interfaces/my_robot_interfaces/msg/detail/shape__builder.hpp
[7.018s] -- Symlinking: /home/furquan/eyrc_hb/hb_task_2_ws/src/install/my_robot_interfaces/include/my_robot_interfaces/my_robot_interfaces/msg/detail/shape__struct.hpp
[7.024s] -- Symlinking: /home/furquan/eyrc_hb/hb_task_2_ws/src/install/my_robot_interfaces/include/my_robot_interfaces/my_robot_interfaces/msg/detail/shape__traits.hpp
[7.031s] -- Symlinking: /home/furquan/eyrc_hb/hb_task_2_ws/src/install/my_robot_interfaces/include/my_robot_interfaces/my_robot_interfaces/msg/goal.hpp
[7.037s] -- Symlinking: /home/furquan/eyrc_hb/hb_task_2_ws/src/install/my_robot_interfaces/include/my_robot_interfaces/my_robot_interfaces/msg/shape.hpp
[7.043s] -- Symlinking: /home/furquan/eyrc_hb/hb_task_2_ws/src/install/my_robot_interfaces/include/my_robot_interfaces/my_robot_interfaces/srv/detail/next_goal__builder.hpp
[7.049s] -- Symlinking: /home/furquan/eyrc_hb/hb_task_2_ws/src/install/my_robot_interfaces/include/my_robot_interfaces/my_robot_interfaces/srv/detail/next_goal__struct.hpp
[7.055s] -- Symlinking: /home/furquan/eyrc_hb/hb_task_2_ws/src/install/my_robot_interfaces/include/my_robot_interfaces/my_robot_interfaces/srv/detail/next_goal__traits.hpp
[7.061s] -- Symlinking: /home/furquan/eyrc_hb/hb_task_2_ws/src/install/my_robot_interfaces/include/my_robot_interfaces/my_robot_interfaces/srv/next_goal.hpp
[7.067s] -- Symlinking: /home/furquan/eyrc_hb/hb_task_2_ws/src/install/my_robot_interfaces/include/my_robot_interfaces/my_robot_interfaces/msg/detail/goal__rosidl_typesupport_fastrtps_cpp.hpp
[7.074s] -- Symlinking: /home/furquan/eyrc_hb/hb_task_2_ws/src/install/my_robot_interfaces/include/my_robot_interfaces/my_robot_interfaces/msg/detail/shape__rosidl_typesupport_fastrtps_cpp.hpp
[7.080s] -- Symlinking: /home/furquan/eyrc_hb/hb_task_2_ws/src/install/my_robot_interfaces/include/my_robot_interfaces/my_robot_interfaces/msg/rosidl_typesupport_fastrtps_cpp__visibility_control.h
[7.086s] -- Symlinking: /home/furquan/eyrc_hb/hb_task_2_ws/src/install/my_robot_interfaces/include/my_robot_interfaces/my_robot_interfaces/srv/detail/next_goal__rosidl_typesupport_fastrtps_cpp.hpp
[7.092s] -- Symlinking: /home/furquan/eyrc_hb/hb_task_2_ws/src/install/my_robot_interfaces/include/my_robot_interfaces/my_robot_interfaces/msg/detail/goal__rosidl_typesupport_introspection_cpp.hpp
[7.098s] -- Symlinking: /home/furquan/eyrc_hb/hb_task_2_ws/src/install/my_robot_interfaces/include/my_robot_interfaces/my_robot_interfaces/msg/detail/shape__rosidl_typesupport_introspection_cpp.hpp
[7.105s] -- Symlinking: /home/furquan/eyrc_hb/hb_task_2_ws/src/install/my_robot_interfaces/include/my_robot_interfaces/my_robot_interfaces/srv/detail/next_goal__rosidl_typesupport_introspection_cpp.hpp
[7.111s] -- Symlinking: /home/furquan/eyrc_hb/hb_task_2_ws/src/install/my_robot_interfaces/share/my_robot_interfaces/environment/pythonpath.sh
[7.117s] -- Symlinking: /home/furquan/eyrc_hb/hb_task_2_ws/src/install/my_robot_interfaces/share/my_robot_interfaces/environment/pythonpath.dsv
[7.124s] -- Symlinking: /home/furquan/eyrc_hb/hb_task_2_ws/src/install/my_robot_interfaces/local/lib/python3.10/dist-packages/my_robot_interfaces-0.0.0-py3.10.egg-info/PKG-INFO
[7.130s] -- Symlinking: /home/furquan/eyrc_hb/hb_task_2_ws/src/install/my_robot_interfaces/local/lib/python3.10/dist-packages/my_robot_interfaces-0.0.0-py3.10.egg-info/SOURCES.txt
[7.135s] -- Symlinking: /home/furquan/eyrc_hb/hb_task_2_ws/src/install/my_robot_interfaces/local/lib/python3.10/dist-packages/my_robot_interfaces-0.0.0-py3.10.egg-info/dependency_links.txt
[7.142s] -- Symlinking: /home/furquan/eyrc_hb/hb_task_2_ws/src/install/my_robot_interfaces/local/lib/python3.10/dist-packages/my_robot_interfaces-0.0.0-py3.10.egg-info/top_level.txt
[7.148s] -- Symlinking: /home/furquan/eyrc_hb/hb_task_2_ws/src/install/my_robot_interfaces/local/lib/python3.10/dist-packages/my_robot_interfaces/__init__.py
[7.154s] -- Symlinking: /home/furquan/eyrc_hb/hb_task_2_ws/src/install/my_robot_interfaces/local/lib/python3.10/dist-packages/my_robot_interfaces/_my_robot_interfaces_s.ep.rosidl_typesupport_c.c
[7.161s] -- Symlinking: /home/furquan/eyrc_hb/hb_task_2_ws/src/install/my_robot_interfaces/local/lib/python3.10/dist-packages/my_robot_interfaces/_my_robot_interfaces_s.ep.rosidl_typesupport_fastrtps_c.c
[7.168s] -- Symlinking: /home/furquan/eyrc_hb/hb_task_2_ws/src/install/my_robot_interfaces/local/lib/python3.10/dist-packages/my_robot_interfaces/_my_robot_interfaces_s.ep.rosidl_typesupport_introspection_c.c
[7.178s] -- Symlinking: /home/furquan/eyrc_hb/hb_task_2_ws/src/install/my_robot_interfaces/local/lib/python3.10/dist-packages/my_robot_interfaces/libmy_robot_interfaces__rosidl_generator_py.so
[7.187s] -- Symlinking: /home/furquan/eyrc_hb/hb_task_2_ws/src/install/my_robot_interfaces/local/lib/python3.10/dist-packages/my_robot_interfaces/msg/__init__.py
[7.196s] -- Symlinking: /home/furquan/eyrc_hb/hb_task_2_ws/src/install/my_robot_interfaces/local/lib/python3.10/dist-packages/my_robot_interfaces/msg/_goal.py
[7.203s] -- Symlinking: /home/furquan/eyrc_hb/hb_task_2_ws/src/install/my_robot_interfaces/local/lib/python3.10/dist-packages/my_robot_interfaces/msg/_goal_s.c
[7.209s] -- Symlinking: /home/furquan/eyrc_hb/hb_task_2_ws/src/install/my_robot_interfaces/local/lib/python3.10/dist-packages/my_robot_interfaces/msg/_shape.py
[7.217s] -- Symlinking: /home/furquan/eyrc_hb/hb_task_2_ws/src/install/my_robot_interfaces/local/lib/python3.10/dist-packages/my_robot_interfaces/msg/_shape_s.c
[7.223s] -- Symlinking: /home/furquan/eyrc_hb/hb_task_2_ws/src/install/my_robot_interfaces/local/lib/python3.10/dist-packages/my_robot_interfaces/my_robot_interfaces_s__rosidl_typesupport_c.cpython-310-x86_64-linux-gnu.so
[7.230s] -- Symlinking: /home/furquan/eyrc_hb/hb_task_2_ws/src/install/my_robot_interfaces/local/lib/python3.10/dist-packages/my_robot_interfaces/my_robot_interfaces_s__rosidl_typesupport_fastrtps_c.cpython-310-x86_64-linux-gnu.so
[7.236s] -- Symlinking: /home/furquan/eyrc_hb/hb_task_2_ws/src/install/my_robot_interfaces/local/lib/python3.10/dist-packages/my_robot_interfaces/my_robot_interfaces_s__rosidl_typesupport_introspection_c.cpython-310-x86_64-linux-gnu.so
[7.242s] -- Symlinking: /home/furquan/eyrc_hb/hb_task_2_ws/src/install/my_robot_interfaces/local/lib/python3.10/dist-packages/my_robot_interfaces/srv/__init__.py
[7.248s] -- Symlinking: /home/furquan/eyrc_hb/hb_task_2_ws/src/install/my_robot_interfaces/local/lib/python3.10/dist-packages/my_robot_interfaces/srv/_next_goal.py
[7.254s] -- Symlinking: /home/furquan/eyrc_hb/hb_task_2_ws/src/install/my_robot_interfaces/local/lib/python3.10/dist-packages/my_robot_interfaces/srv/_next_goal_s.c
[7.260s] -- Up-to-date symlink: /home/furquan/eyrc_hb/hb_task_2_ws/src/install/my_robot_interfaces/local/lib/python3.10/dist-packages/my_robot_interfaces/my_robot_interfaces_s__rosidl_typesupport_fastrtps_c.cpython-310-x86_64-linux-gnu.so
[7.260s] -- Up-to-date symlink: /home/furquan/eyrc_hb/hb_task_2_ws/src/install/my_robot_interfaces/local/lib/python3.10/dist-packages/my_robot_interfaces/my_robot_interfaces_s__rosidl_typesupport_introspection_c.cpython-310-x86_64-linux-gnu.so
[7.260s] -- Up-to-date symlink: /home/furquan/eyrc_hb/hb_task_2_ws/src/install/my_robot_interfaces/local/lib/python3.10/dist-packages/my_robot_interfaces/my_robot_interfaces_s__rosidl_typesupport_c.cpython-310-x86_64-linux-gnu.so
[7.260s] -- Symlinking: /home/furquan/eyrc_hb/hb_task_2_ws/src/install/my_robot_interfaces/share/my_robot_interfaces/srv/NextGoal.idl
[7.266s] -- Symlinking: /home/furquan/eyrc_hb/hb_task_2_ws/src/install/my_robot_interfaces/share/my_robot_interfaces/msg/Goal.idl
[7.272s] -- Symlinking: /home/furquan/eyrc_hb/hb_task_2_ws/src/install/my_robot_interfaces/share/my_robot_interfaces/msg/Shape.idl
[7.278s] -- Symlinking: /home/furquan/eyrc_hb/hb_task_2_ws/src/install/my_robot_interfaces/share/my_robot_interfaces/srv/NextGoal.srv
[7.284s] -- Symlinking: /home/furquan/eyrc_hb/hb_task_2_ws/src/install/my_robot_interfaces/share/my_robot_interfaces/srv/NextGoal_Request.msg
[7.291s] -- Symlinking: /home/furquan/eyrc_hb/hb_task_2_ws/src/install/my_robot_interfaces/share/my_robot_interfaces/srv/NextGoal_Response.msg
[7.296s] -- Symlinking: /home/furquan/eyrc_hb/hb_task_2_ws/src/install/my_robot_interfaces/share/my_robot_interfaces/msg/Goal.msg
[7.302s] -- Symlinking: /home/furquan/eyrc_hb/hb_task_2_ws/src/install/my_robot_interfaces/share/my_robot_interfaces/msg/Shape.msg
[7.309s] -- Symlinking: /home/furquan/eyrc_hb/hb_task_2_ws/src/install/my_robot_interfaces/share/ament_index/resource_index/package_run_dependencies/my_robot_interfaces
[7.316s] -- Symlinking: /home/furquan/eyrc_hb/hb_task_2_ws/src/install/my_robot_interfaces/share/ament_index/resource_index/parent_prefix_path/my_robot_interfaces
[7.322s] -- Symlinking: /home/furquan/eyrc_hb/hb_task_2_ws/src/install/my_robot_interfaces/share/my_robot_interfaces/environment/ament_prefix_path.sh
[7.329s] -- Symlinking: /home/furquan/eyrc_hb/hb_task_2_ws/src/install/my_robot_interfaces/share/my_robot_interfaces/environment/ament_prefix_path.dsv
[7.335s] -- Symlinking: /home/furquan/eyrc_hb/hb_task_2_ws/src/install/my_robot_interfaces/share/my_robot_interfaces/environment/path.sh
[7.341s] -- Symlinking: /home/furquan/eyrc_hb/hb_task_2_ws/src/install/my_robot_interfaces/share/my_robot_interfaces/environment/path.dsv
[7.347s] -- Symlinking: /home/furquan/eyrc_hb/hb_task_2_ws/src/install/my_robot_interfaces/share/my_robot_interfaces/local_setup.bash
[7.353s] -- Symlinking: /home/furquan/eyrc_hb/hb_task_2_ws/src/install/my_robot_interfaces/share/my_robot_interfaces/local_setup.sh
[7.359s] -- Symlinking: /home/furquan/eyrc_hb/hb_task_2_ws/src/install/my_robot_interfaces/share/my_robot_interfaces/local_setup.zsh
[7.365s] -- Symlinking: /home/furquan/eyrc_hb/hb_task_2_ws/src/install/my_robot_interfaces/share/my_robot_interfaces/local_setup.dsv
[7.371s] -- Symlinking: /home/furquan/eyrc_hb/hb_task_2_ws/src/install/my_robot_interfaces/share/my_robot_interfaces/package.dsv
[7.377s] -- Symlinking: /home/furquan/eyrc_hb/hb_task_2_ws/src/install/my_robot_interfaces/share/ament_index/resource_index/packages/my_robot_interfaces
[7.383s] -- Symlinking: /home/furquan/eyrc_hb/hb_task_2_ws/src/install/my_robot_interfaces/share/my_robot_interfaces/cmake/rosidl_cmake-extras.cmake
[7.389s] -- Symlinking: /home/furquan/eyrc_hb/hb_task_2_ws/src/install/my_robot_interfaces/share/my_robot_interfaces/cmake/ament_cmake_export_include_directories-extras.cmake
[7.395s] -- Symlinking: /home/furquan/eyrc_hb/hb_task_2_ws/src/install/my_robot_interfaces/share/my_robot_interfaces/cmake/ament_cmake_export_libraries-extras.cmake
[7.401s] -- Symlinking: /home/furquan/eyrc_hb/hb_task_2_ws/src/install/my_robot_interfaces/share/my_robot_interfaces/cmake/ament_cmake_export_targets-extras.cmake
[7.408s] -- Symlinking: /home/furquan/eyrc_hb/hb_task_2_ws/src/install/my_robot_interfaces/share/my_robot_interfaces/cmake/rosidl_cmake_export_typesupport_targets-extras.cmake
[7.414s] -- Symlinking: /home/furquan/eyrc_hb/hb_task_2_ws/src/install/my_robot_interfaces/share/my_robot_interfaces/cmake/ament_cmake_export_dependencies-extras.cmake
[7.421s] -- Symlinking: /home/furquan/eyrc_hb/hb_task_2_ws/src/install/my_robot_interfaces/share/my_robot_interfaces/cmake/rosidl_cmake_export_typesupport_libraries-extras.cmake
[7.427s] -- Symlinking: /home/furquan/eyrc_hb/hb_task_2_ws/src/install/my_robot_interfaces/share/my_robot_interfaces/cmake/my_robot_interfacesConfig.cmake
[7.433s] -- Symlinking: /home/furquan/eyrc_hb/hb_task_2_ws/src/install/my_robot_interfaces/share/my_robot_interfaces/cmake/my_robot_interfacesConfig-version.cmake
[7.439s] -- Symlinking: /home/furquan/eyrc_hb/hb_task_2_ws/src/install/my_robot_interfaces/share/my_robot_interfaces/package.xml
[7.452s] -- Installing: /home/furquan/eyrc_hb/hb_task_2_ws/src/install/my_robot_interfaces/lib/libmy_robot_interfaces__rosidl_generator_c.so
[7.452s] -- Set runtime path of "/home/furquan/eyrc_hb/hb_task_2_ws/src/install/my_robot_interfaces/lib/libmy_robot_interfaces__rosidl_generator_c.so" to ""
[7.453s] -- Installing: /home/furquan/eyrc_hb/hb_task_2_ws/src/install/my_robot_interfaces/lib/libmy_robot_interfaces__rosidl_typesupport_fastrtps_c.so
[7.453s] -- Set runtime path of "/home/furquan/eyrc_hb/hb_task_2_ws/src/install/my_robot_interfaces/lib/libmy_robot_interfaces__rosidl_typesupport_fastrtps_c.so" to ""
[7.454s] -- Installing: /home/furquan/eyrc_hb/hb_task_2_ws/src/install/my_robot_interfaces/lib/libmy_robot_interfaces__rosidl_typesupport_introspection_c.so
[7.454s] -- Set runtime path of "/home/furquan/eyrc_hb/hb_task_2_ws/src/install/my_robot_interfaces/lib/libmy_robot_interfaces__rosidl_typesupport_introspection_c.so" to ""
[7.454s] -- Installing: /home/furquan/eyrc_hb/hb_task_2_ws/src/install/my_robot_interfaces/lib/libmy_robot_interfaces__rosidl_typesupport_c.so
[7.454s] -- Set runtime path of "/home/furquan/eyrc_hb/hb_task_2_ws/src/install/my_robot_interfaces/lib/libmy_robot_interfaces__rosidl_typesupport_c.so" to ""
[7.456s] -- Installing: /home/furquan/eyrc_hb/hb_task_2_ws/src/install/my_robot_interfaces/lib/libmy_robot_interfaces__rosidl_typesupport_fastrtps_cpp.so
[7.456s] -- Set runtime path of "/home/furquan/eyrc_hb/hb_task_2_ws/src/install/my_robot_interfaces/lib/libmy_robot_interfaces__rosidl_typesupport_fastrtps_cpp.so" to ""
[7.457s] -- Installing: /home/furquan/eyrc_hb/hb_task_2_ws/src/install/my_robot_interfaces/lib/libmy_robot_interfaces__rosidl_typesupport_introspection_cpp.so
[7.457s] -- Set runtime path of "/home/furquan/eyrc_hb/hb_task_2_ws/src/install/my_robot_interfaces/lib/libmy_robot_interfaces__rosidl_typesupport_introspection_cpp.so" to ""
[7.458s] -- Installing: /home/furquan/eyrc_hb/hb_task_2_ws/src/install/my_robot_interfaces/lib/libmy_robot_interfaces__rosidl_typesupport_cpp.so
[7.458s] -- Set runtime path of "/home/furquan/eyrc_hb/hb_task_2_ws/src/install/my_robot_interfaces/lib/libmy_robot_interfaces__rosidl_typesupport_cpp.so" to ""
[7.539s] Listing '/home/furquan/eyrc_hb/hb_task_2_ws/src/install/my_robot_interfaces/local/lib/python3.10/dist-packages/my_robot_interfaces'...
[7.539s] Compiling '/home/furquan/eyrc_hb/hb_task_2_ws/src/install/my_robot_interfaces/local/lib/python3.10/dist-packages/my_robot_interfaces/__init__.py'...
[7.539s] Listing '/home/furquan/eyrc_hb/hb_task_2_ws/src/install/my_robot_interfaces/local/lib/python3.10/dist-packages/my_robot_interfaces/msg'...
[7.539s] Compiling '/home/furquan/eyrc_hb/hb_task_2_ws/src/install/my_robot_interfaces/local/lib/python3.10/dist-packages/my_robot_interfaces/msg/__init__.py'...
[7.539s] Compiling '/home/furquan/eyrc_hb/hb_task_2_ws/src/install/my_robot_interfaces/local/lib/python3.10/dist-packages/my_robot_interfaces/msg/_goal.py'...
[7.539s] Compiling '/home/furquan/eyrc_hb/hb_task_2_ws/src/install/my_robot_interfaces/local/lib/python3.10/dist-packages/my_robot_interfaces/msg/_shape.py'...
[7.539s] Listing '/home/furquan/eyrc_hb/hb_task_2_ws/src/install/my_robot_interfaces/local/lib/python3.10/dist-packages/my_robot_interfaces/srv'...
[7.539s] Compiling '/home/furquan/eyrc_hb/hb_task_2_ws/src/install/my_robot_interfaces/local/lib/python3.10/dist-packages/my_robot_interfaces/srv/__init__.py'...
[7.540s] Compiling '/home/furquan/eyrc_hb/hb_task_2_ws/src/install/my_robot_interfaces/local/lib/python3.10/dist-packages/my_robot_interfaces/srv/_next_goal.py'...
[7.543s] -- Installing: /home/furquan/eyrc_hb/hb_task_2_ws/src/install/my_robot_interfaces/lib/libmy_robot_interfaces__rosidl_generator_py.so
[7.543s] -- Set runtime path of "/home/furquan/eyrc_hb/hb_task_2_ws/src/install/my_robot_interfaces/lib/libmy_robot_interfaces__rosidl_generator_py.so" to ""
[7.543s] -- Installing: /home/furquan/eyrc_hb/hb_task_2_ws/src/install/my_robot_interfaces/share/my_robot_interfaces/cmake/export_my_robot_interfaces__rosidl_generator_cExport.cmake
[7.543s] -- Installing: /home/furquan/eyrc_hb/hb_task_2_ws/src/install/my_robot_interfaces/share/my_robot_interfaces/cmake/export_my_robot_interfaces__rosidl_generator_cExport-noconfig.cmake
[7.544s] -- Installing: /home/furquan/eyrc_hb/hb_task_2_ws/src/install/my_robot_interfaces/share/my_robot_interfaces/cmake/export_my_robot_interfaces__rosidl_typesupport_fastrtps_cExport.cmake
[7.544s] -- Installing: /home/furquan/eyrc_hb/hb_task_2_ws/src/install/my_robot_interfaces/share/my_robot_interfaces/cmake/export_my_robot_interfaces__rosidl_typesupport_fastrtps_cExport-noconfig.cmake
[7.544s] -- Installing: /home/furquan/eyrc_hb/hb_task_2_ws/src/install/my_robot_interfaces/share/my_robot_interfaces/cmake/my_robot_interfaces__rosidl_typesupport_introspection_cExport.cmake
[7.544s] -- Installing: /home/furquan/eyrc_hb/hb_task_2_ws/src/install/my_robot_interfaces/share/my_robot_interfaces/cmake/my_robot_interfaces__rosidl_typesupport_introspection_cExport-noconfig.cmake
[7.544s] -- Installing: /home/furquan/eyrc_hb/hb_task_2_ws/src/install/my_robot_interfaces/share/my_robot_interfaces/cmake/my_robot_interfaces__rosidl_typesupport_cExport.cmake
[7.544s] -- Installing: /home/furquan/eyrc_hb/hb_task_2_ws/src/install/my_robot_interfaces/share/my_robot_interfaces/cmake/my_robot_interfaces__rosidl_typesupport_cExport-noconfig.cmake
[7.545s] -- Installing: /home/furquan/eyrc_hb/hb_task_2_ws/src/install/my_robot_interfaces/share/my_robot_interfaces/cmake/export_my_robot_interfaces__rosidl_generator_cppExport.cmake
[7.545s] -- Installing: /home/furquan/eyrc_hb/hb_task_2_ws/src/install/my_robot_interfaces/share/my_robot_interfaces/cmake/export_my_robot_interfaces__rosidl_typesupport_fastrtps_cppExport.cmake
[7.545s] -- Installing: /home/furquan/eyrc_hb/hb_task_2_ws/src/install/my_robot_interfaces/share/my_robot_interfaces/cmake/export_my_robot_interfaces__rosidl_typesupport_fastrtps_cppExport-noconfig.cmake
[7.545s] -- Installing: /home/furquan/eyrc_hb/hb_task_2_ws/src/install/my_robot_interfaces/share/my_robot_interfaces/cmake/my_robot_interfaces__rosidl_typesupport_introspection_cppExport.cmake
[7.545s] -- Installing: /home/furquan/eyrc_hb/hb_task_2_ws/src/install/my_robot_interfaces/share/my_robot_interfaces/cmake/my_robot_interfaces__rosidl_typesupport_introspection_cppExport-noconfig.cmake
[7.546s] -- Installing: /home/furquan/eyrc_hb/hb_task_2_ws/src/install/my_robot_interfaces/share/my_robot_interfaces/cmake/my_robot_interfaces__rosidl_typesupport_cppExport.cmake
[7.546s] -- Installing: /home/furquan/eyrc_hb/hb_task_2_ws/src/install/my_robot_interfaces/share/my_robot_interfaces/cmake/my_robot_interfaces__rosidl_typesupport_cppExport-noconfig.cmake
[7.546s] -- Installing: /home/furquan/eyrc_hb/hb_task_2_ws/src/install/my_robot_interfaces/share/my_robot_interfaces/cmake/export_my_robot_interfaces__rosidl_generator_pyExport.cmake
[7.546s] -- Installing: /home/furquan/eyrc_hb/hb_task_2_ws/src/install/my_robot_interfaces/share/my_robot_interfaces/cmake/export_my_robot_interfaces__rosidl_generator_pyExport-noconfig.cmake
[7.549s] Invoked command in '/home/furquan/eyrc_hb/hb_task_2_ws/src/build/my_robot_interfaces' returned '0': CMAKE_PREFIX_PATH=${CMAKE_PREFIX_PATH}:/home/furquan/eyrc_hb/hb_task_2_ws/install/hb_task2b:/home/furquan/eyrc_hb/hb_task_2_ws/install/hb_task2a:/home/furquan/eyrc_hb/hb_task1b_ws/install/hb_task_1b:/home/furquan/eyrc_hb/hb_task1a_ws/install/hb_task_1a:/home/furquan/ros2_ws/install/my_robot_controller:/opt/ros/humble /usr/bin/cmake --install /home/furquan/eyrc_hb/hb_task_2_ws/src/build/my_robot_interfaces
