[0.039s] Invoking command in '/home/furquan/eyrc_hb/hb_task_2_ws/src/build/hb_bot': CMAKE_PREFIX_PATH=${CMAKE_PREFIX_PATH}:/home/furquan/eyrc_hb/hb_task_2_ws/install/hb_task2b:/home/furquan/eyrc_hb/hb_task_2_ws/install/hb_task2a:/home/furquan/eyrc_hb/hb_task1b_ws/install/hb_task_1b:/home/furquan/eyrc_hb/hb_task1a_ws/install/hb_task_1a:/home/furquan/ros2_ws/install/my_robot_controller:/opt/ros/humble /usr/bin/cmake /home/furquan/eyrc_hb/hb_task_2_ws/src/hb_bot -DAMENT_CMAKE_SYMLINK_INSTALL=1 -DCMAKE_INSTALL_PREFIX=/home/furquan/eyrc_hb/hb_task_2_ws/src/install/hb_bot
[1.042s] -- The C compiler identification is GNU 11.4.0
[1.474s] -- The CXX compiler identification is GNU 11.4.0
[1.487s] -- Detecting C compiler ABI info
[1.690s] -- Detecting C compiler ABI info - done
[1.695s] -- Check for working C compiler: /usr/bin/cc - skipped
[1.695s] -- Detecting C compile features
[1.705s] -- Detecting C compile features - done
[1.708s] -- Detecting CXX compiler ABI info
[1.863s] -- Detecting CXX compiler ABI info - done
[1.876s] -- Check for working CXX compiler: /usr/bin/c++ - skipped
[1.876s] -- Detecting CXX compile features
[1.877s] -- Detecting CXX compile features - done
[1.961s] -- Found ament_cmake: 1.3.5 (/opt/ros/humble/share/ament_cmake/cmake)
[2.272s] -- Found Python3: /usr/bin/python3.10 (found version "3.10.12") found components: Interpreter 
[2.428s] -- Override CMake install command with custom implementation using symlinks instead of copying resources
[2.616s] -- Found rclcpp: 16.0.5 (/opt/ros/humble/share/rclcpp/cmake)
[2.970s] -- Found rosidl_generator_c: 3.1.5 (/opt/ros/humble/share/rosidl_generator_c/cmake)
[2.977s] -- Found rosidl_adapter: 3.1.5 (/opt/ros/humble/share/rosidl_adapter/cmake)
[3.009s] -- Found rosidl_generator_cpp: 3.1.5 (/opt/ros/humble/share/rosidl_generator_cpp/cmake)
[3.087s] -- Using all available rosidl_typesupport_c: rosidl_typesupport_fastrtps_c;rosidl_typesupport_introspection_c
[3.106s] -- Using all available rosidl_typesupport_cpp: rosidl_typesupport_fastrtps_cpp;rosidl_typesupport_introspection_cpp
[3.387s] -- Found rmw_implementation_cmake: 6.1.1 (/opt/ros/humble/share/rmw_implementation_cmake/cmake)
[3.393s] -- Found rmw_fastrtps_cpp: 6.2.3 (/opt/ros/humble/share/rmw_fastrtps_cpp/cmake)
[3.768s] -- Found OpenSSL: /usr/lib/x86_64-linux-gnu/libcrypto.so (found version "3.0.2")  
[3.806s] -- Found FastRTPS: /opt/ros/humble/include  
[3.842s] -- Using RMW implementation 'rmw_fastrtps_cpp' as default
[3.939s] -- Looking for pthread.h
[4.009s] -- Looking for pthread.h - found
[4.009s] -- Performing Test CMAKE_HAVE_LIBC_PTHREAD
[4.073s] -- Performing Test CMAKE_HAVE_LIBC_PTHREAD - Success
[4.074s] -- Found Threads: TRUE  
[4.291s] -- Found rclpy: 3.3.9 (/opt/ros/humble/share/rclpy/cmake)
[4.318s] -- Found urdf: 2.6.0 (/opt/ros/humble/share/urdf/cmake)
[4.512s] -- Found xacro: 2.0.8 (/opt/ros/humble/share/xacro/cmake)
[4.522s] -- Found ament_lint_auto: 0.12.7 (/opt/ros/humble/share/ament_lint_auto/cmake)
[4.677s] -- Added test 'flake8' to check Python code syntax and style conventions
[4.679s] -- Added test 'lint_cmake' to check CMake code style
[4.680s] -- Added test 'pep257' to check Python code against some of the docstring style conventions in PEP 257
[4.683s] -- Added test 'xmllint' to check XML markup files
[4.685s] -- Configuring done
[4.691s] -- Generating done
[4.693s] -- Build files have been written to: /home/furquan/eyrc_hb/hb_task_2_ws/src/build/hb_bot
[4.709s] Invoked command in '/home/furquan/eyrc_hb/hb_task_2_ws/src/build/hb_bot' returned '0': CMAKE_PREFIX_PATH=${CMAKE_PREFIX_PATH}:/home/furquan/eyrc_hb/hb_task_2_ws/install/hb_task2b:/home/furquan/eyrc_hb/hb_task_2_ws/install/hb_task2a:/home/furquan/eyrc_hb/hb_task1b_ws/install/hb_task_1b:/home/furquan/eyrc_hb/hb_task1a_ws/install/hb_task_1a:/home/furquan/ros2_ws/install/my_robot_controller:/opt/ros/humble /usr/bin/cmake /home/furquan/eyrc_hb/hb_task_2_ws/src/hb_bot -DAMENT_CMAKE_SYMLINK_INSTALL=1 -DCMAKE_INSTALL_PREFIX=/home/furquan/eyrc_hb/hb_task_2_ws/src/install/hb_bot
[4.711s] Invoking command in '/home/furquan/eyrc_hb/hb_task_2_ws/src/build/hb_bot': CMAKE_PREFIX_PATH=${CMAKE_PREFIX_PATH}:/home/furquan/eyrc_hb/hb_task_2_ws/install/hb_task2b:/home/furquan/eyrc_hb/hb_task_2_ws/install/hb_task2a:/home/furquan/eyrc_hb/hb_task1b_ws/install/hb_task_1b:/home/furquan/eyrc_hb/hb_task1a_ws/install/hb_task_1a:/home/furquan/ros2_ws/install/my_robot_controller:/opt/ros/humble /usr/bin/cmake --build /home/furquan/eyrc_hb/hb_task_2_ws/src/build/hb_bot -- -j8 -l8
[4.756s] Invoked command in '/home/furquan/eyrc_hb/hb_task_2_ws/src/build/hb_bot' returned '0': CMAKE_PREFIX_PATH=${CMAKE_PREFIX_PATH}:/home/furquan/eyrc_hb/hb_task_2_ws/install/hb_task2b:/home/furquan/eyrc_hb/hb_task_2_ws/install/hb_task2a:/home/furquan/eyrc_hb/hb_task1b_ws/install/hb_task_1b:/home/furquan/eyrc_hb/hb_task1a_ws/install/hb_task_1a:/home/furquan/ros2_ws/install/my_robot_controller:/opt/ros/humble /usr/bin/cmake --build /home/furquan/eyrc_hb/hb_task_2_ws/src/build/hb_bot -- -j8 -l8
[4.788s] Invoking command in '/home/furquan/eyrc_hb/hb_task_2_ws/src/build/hb_bot': CMAKE_PREFIX_PATH=${CMAKE_PREFIX_PATH}:/home/furquan/eyrc_hb/hb_task_2_ws/install/hb_task2b:/home/furquan/eyrc_hb/hb_task_2_ws/install/hb_task2a:/home/furquan/eyrc_hb/hb_task1b_ws/install/hb_task_1b:/home/furquan/eyrc_hb/hb_task1a_ws/install/hb_task_1a:/home/furquan/ros2_ws/install/my_robot_controller:/opt/ros/humble /usr/bin/cmake --install /home/furquan/eyrc_hb/hb_task_2_ws/src/build/hb_bot
[4.796s] -- Install configuration: ""
[4.796s] -- Execute custom install script
[4.797s] -- Symlinking: /home/furquan/eyrc_hb/hb_task_2_ws/src/install/hb_bot/share/hb_bot//launch/Spawn_bot.launch.py
[4.804s] -- Symlinking: /home/furquan/eyrc_hb/hb_task_2_ws/src/install/hb_bot/share/hb_bot//launch/multi_bot_spawn.launch.py
[4.811s] -- Symlinking: /home/furquan/eyrc_hb/hb_task_2_ws/src/install/hb_bot/share/hb_bot//meshes/bot_1.dae
[4.818s] -- Symlinking: /home/furquan/eyrc_hb/hb_task_2_ws/src/install/hb_bot/share/hb_bot//meshes/bot_1.jpg
[4.825s] -- Symlinking: /home/furquan/eyrc_hb/hb_task_2_ws/src/install/hb_bot/share/hb_bot//meshes/bot_1.jpg.001.jpg
[4.835s] -- Symlinking: /home/furquan/eyrc_hb/hb_task_2_ws/src/install/hb_bot/share/hb_bot//meshes/bot_2.dae
[4.845s] -- Symlinking: /home/furquan/eyrc_hb/hb_task_2_ws/src/install/hb_bot/share/hb_bot//meshes/bot_2.jpg
[4.856s] -- Symlinking: /home/furquan/eyrc_hb/hb_task_2_ws/src/install/hb_bot/share/hb_bot//meshes/bot_2.jpg.001.jpg
[4.866s] -- Symlinking: /home/furquan/eyrc_hb/hb_task_2_ws/src/install/hb_bot/share/hb_bot//meshes/bot_3.dae
[4.880s] -- Symlinking: /home/furquan/eyrc_hb/hb_task_2_ws/src/install/hb_bot/share/hb_bot//meshes/bot_3.jpg
[4.889s] -- Symlinking: /home/furquan/eyrc_hb/hb_task_2_ws/src/install/hb_bot/share/hb_bot//meshes/bot_3.jpg.001.jpg
[4.895s] -- Symlinking: /home/furquan/eyrc_hb/hb_task_2_ws/src/install/hb_bot/share/hb_bot//meshes/wheel.stl
[4.905s] -- Symlinking: /home/furquan/eyrc_hb/hb_task_2_ws/src/install/hb_bot/share/hb_bot//urdf/hb_bot_1.urdf.xacro
[4.919s] -- Symlinking: /home/furquan/eyrc_hb/hb_task_2_ws/src/install/hb_bot/share/hb_bot//urdf/hb_bot_2.urdf.xacro
[4.929s] -- Symlinking: /home/furquan/eyrc_hb/hb_task_2_ws/src/install/hb_bot/share/hb_bot//urdf/hb_bot_3.urdf.xacro
[4.940s] -- Symlinking: /home/furquan/eyrc_hb/hb_task_2_ws/src/install/hb_bot/share/hb_bot//urdf/materials.xacro
[4.952s] -- Symlinking: /home/furquan/eyrc_hb/hb_task_2_ws/src/install/hb_bot/share/ament_index/resource_index/package_run_dependencies/hb_bot
[4.963s] -- Symlinking: /home/furquan/eyrc_hb/hb_task_2_ws/src/install/hb_bot/share/ament_index/resource_index/parent_prefix_path/hb_bot
[4.973s] -- Symlinking: /home/furquan/eyrc_hb/hb_task_2_ws/src/install/hb_bot/share/hb_bot/environment/ament_prefix_path.sh
[4.984s] -- Symlinking: /home/furquan/eyrc_hb/hb_task_2_ws/src/install/hb_bot/share/hb_bot/environment/ament_prefix_path.dsv
[4.996s] -- Symlinking: /home/furquan/eyrc_hb/hb_task_2_ws/src/install/hb_bot/share/hb_bot/environment/path.sh
[5.008s] -- Symlinking: /home/furquan/eyrc_hb/hb_task_2_ws/src/install/hb_bot/share/hb_bot/environment/path.dsv
[5.019s] -- Symlinking: /home/furquan/eyrc_hb/hb_task_2_ws/src/install/hb_bot/share/hb_bot/local_setup.bash
[5.033s] -- Symlinking: /home/furquan/eyrc_hb/hb_task_2_ws/src/install/hb_bot/share/hb_bot/local_setup.sh
[5.049s] -- Symlinking: /home/furquan/eyrc_hb/hb_task_2_ws/src/install/hb_bot/share/hb_bot/local_setup.zsh
[5.069s] -- Symlinking: /home/furquan/eyrc_hb/hb_task_2_ws/src/install/hb_bot/share/hb_bot/local_setup.dsv
[5.081s] -- Symlinking: /home/furquan/eyrc_hb/hb_task_2_ws/src/install/hb_bot/share/hb_bot/package.dsv
[5.093s] -- Symlinking: /home/furquan/eyrc_hb/hb_task_2_ws/src/install/hb_bot/share/ament_index/resource_index/packages/hb_bot
[5.123s] -- Symlinking: /home/furquan/eyrc_hb/hb_task_2_ws/src/install/hb_bot/share/hb_bot/cmake/hb_botConfig.cmake
[5.133s] -- Symlinking: /home/furquan/eyrc_hb/hb_task_2_ws/src/install/hb_bot/share/hb_bot/cmake/hb_botConfig-version.cmake
[5.143s] -- Symlinking: /home/furquan/eyrc_hb/hb_task_2_ws/src/install/hb_bot/share/hb_bot/package.xml
[5.158s] Invoked command in '/home/furquan/eyrc_hb/hb_task_2_ws/src/build/hb_bot' returned '0': CMAKE_PREFIX_PATH=${CMAKE_PREFIX_PATH}:/home/furquan/eyrc_hb/hb_task_2_ws/install/hb_task2b:/home/furquan/eyrc_hb/hb_task_2_ws/install/hb_task2a:/home/furquan/eyrc_hb/hb_task1b_ws/install/hb_task_1b:/home/furquan/eyrc_hb/hb_task1a_ws/install/hb_task_1a:/home/furquan/ros2_ws/install/my_robot_controller:/opt/ros/humble /usr/bin/cmake --install /home/furquan/eyrc_hb/hb_task_2_ws/src/build/hb_bot
