[0.515s] Invoking command in '/home/furquan/eyrc_hb/hb_task1b_ws/build/hb_task_1b': PYTHONPATH=/home/furquan/eyrc_hb/hb_task1b_ws/build/hb_task_1b/prefix_override:/home/furquan/eyrc_hb/hb_task1b_ws/install/hb_task_1b/lib/python3.10/site-packages:${PYTHONPATH} /usr/bin/python3 setup.py develop --editable --build-directory /home/furquan/eyrc_hb/hb_task1b_ws/build/hb_task_1b/build --no-deps install_data
[0.712s] running develop
[0.833s] running egg_info
[0.834s] writing hb_task_1b.egg-info/PKG-INFO
[0.834s] writing dependency_links to hb_task_1b.egg-info/dependency_links.txt
[0.834s] writing entry points to hb_task_1b.egg-info/entry_points.txt
[0.834s] writing requirements to hb_task_1b.egg-info/requires.txt
[0.834s] writing top-level names to hb_task_1b.egg-info/top_level.txt
[0.836s] reading manifest file 'hb_task_1b.egg-info/SOURCES.txt'
[0.837s] writing manifest file 'hb_task_1b.egg-info/SOURCES.txt'
[0.839s] running build_ext
[0.839s] Creating /home/furquan/eyrc_hb/hb_task1b_ws/install/hb_task_1b/lib/python3.10/site-packages/hb-task-1b.egg-link (link to .)
[0.840s] Installing joint_state_publisher script to /home/furquan/eyrc_hb/hb_task1b_ws/install/hb_task_1b/lib/hb_task_1b
[0.840s] Installing robot_state_publisher script to /home/furquan/eyrc_hb/hb_task1b_ws/install/hb_task_1b/lib/hb_task_1b
[0.840s] Installing spawn_entity script to /home/furquan/eyrc_hb/hb_task1b_ws/install/hb_task_1b/lib/hb_task_1b
[0.929s] Installing controller.py script to /home/furquan/eyrc_hb/hb_task1b_ws/install/hb_task_1b/lib/hb_task_1b
[0.930s] Installing service_node.py script to /home/furquan/eyrc_hb/hb_task1b_ws/install/hb_task_1b/lib/hb_task_1b
[0.930s] 
[0.930s] Installed /home/furquan/eyrc_hb/hb_task1b_ws/build/hb_task_1b
[0.930s] running install_data
[0.930s] copying package.xml -> /home/furquan/eyrc_hb/hb_task1b_ws/install/hb_task_1b/share/hb_task_1b
[0.930s] copying launch/hb_task1b.launch.py -> /home/furquan/eyrc_hb/hb_task1b_ws/install/hb_task_1b/share/hb_task_1b
[0.931s] creating /home/furquan/eyrc_hb/hb_task1b_ws/install/hb_task_1b/share/hb_task_1b/meshes
[0.931s] error: can't copy 'meshes': doesn't exist or not a regular file
[0.965s] Invoked command in '/home/furquan/eyrc_hb/hb_task1b_ws/build/hb_task_1b' returned '1': PYTHONPATH=/home/furquan/eyrc_hb/hb_task1b_ws/build/hb_task_1b/prefix_override:/home/furquan/eyrc_hb/hb_task1b_ws/install/hb_task_1b/lib/python3.10/site-packages:${PYTHONPATH} /usr/bin/python3 setup.py develop --editable --build-directory /home/furquan/eyrc_hb/hb_task1b_ws/build/hb_task_1b/build --no-deps install_data
