[1.406s] Invoking command in '/home/furquan/eyrc_hb/hb_task1b_ws/build/hb_task_1b': PYTHONPATH=/home/furquan/eyrc_hb/hb_task1b_ws/build/hb_task_1b/prefix_override:/home/furquan/eyrc_hb/hb_task1b_ws/install/hb_task_1b/lib/python3.10/site-packages:${PYTHONPATH} /usr/bin/python3 setup.py develop --editable --build-directory /home/furquan/eyrc_hb/hb_task1b_ws/build/hb_task_1b/build --no-deps install_data
[1.874s] running develop
[2.146s] running egg_info
[2.147s] writing hb_task_1b.egg-info/PKG-INFO
[2.147s] writing dependency_links to hb_task_1b.egg-info/dependency_links.txt
[2.147s] writing entry points to hb_task_1b.egg-info/entry_points.txt
[2.148s] writing requirements to hb_task_1b.egg-info/requires.txt
[2.148s] writing top-level names to hb_task_1b.egg-info/top_level.txt
[2.156s] reading manifest file 'hb_task_1b.egg-info/SOURCES.txt'
[2.158s] writing manifest file 'hb_task_1b.egg-info/SOURCES.txt'
[2.164s] running build_ext
[2.165s] Creating /home/furquan/eyrc_hb/hb_task1b_ws/install/hb_task_1b/lib/python3.10/site-packages/hb-task-1b.egg-link (link to .)
[2.168s] Installing joint_state_publisher script to /home/furquan/eyrc_hb/hb_task1b_ws/install/hb_task_1b/lib/hb_task_1b
[2.168s] Installing robot_state_publisher script to /home/furquan/eyrc_hb/hb_task1b_ws/install/hb_task_1b/lib/hb_task_1b
[2.169s] Installing spawn_entity script to /home/furquan/eyrc_hb/hb_task1b_ws/install/hb_task_1b/lib/hb_task_1b
[2.184s] Installing controller.py script to /home/furquan/eyrc_hb/hb_task1b_ws/install/hb_task_1b/lib/hb_task_1b
[2.185s] Installing service_node.py script to /home/furquan/eyrc_hb/hb_task1b_ws/install/hb_task_1b/lib/hb_task_1b
[2.185s] 
[2.185s] Installed /home/furquan/eyrc_hb/hb_task1b_ws/build/hb_task_1b
[2.185s] running install_data
[2.186s] copying scripts/service_node.py -> /home/furquan/eyrc_hb/hb_task1b_ws/install/hb_task_1b/share/hb_task_1b/scripts
[2.186s] copying scripts/controller.py -> /home/furquan/eyrc_hb/hb_task1b_ws/install/hb_task_1b/share/hb_task_1b/scripts
[2.186s] copying scripts/controller1.py -> /home/furquan/eyrc_hb/hb_task1b_ws/install/hb_task_1b/share/hb_task_1b/scripts
[2.350s] Invoked command in '/home/furquan/eyrc_hb/hb_task1b_ws/build/hb_task_1b' returned '0': PYTHONPATH=/home/furquan/eyrc_hb/hb_task1b_ws/build/hb_task_1b/prefix_override:/home/furquan/eyrc_hb/hb_task1b_ws/install/hb_task_1b/lib/python3.10/site-packages:${PYTHONPATH} /usr/bin/python3 setup.py develop --editable --build-directory /home/furquan/eyrc_hb/hb_task1b_ws/build/hb_task_1b/build --no-deps install_data
