[0.011s] Invoking command in '/home/furquan/eyrc_hb/hb_task1a_ws/build/turtlesim': CMAKE_PREFIX_PATH=${CMAKE_PREFIX_PATH}:/home/furquan/eyrc_hb/hb_task1a_ws/install/hb_task_1a:/home/furquan/ros2_ws/install/my_robot_controller:/opt/ros/humble /usr/bin/cmake /home/furquan/eyrc_hb/hb_task1a_ws/src/ros_tutorials/turtlesim -DAMENT_CMAKE_SYMLINK_INSTALL=1 -DCMAKE_INSTALL_PREFIX=/home/furquan/eyrc_hb/hb_task1a_ws/install/turtlesim
[0.020s] -- Found ament_cmake: 1.3.5 (/opt/ros/humble/share/ament_cmake/cmake)
[0.118s] -- Override CMake install command with custom implementation using symlinks instead of copying resources
[0.124s] -- Found ament_index_cpp: 1.4.0 (/opt/ros/humble/share/ament_index_cpp/cmake)
[0.124s] -- Found geometry_msgs: 4.2.3 (/opt/ros/humble/share/geometry_msgs/cmake)
[0.140s] -- Found rosidl_generator_c: 3.1.5 (/opt/ros/humble/share/rosidl_generator_c/cmake)
[0.142s] -- Found rosidl_adapter: 3.1.5 (/opt/ros/humble/share/rosidl_adapter/cmake)
[0.146s] -- Found rosidl_generator_cpp: 3.1.5 (/opt/ros/humble/share/rosidl_generator_cpp/cmake)
[0.155s] -- Using all available rosidl_typesupport_c: rosidl_typesupport_fastrtps_c;rosidl_typesupport_introspection_c
[0.165s] -- Using all available rosidl_typesupport_cpp: rosidl_typesupport_fastrtps_cpp;rosidl_typesupport_introspection_cpp
[0.244s] -- Found rclcpp: 16.0.5 (/opt/ros/humble/share/rclcpp/cmake)
[0.275s] -- Found rmw_implementation_cmake: 6.1.1 (/opt/ros/humble/share/rmw_implementation_cmake/cmake)
[0.276s] -- Found rmw_fastrtps_cpp: 6.2.3 (/opt/ros/humble/share/rmw_fastrtps_cpp/cmake)
[0.352s] -- Using RMW implementation 'rmw_fastrtps_cpp' as default
[0.434s] -- Found rclcpp_action: 16.0.5 (/opt/ros/humble/share/rclcpp_action/cmake)
[0.492s] -- Found rosidl_default_generators: 1.2.0 (/opt/ros/humble/share/rosidl_default_generators/cmake)
[0.496s] -- Found std_srvs: 4.2.3 (/opt/ros/humble/share/std_srvs/cmake)
[0.728s] -- Found ament_cmake_ros: 0.10.0 (/opt/ros/humble/share/ament_cmake_ros/cmake)
[0.962s] -- Using all available rosidl_typesupport_c: rosidl_typesupport_fastrtps_c;rosidl_typesupport_introspection_c
[1.049s] -- Using all available rosidl_typesupport_cpp: rosidl_typesupport_fastrtps_cpp;rosidl_typesupport_introspection_cpp
[1.066s] -- Found python_cmake_module: 0.10.0 (/opt/ros/humble/share/python_cmake_module/cmake)
[1.082s] -- Using PYTHON_EXECUTABLE: /usr/bin/python3
[1.082s] -- Using PYTHON_INCLUDE_DIRS: /usr/include/python3.10
[1.082s] -- Using PYTHON_LIBRARIES: /usr/lib/x86_64-linux-gnu/libpython3.10.so
[1.108s] -- Configuring done
[1.148s] -- Generating done
[1.150s] -- Build files have been written to: /home/furquan/eyrc_hb/hb_task1a_ws/build/turtlesim
[1.159s] Invoked command in '/home/furquan/eyrc_hb/hb_task1a_ws/build/turtlesim' returned '0': CMAKE_PREFIX_PATH=${CMAKE_PREFIX_PATH}:/home/furquan/eyrc_hb/hb_task1a_ws/install/hb_task_1a:/home/furquan/ros2_ws/install/my_robot_controller:/opt/ros/humble /usr/bin/cmake /home/furquan/eyrc_hb/hb_task1a_ws/src/ros_tutorials/turtlesim -DAMENT_CMAKE_SYMLINK_INSTALL=1 -DCMAKE_INSTALL_PREFIX=/home/furquan/eyrc_hb/hb_task1a_ws/install/turtlesim
[1.161s] Invoking command in '/home/furquan/eyrc_hb/hb_task1a_ws/build/turtlesim': CMAKE_PREFIX_PATH=${CMAKE_PREFIX_PATH}:/home/furquan/eyrc_hb/hb_task1a_ws/install/hb_task_1a:/home/furquan/ros2_ws/install/my_robot_controller:/opt/ros/humble /usr/bin/cmake --build /home/furquan/eyrc_hb/hb_task1a_ws/build/turtlesim -- -j8 -l8
[1.191s] [35m[1mConsolidate compiler generated dependencies of target turtlesim__rosidl_generator_c[0m
[1.198s] [  1%] Built target turtlesim__cpp
[1.201s] [ 11%] Built target turtlesim__rosidl_generator_c
[1.204s] [ 11%] Built target ament_cmake_python_symlink_turtlesim
[1.208s] [35m[1mConsolidate compiler generated dependencies of target turtlesim__rosidl_typesupport_cpp[0m
[1.209s] [35m[1mConsolidate compiler generated dependencies of target turtlesim__rosidl_typesupport_fastrtps_cpp[0m
[1.210s] [35m[1mConsolidate compiler generated dependencies of target turtlesim__rosidl_typesupport_introspection_cpp[0m
[1.213s] [35m[1mConsolidate compiler generated dependencies of target turtlesim__rosidl_typesupport_c[0m
[1.213s] [35m[1mConsolidate compiler generated dependencies of target turtlesim__rosidl_typesupport_introspection_c[0m
[1.214s] [35m[1mConsolidate compiler generated dependencies of target turtlesim__rosidl_typesupport_fastrtps_c[0m
[1.227s] [ 29%] Built target turtlesim__rosidl_typesupport_c
[1.228s] [ 31%] Built target turtlesim__rosidl_typesupport_introspection_c
[1.228s] [ 41%] Built target turtlesim__rosidl_typesupport_cpp
[1.232s] [ 51%] Built target turtlesim__rosidl_typesupport_fastrtps_cpp
[1.233s] [ 61%] Built target turtlesim__rosidl_typesupport_introspection_cpp
[1.237s] [ 71%] Built target turtlesim__rosidl_typesupport_fastrtps_c
[1.241s] [35m[1mConsolidate compiler generated dependencies of target turtle_teleop_key[0m
[1.243s] [35m[1mConsolidate compiler generated dependencies of target draw_square[0m
[1.243s] [35m[1mConsolidate compiler generated dependencies of target mimic[0m
[1.244s] [35m[1mConsolidate compiler generated dependencies of target turtlesim_node[0m
[1.254s] [ 71%] Built target turtlesim
[1.261s] [ 73%] Built target turtle_teleop_key
[1.262s] [ 77%] Built target draw_square
[1.262s] [ 77%] Built target mimic
[1.272s] [ 78%] Built target turtlesim__py
[1.272s] [ 84%] Built target turtlesim_node
[1.280s] [35m[1mConsolidate compiler generated dependencies of target turtlesim__rosidl_generator_py[0m
[1.294s] [ 93%] Built target turtlesim__rosidl_generator_py
[1.302s] [35m[1mConsolidate compiler generated dependencies of target turtlesim__rosidl_typesupport_fastrtps_c__pyext[0m
[1.303s] [35m[1mConsolidate compiler generated dependencies of target turtlesim__rosidl_typesupport_introspection_c__pyext[0m
[1.304s] [35m[1mConsolidate compiler generated dependencies of target turtlesim__rosidl_typesupport_c__pyext[0m
[1.313s] [ 95%] Built target turtlesim__rosidl_typesupport_fastrtps_c__pyext
[1.316s] [ 97%] Built target turtlesim__rosidl_typesupport_introspection_c__pyext
[1.317s] [100%] Built target turtlesim__rosidl_typesupport_c__pyext
[1.416s] running egg_info
[1.417s] writing turtlesim.egg-info/PKG-INFO
[1.417s] writing dependency_links to turtlesim.egg-info/dependency_links.txt
[1.417s] writing top-level names to turtlesim.egg-info/top_level.txt
[1.419s] reading manifest file 'turtlesim.egg-info/SOURCES.txt'
[1.419s] writing manifest file 'turtlesim.egg-info/SOURCES.txt'
[1.441s] [100%] Built target ament_cmake_python_build_turtlesim_egg
[1.449s] Invoked command in '/home/furquan/eyrc_hb/hb_task1a_ws/build/turtlesim' returned '0': CMAKE_PREFIX_PATH=${CMAKE_PREFIX_PATH}:/home/furquan/eyrc_hb/hb_task1a_ws/install/hb_task_1a:/home/furquan/ros2_ws/install/my_robot_controller:/opt/ros/humble /usr/bin/cmake --build /home/furquan/eyrc_hb/hb_task1a_ws/build/turtlesim -- -j8 -l8
[1.586s] Invoking command in '/home/furquan/eyrc_hb/hb_task1a_ws/build/turtlesim': CMAKE_PREFIX_PATH=${CMAKE_PREFIX_PATH}:/home/furquan/eyrc_hb/hb_task1a_ws/install/hb_task_1a:/home/furquan/ros2_ws/install/my_robot_controller:/opt/ros/humble /usr/bin/cmake --install /home/furquan/eyrc_hb/hb_task1a_ws/build/turtlesim
[1.591s] -- Install configuration: ""
[1.591s] -- Execute custom install script
[1.591s] -- Up-to-date symlink: /home/furquan/eyrc_hb/hb_task1a_ws/install/turtlesim/share/ament_index/resource_index/rosidl_interfaces/turtlesim
[1.592s] -- Up-to-date symlink: /home/furquan/eyrc_hb/hb_task1a_ws/install/turtlesim/include/turtlesim/turtlesim/action/detail/rotate_absolute__functions.h
[1.592s] -- Up-to-date symlink: /home/furquan/eyrc_hb/hb_task1a_ws/install/turtlesim/include/turtlesim/turtlesim/action/detail/rotate_absolute__struct.h
[1.592s] -- Up-to-date symlink: /home/furquan/eyrc_hb/hb_task1a_ws/install/turtlesim/include/turtlesim/turtlesim/action/detail/rotate_absolute__type_support.h
[1.592s] -- Up-to-date symlink: /home/furquan/eyrc_hb/hb_task1a_ws/install/turtlesim/include/turtlesim/turtlesim/action/rotate_absolute.h
[1.592s] -- Up-to-date symlink: /home/furquan/eyrc_hb/hb_task1a_ws/install/turtlesim/include/turtlesim/turtlesim/msg/color.h
[1.592s] -- Up-to-date symlink: /home/furquan/eyrc_hb/hb_task1a_ws/install/turtlesim/include/turtlesim/turtlesim/msg/detail/color__functions.h
[1.592s] -- Up-to-date symlink: /home/furquan/eyrc_hb/hb_task1a_ws/install/turtlesim/include/turtlesim/turtlesim/msg/detail/color__struct.h
[1.592s] -- Up-to-date symlink: /home/furquan/eyrc_hb/hb_task1a_ws/install/turtlesim/include/turtlesim/turtlesim/msg/detail/color__type_support.h
[1.592s] -- Up-to-date symlink: /home/furquan/eyrc_hb/hb_task1a_ws/install/turtlesim/include/turtlesim/turtlesim/msg/detail/pose__functions.h
[1.592s] -- Up-to-date symlink: /home/furquan/eyrc_hb/hb_task1a_ws/install/turtlesim/include/turtlesim/turtlesim/msg/detail/pose__struct.h
[1.592s] -- Up-to-date symlink: /home/furquan/eyrc_hb/hb_task1a_ws/install/turtlesim/include/turtlesim/turtlesim/msg/detail/pose__type_support.h
[1.592s] -- Up-to-date symlink: /home/furquan/eyrc_hb/hb_task1a_ws/install/turtlesim/include/turtlesim/turtlesim/msg/pose.h
[1.593s] -- Up-to-date symlink: /home/furquan/eyrc_hb/hb_task1a_ws/install/turtlesim/include/turtlesim/turtlesim/msg/rosidl_generator_c__visibility_control.h
[1.593s] -- Up-to-date symlink: /home/furquan/eyrc_hb/hb_task1a_ws/install/turtlesim/include/turtlesim/turtlesim/srv/detail/kill__functions.h
[1.593s] -- Up-to-date symlink: /home/furquan/eyrc_hb/hb_task1a_ws/install/turtlesim/include/turtlesim/turtlesim/srv/detail/kill__struct.h
[1.593s] -- Up-to-date symlink: /home/furquan/eyrc_hb/hb_task1a_ws/install/turtlesim/include/turtlesim/turtlesim/srv/detail/kill__type_support.h
[1.593s] -- Up-to-date symlink: /home/furquan/eyrc_hb/hb_task1a_ws/install/turtlesim/include/turtlesim/turtlesim/srv/detail/set_pen__functions.h
[1.593s] -- Up-to-date symlink: /home/furquan/eyrc_hb/hb_task1a_ws/install/turtlesim/include/turtlesim/turtlesim/srv/detail/set_pen__struct.h
[1.593s] -- Up-to-date symlink: /home/furquan/eyrc_hb/hb_task1a_ws/install/turtlesim/include/turtlesim/turtlesim/srv/detail/set_pen__type_support.h
[1.593s] -- Up-to-date symlink: /home/furquan/eyrc_hb/hb_task1a_ws/install/turtlesim/include/turtlesim/turtlesim/srv/detail/spawn__functions.h
[1.593s] -- Up-to-date symlink: /home/furquan/eyrc_hb/hb_task1a_ws/install/turtlesim/include/turtlesim/turtlesim/srv/detail/spawn__struct.h
[1.593s] -- Up-to-date symlink: /home/furquan/eyrc_hb/hb_task1a_ws/install/turtlesim/include/turtlesim/turtlesim/srv/detail/spawn__type_support.h
[1.593s] -- Up-to-date symlink: /home/furquan/eyrc_hb/hb_task1a_ws/install/turtlesim/include/turtlesim/turtlesim/srv/detail/teleport_absolute__functions.h
[1.593s] -- Up-to-date symlink: /home/furquan/eyrc_hb/hb_task1a_ws/install/turtlesim/include/turtlesim/turtlesim/srv/detail/teleport_absolute__struct.h
[1.593s] -- Up-to-date symlink: /home/furquan/eyrc_hb/hb_task1a_ws/install/turtlesim/include/turtlesim/turtlesim/srv/detail/teleport_absolute__type_support.h
[1.593s] -- Up-to-date symlink: /home/furquan/eyrc_hb/hb_task1a_ws/install/turtlesim/include/turtlesim/turtlesim/srv/detail/teleport_relative__functions.h
[1.593s] -- Up-to-date symlink: /home/furquan/eyrc_hb/hb_task1a_ws/install/turtlesim/include/turtlesim/turtlesim/srv/detail/teleport_relative__struct.h
[1.594s] -- Up-to-date symlink: /home/furquan/eyrc_hb/hb_task1a_ws/install/turtlesim/include/turtlesim/turtlesim/srv/detail/teleport_relative__type_support.h
[1.594s] -- Up-to-date symlink: /home/furquan/eyrc_hb/hb_task1a_ws/install/turtlesim/include/turtlesim/turtlesim/srv/kill.h
[1.594s] -- Up-to-date symlink: /home/furquan/eyrc_hb/hb_task1a_ws/install/turtlesim/include/turtlesim/turtlesim/srv/set_pen.h
[1.594s] -- Up-to-date symlink: /home/furquan/eyrc_hb/hb_task1a_ws/install/turtlesim/include/turtlesim/turtlesim/srv/spawn.h
[1.594s] -- Up-to-date symlink: /home/furquan/eyrc_hb/hb_task1a_ws/install/turtlesim/include/turtlesim/turtlesim/srv/teleport_absolute.h
[1.594s] -- Up-to-date symlink: /home/furquan/eyrc_hb/hb_task1a_ws/install/turtlesim/include/turtlesim/turtlesim/srv/teleport_relative.h
[1.594s] -- Up-to-date symlink: /home/furquan/eyrc_hb/hb_task1a_ws/install/turtlesim/share/turtlesim/environment/library_path.sh
[1.594s] -- Up-to-date symlink: /home/furquan/eyrc_hb/hb_task1a_ws/install/turtlesim/share/turtlesim/environment/library_path.dsv
[1.595s] -- Up-to-date symlink: /home/furquan/eyrc_hb/hb_task1a_ws/install/turtlesim/include/turtlesim/turtlesim/action/detail/rotate_absolute__rosidl_typesupport_fastrtps_c.h
[1.595s] -- Up-to-date symlink: /home/furquan/eyrc_hb/hb_task1a_ws/install/turtlesim/include/turtlesim/turtlesim/msg/detail/color__rosidl_typesupport_fastrtps_c.h
[1.595s] -- Up-to-date symlink: /home/furquan/eyrc_hb/hb_task1a_ws/install/turtlesim/include/turtlesim/turtlesim/msg/detail/pose__rosidl_typesupport_fastrtps_c.h
[1.595s] -- Up-to-date symlink: /home/furquan/eyrc_hb/hb_task1a_ws/install/turtlesim/include/turtlesim/turtlesim/msg/rosidl_typesupport_fastrtps_c__visibility_control.h
[1.595s] -- Up-to-date symlink: /home/furquan/eyrc_hb/hb_task1a_ws/install/turtlesim/include/turtlesim/turtlesim/srv/detail/kill__rosidl_typesupport_fastrtps_c.h
[1.595s] -- Up-to-date symlink: /home/furquan/eyrc_hb/hb_task1a_ws/install/turtlesim/include/turtlesim/turtlesim/srv/detail/set_pen__rosidl_typesupport_fastrtps_c.h
[1.595s] -- Up-to-date symlink: /home/furquan/eyrc_hb/hb_task1a_ws/install/turtlesim/include/turtlesim/turtlesim/srv/detail/spawn__rosidl_typesupport_fastrtps_c.h
[1.595s] -- Up-to-date symlink: /home/furquan/eyrc_hb/hb_task1a_ws/install/turtlesim/include/turtlesim/turtlesim/srv/detail/teleport_absolute__rosidl_typesupport_fastrtps_c.h
[1.595s] -- Up-to-date symlink: /home/furquan/eyrc_hb/hb_task1a_ws/install/turtlesim/include/turtlesim/turtlesim/srv/detail/teleport_relative__rosidl_typesupport_fastrtps_c.h
[1.595s] -- Up-to-date symlink: /home/furquan/eyrc_hb/hb_task1a_ws/install/turtlesim/include/turtlesim/turtlesim/action/detail/rotate_absolute__builder.hpp
[1.596s] -- Up-to-date symlink: /home/furquan/eyrc_hb/hb_task1a_ws/install/turtlesim/include/turtlesim/turtlesim/action/detail/rotate_absolute__struct.hpp
[1.596s] -- Up-to-date symlink: /home/furquan/eyrc_hb/hb_task1a_ws/install/turtlesim/include/turtlesim/turtlesim/action/detail/rotate_absolute__traits.hpp
[1.596s] -- Up-to-date symlink: /home/furquan/eyrc_hb/hb_task1a_ws/install/turtlesim/include/turtlesim/turtlesim/action/rotate_absolute.hpp
[1.596s] -- Up-to-date symlink: /home/furquan/eyrc_hb/hb_task1a_ws/install/turtlesim/include/turtlesim/turtlesim/msg/color.hpp
[1.596s] -- Up-to-date symlink: /home/furquan/eyrc_hb/hb_task1a_ws/install/turtlesim/include/turtlesim/turtlesim/msg/detail/color__builder.hpp
[1.596s] -- Up-to-date symlink: /home/furquan/eyrc_hb/hb_task1a_ws/install/turtlesim/include/turtlesim/turtlesim/msg/detail/color__struct.hpp
[1.596s] -- Up-to-date symlink: /home/furquan/eyrc_hb/hb_task1a_ws/install/turtlesim/include/turtlesim/turtlesim/msg/detail/color__traits.hpp
[1.596s] -- Up-to-date symlink: /home/furquan/eyrc_hb/hb_task1a_ws/install/turtlesim/include/turtlesim/turtlesim/msg/detail/pose__builder.hpp
[1.596s] -- Up-to-date symlink: /home/furquan/eyrc_hb/hb_task1a_ws/install/turtlesim/include/turtlesim/turtlesim/msg/detail/pose__struct.hpp
[1.596s] -- Up-to-date symlink: /home/furquan/eyrc_hb/hb_task1a_ws/install/turtlesim/include/turtlesim/turtlesim/msg/detail/pose__traits.hpp
[1.596s] -- Up-to-date symlink: /home/furquan/eyrc_hb/hb_task1a_ws/install/turtlesim/include/turtlesim/turtlesim/msg/pose.hpp
[1.596s] -- Up-to-date symlink: /home/furquan/eyrc_hb/hb_task1a_ws/install/turtlesim/include/turtlesim/turtlesim/srv/detail/kill__builder.hpp
[1.596s] -- Up-to-date symlink: /home/furquan/eyrc_hb/hb_task1a_ws/install/turtlesim/include/turtlesim/turtlesim/srv/detail/kill__struct.hpp
[1.597s] -- Up-to-date symlink: /home/furquan/eyrc_hb/hb_task1a_ws/install/turtlesim/include/turtlesim/turtlesim/srv/detail/kill__traits.hpp
[1.597s] -- Up-to-date symlink: /home/furquan/eyrc_hb/hb_task1a_ws/install/turtlesim/include/turtlesim/turtlesim/srv/detail/set_pen__builder.hpp
[1.597s] -- Up-to-date symlink: /home/furquan/eyrc_hb/hb_task1a_ws/install/turtlesim/include/turtlesim/turtlesim/srv/detail/set_pen__struct.hpp
[1.597s] -- Up-to-date symlink: /home/furquan/eyrc_hb/hb_task1a_ws/install/turtlesim/include/turtlesim/turtlesim/srv/detail/set_pen__traits.hpp
[1.597s] -- Up-to-date symlink: /home/furquan/eyrc_hb/hb_task1a_ws/install/turtlesim/include/turtlesim/turtlesim/srv/detail/spawn__builder.hpp
[1.597s] -- Up-to-date symlink: /home/furquan/eyrc_hb/hb_task1a_ws/install/turtlesim/include/turtlesim/turtlesim/srv/detail/spawn__struct.hpp
[1.597s] -- Up-to-date symlink: /home/furquan/eyrc_hb/hb_task1a_ws/install/turtlesim/include/turtlesim/turtlesim/srv/detail/spawn__traits.hpp
[1.597s] -- Up-to-date symlink: /home/furquan/eyrc_hb/hb_task1a_ws/install/turtlesim/include/turtlesim/turtlesim/srv/detail/teleport_absolute__builder.hpp
[1.597s] -- Up-to-date symlink: /home/furquan/eyrc_hb/hb_task1a_ws/install/turtlesim/include/turtlesim/turtlesim/srv/detail/teleport_absolute__struct.hpp
[1.597s] -- Up-to-date symlink: /home/furquan/eyrc_hb/hb_task1a_ws/install/turtlesim/include/turtlesim/turtlesim/srv/detail/teleport_absolute__traits.hpp
[1.598s] -- Up-to-date symlink: /home/furquan/eyrc_hb/hb_task1a_ws/install/turtlesim/include/turtlesim/turtlesim/srv/detail/teleport_relative__builder.hpp
[1.598s] -- Up-to-date symlink: /home/furquan/eyrc_hb/hb_task1a_ws/install/turtlesim/include/turtlesim/turtlesim/srv/detail/teleport_relative__struct.hpp
[1.598s] -- Up-to-date symlink: /home/furquan/eyrc_hb/hb_task1a_ws/install/turtlesim/include/turtlesim/turtlesim/srv/detail/teleport_relative__traits.hpp
[1.598s] -- Up-to-date symlink: /home/furquan/eyrc_hb/hb_task1a_ws/install/turtlesim/include/turtlesim/turtlesim/srv/kill.hpp
[1.598s] -- Up-to-date symlink: /home/furquan/eyrc_hb/hb_task1a_ws/install/turtlesim/include/turtlesim/turtlesim/srv/set_pen.hpp
[1.598s] -- Up-to-date symlink: /home/furquan/eyrc_hb/hb_task1a_ws/install/turtlesim/include/turtlesim/turtlesim/srv/spawn.hpp
[1.598s] -- Up-to-date symlink: /home/furquan/eyrc_hb/hb_task1a_ws/install/turtlesim/include/turtlesim/turtlesim/srv/teleport_absolute.hpp
[1.598s] -- Up-to-date symlink: /home/furquan/eyrc_hb/hb_task1a_ws/install/turtlesim/include/turtlesim/turtlesim/srv/teleport_relative.hpp
[1.599s] -- Up-to-date symlink: /home/furquan/eyrc_hb/hb_task1a_ws/install/turtlesim/include/turtlesim/turtlesim/action/detail/rotate_absolute__rosidl_typesupport_fastrtps_cpp.hpp
[1.599s] -- Up-to-date symlink: /home/furquan/eyrc_hb/hb_task1a_ws/install/turtlesim/include/turtlesim/turtlesim/msg/detail/color__rosidl_typesupport_fastrtps_cpp.hpp
[1.599s] -- Up-to-date symlink: /home/furquan/eyrc_hb/hb_task1a_ws/install/turtlesim/include/turtlesim/turtlesim/msg/detail/pose__rosidl_typesupport_fastrtps_cpp.hpp
[1.599s] -- Up-to-date symlink: /home/furquan/eyrc_hb/hb_task1a_ws/install/turtlesim/include/turtlesim/turtlesim/msg/rosidl_typesupport_fastrtps_cpp__visibility_control.h
[1.599s] -- Up-to-date symlink: /home/furquan/eyrc_hb/hb_task1a_ws/install/turtlesim/include/turtlesim/turtlesim/srv/detail/kill__rosidl_typesupport_fastrtps_cpp.hpp
[1.599s] -- Up-to-date symlink: /home/furquan/eyrc_hb/hb_task1a_ws/install/turtlesim/include/turtlesim/turtlesim/srv/detail/set_pen__rosidl_typesupport_fastrtps_cpp.hpp
[1.599s] -- Up-to-date symlink: /home/furquan/eyrc_hb/hb_task1a_ws/install/turtlesim/include/turtlesim/turtlesim/srv/detail/spawn__rosidl_typesupport_fastrtps_cpp.hpp
[1.599s] -- Up-to-date symlink: /home/furquan/eyrc_hb/hb_task1a_ws/install/turtlesim/include/turtlesim/turtlesim/srv/detail/teleport_absolute__rosidl_typesupport_fastrtps_cpp.hpp
[1.600s] -- Up-to-date symlink: /home/furquan/eyrc_hb/hb_task1a_ws/install/turtlesim/include/turtlesim/turtlesim/srv/detail/teleport_relative__rosidl_typesupport_fastrtps_cpp.hpp
[1.600s] -- Up-to-date symlink: /home/furquan/eyrc_hb/hb_task1a_ws/install/turtlesim/include/turtlesim/turtlesim/action/detail/rotate_absolute__rosidl_typesupport_introspection_c.h
[1.600s] -- Up-to-date symlink: /home/furquan/eyrc_hb/hb_task1a_ws/install/turtlesim/include/turtlesim/turtlesim/msg/detail/color__rosidl_typesupport_introspection_c.h
[1.600s] -- Up-to-date symlink: /home/furquan/eyrc_hb/hb_task1a_ws/install/turtlesim/include/turtlesim/turtlesim/msg/detail/pose__rosidl_typesupport_introspection_c.h
[1.600s] -- Up-to-date symlink: /home/furquan/eyrc_hb/hb_task1a_ws/install/turtlesim/include/turtlesim/turtlesim/msg/rosidl_typesupport_introspection_c__visibility_control.h
[1.600s] -- Up-to-date symlink: /home/furquan/eyrc_hb/hb_task1a_ws/install/turtlesim/include/turtlesim/turtlesim/srv/detail/kill__rosidl_typesupport_introspection_c.h
[1.601s] -- Up-to-date symlink: /home/furquan/eyrc_hb/hb_task1a_ws/install/turtlesim/include/turtlesim/turtlesim/srv/detail/set_pen__rosidl_typesupport_introspection_c.h
[1.601s] -- Up-to-date symlink: /home/furquan/eyrc_hb/hb_task1a_ws/install/turtlesim/include/turtlesim/turtlesim/srv/detail/spawn__rosidl_typesupport_introspection_c.h
[1.601s] -- Up-to-date symlink: /home/furquan/eyrc_hb/hb_task1a_ws/install/turtlesim/include/turtlesim/turtlesim/srv/detail/teleport_absolute__rosidl_typesupport_introspection_c.h
[1.601s] -- Up-to-date symlink: /home/furquan/eyrc_hb/hb_task1a_ws/install/turtlesim/include/turtlesim/turtlesim/srv/detail/teleport_relative__rosidl_typesupport_introspection_c.h
[1.601s] -- Up-to-date symlink: /home/furquan/eyrc_hb/hb_task1a_ws/install/turtlesim/include/turtlesim/turtlesim/action/detail/rotate_absolute__rosidl_typesupport_introspection_cpp.hpp
[1.601s] -- Up-to-date symlink: /home/furquan/eyrc_hb/hb_task1a_ws/install/turtlesim/include/turtlesim/turtlesim/msg/detail/color__rosidl_typesupport_introspection_cpp.hpp
[1.602s] -- Up-to-date symlink: /home/furquan/eyrc_hb/hb_task1a_ws/install/turtlesim/include/turtlesim/turtlesim/msg/detail/pose__rosidl_typesupport_introspection_cpp.hpp
[1.602s] -- Up-to-date symlink: /home/furquan/eyrc_hb/hb_task1a_ws/install/turtlesim/include/turtlesim/turtlesim/srv/detail/kill__rosidl_typesupport_introspection_cpp.hpp
[1.602s] -- Up-to-date symlink: /home/furquan/eyrc_hb/hb_task1a_ws/install/turtlesim/include/turtlesim/turtlesim/srv/detail/set_pen__rosidl_typesupport_introspection_cpp.hpp
[1.602s] -- Up-to-date symlink: /home/furquan/eyrc_hb/hb_task1a_ws/install/turtlesim/include/turtlesim/turtlesim/srv/detail/spawn__rosidl_typesupport_introspection_cpp.hpp
[1.602s] -- Up-to-date symlink: /home/furquan/eyrc_hb/hb_task1a_ws/install/turtlesim/include/turtlesim/turtlesim/srv/detail/teleport_absolute__rosidl_typesupport_introspection_cpp.hpp
[1.602s] -- Up-to-date symlink: /home/furquan/eyrc_hb/hb_task1a_ws/install/turtlesim/include/turtlesim/turtlesim/srv/detail/teleport_relative__rosidl_typesupport_introspection_cpp.hpp
[1.602s] -- Up-to-date symlink: /home/furquan/eyrc_hb/hb_task1a_ws/install/turtlesim/share/turtlesim/environment/pythonpath.sh
[1.603s] -- Up-to-date symlink: /home/furquan/eyrc_hb/hb_task1a_ws/install/turtlesim/share/turtlesim/environment/pythonpath.dsv
[1.603s] -- Up-to-date symlink: /home/furquan/eyrc_hb/hb_task1a_ws/install/turtlesim/local/lib/python3.10/dist-packages/turtlesim-1.4.2-py3.10.egg-info/PKG-INFO
[1.603s] -- Up-to-date symlink: /home/furquan/eyrc_hb/hb_task1a_ws/install/turtlesim/local/lib/python3.10/dist-packages/turtlesim-1.4.2-py3.10.egg-info/SOURCES.txt
[1.603s] -- Up-to-date symlink: /home/furquan/eyrc_hb/hb_task1a_ws/install/turtlesim/local/lib/python3.10/dist-packages/turtlesim-1.4.2-py3.10.egg-info/dependency_links.txt
[1.603s] -- Up-to-date symlink: /home/furquan/eyrc_hb/hb_task1a_ws/install/turtlesim/local/lib/python3.10/dist-packages/turtlesim-1.4.2-py3.10.egg-info/top_level.txt
[1.604s] -- Up-to-date symlink: /home/furquan/eyrc_hb/hb_task1a_ws/install/turtlesim/local/lib/python3.10/dist-packages/turtlesim/__init__.py
[1.604s] -- Up-to-date symlink: /home/furquan/eyrc_hb/hb_task1a_ws/install/turtlesim/local/lib/python3.10/dist-packages/turtlesim/_turtlesim_s.ep.rosidl_typesupport_c.c
[1.604s] -- Up-to-date symlink: /home/furquan/eyrc_hb/hb_task1a_ws/install/turtlesim/local/lib/python3.10/dist-packages/turtlesim/_turtlesim_s.ep.rosidl_typesupport_fastrtps_c.c
[1.604s] -- Up-to-date symlink: /home/furquan/eyrc_hb/hb_task1a_ws/install/turtlesim/local/lib/python3.10/dist-packages/turtlesim/_turtlesim_s.ep.rosidl_typesupport_introspection_c.c
[1.604s] -- Up-to-date symlink: /home/furquan/eyrc_hb/hb_task1a_ws/install/turtlesim/local/lib/python3.10/dist-packages/turtlesim/action/__init__.py
[1.604s] -- Up-to-date symlink: /home/furquan/eyrc_hb/hb_task1a_ws/install/turtlesim/local/lib/python3.10/dist-packages/turtlesim/action/_rotate_absolute.py
[1.605s] -- Up-to-date symlink: /home/furquan/eyrc_hb/hb_task1a_ws/install/turtlesim/local/lib/python3.10/dist-packages/turtlesim/action/_rotate_absolute_s.c
[1.605s] -- Up-to-date symlink: /home/furquan/eyrc_hb/hb_task1a_ws/install/turtlesim/local/lib/python3.10/dist-packages/turtlesim/libturtlesim__rosidl_generator_py.so
[1.605s] -- Up-to-date symlink: /home/furquan/eyrc_hb/hb_task1a_ws/install/turtlesim/local/lib/python3.10/dist-packages/turtlesim/msg/__init__.py
[1.605s] -- Up-to-date symlink: /home/furquan/eyrc_hb/hb_task1a_ws/install/turtlesim/local/lib/python3.10/dist-packages/turtlesim/msg/_color.py
[1.605s] -- Up-to-date symlink: /home/furquan/eyrc_hb/hb_task1a_ws/install/turtlesim/local/lib/python3.10/dist-packages/turtlesim/msg/_color_s.c
[1.605s] -- Up-to-date symlink: /home/furquan/eyrc_hb/hb_task1a_ws/install/turtlesim/local/lib/python3.10/dist-packages/turtlesim/msg/_pose.py
[1.605s] -- Up-to-date symlink: /home/furquan/eyrc_hb/hb_task1a_ws/install/turtlesim/local/lib/python3.10/dist-packages/turtlesim/msg/_pose_s.c
[1.605s] -- Up-to-date symlink: /home/furquan/eyrc_hb/hb_task1a_ws/install/turtlesim/local/lib/python3.10/dist-packages/turtlesim/srv/__init__.py
[1.605s] -- Up-to-date symlink: /home/furquan/eyrc_hb/hb_task1a_ws/install/turtlesim/local/lib/python3.10/dist-packages/turtlesim/srv/_kill.py
[1.606s] -- Up-to-date symlink: /home/furquan/eyrc_hb/hb_task1a_ws/install/turtlesim/local/lib/python3.10/dist-packages/turtlesim/srv/_kill_s.c
[1.606s] -- Up-to-date symlink: /home/furquan/eyrc_hb/hb_task1a_ws/install/turtlesim/local/lib/python3.10/dist-packages/turtlesim/srv/_set_pen.py
[1.606s] -- Up-to-date symlink: /home/furquan/eyrc_hb/hb_task1a_ws/install/turtlesim/local/lib/python3.10/dist-packages/turtlesim/srv/_set_pen_s.c
[1.606s] -- Up-to-date symlink: /home/furquan/eyrc_hb/hb_task1a_ws/install/turtlesim/local/lib/python3.10/dist-packages/turtlesim/srv/_spawn.py
[1.606s] -- Up-to-date symlink: /home/furquan/eyrc_hb/hb_task1a_ws/install/turtlesim/local/lib/python3.10/dist-packages/turtlesim/srv/_spawn_s.c
[1.606s] -- Up-to-date symlink: /home/furquan/eyrc_hb/hb_task1a_ws/install/turtlesim/local/lib/python3.10/dist-packages/turtlesim/srv/_teleport_absolute.py
[1.606s] -- Up-to-date symlink: /home/furquan/eyrc_hb/hb_task1a_ws/install/turtlesim/local/lib/python3.10/dist-packages/turtlesim/srv/_teleport_absolute_s.c
[1.606s] -- Up-to-date symlink: /home/furquan/eyrc_hb/hb_task1a_ws/install/turtlesim/local/lib/python3.10/dist-packages/turtlesim/srv/_teleport_relative.py
[1.606s] -- Up-to-date symlink: /home/furquan/eyrc_hb/hb_task1a_ws/install/turtlesim/local/lib/python3.10/dist-packages/turtlesim/srv/_teleport_relative_s.c
[1.606s] -- Up-to-date symlink: /home/furquan/eyrc_hb/hb_task1a_ws/install/turtlesim/local/lib/python3.10/dist-packages/turtlesim/turtlesim_s__rosidl_typesupport_c.cpython-310-x86_64-linux-gnu.so
[1.606s] -- Up-to-date symlink: /home/furquan/eyrc_hb/hb_task1a_ws/install/turtlesim/local/lib/python3.10/dist-packages/turtlesim/turtlesim_s__rosidl_typesupport_fastrtps_c.cpython-310-x86_64-linux-gnu.so
[1.607s] -- Up-to-date symlink: /home/furquan/eyrc_hb/hb_task1a_ws/install/turtlesim/local/lib/python3.10/dist-packages/turtlesim/turtlesim_s__rosidl_typesupport_introspection_c.cpython-310-x86_64-linux-gnu.so
[1.607s] -- Up-to-date symlink: /home/furquan/eyrc_hb/hb_task1a_ws/install/turtlesim/local/lib/python3.10/dist-packages/turtlesim/turtlesim_s__rosidl_typesupport_fastrtps_c.cpython-310-x86_64-linux-gnu.so
[1.607s] -- Up-to-date symlink: /home/furquan/eyrc_hb/hb_task1a_ws/install/turtlesim/local/lib/python3.10/dist-packages/turtlesim/turtlesim_s__rosidl_typesupport_introspection_c.cpython-310-x86_64-linux-gnu.so
[1.607s] -- Up-to-date symlink: /home/furquan/eyrc_hb/hb_task1a_ws/install/turtlesim/local/lib/python3.10/dist-packages/turtlesim/turtlesim_s__rosidl_typesupport_c.cpython-310-x86_64-linux-gnu.so
[1.607s] -- Up-to-date symlink: /home/furquan/eyrc_hb/hb_task1a_ws/install/turtlesim/share/turtlesim/action/RotateAbsolute.idl
[1.607s] -- Up-to-date symlink: /home/furquan/eyrc_hb/hb_task1a_ws/install/turtlesim/share/turtlesim/msg/Color.idl
[1.607s] -- Up-to-date symlink: /home/furquan/eyrc_hb/hb_task1a_ws/install/turtlesim/share/turtlesim/msg/Pose.idl
[1.607s] -- Up-to-date symlink: /home/furquan/eyrc_hb/hb_task1a_ws/install/turtlesim/share/turtlesim/srv/Kill.idl
[1.607s] -- Up-to-date symlink: /home/furquan/eyrc_hb/hb_task1a_ws/install/turtlesim/share/turtlesim/srv/SetPen.idl
[1.608s] -- Up-to-date symlink: /home/furquan/eyrc_hb/hb_task1a_ws/install/turtlesim/share/turtlesim/srv/Spawn.idl
[1.608s] -- Up-to-date symlink: /home/furquan/eyrc_hb/hb_task1a_ws/install/turtlesim/share/turtlesim/srv/TeleportAbsolute.idl
[1.608s] -- Up-to-date symlink: /home/furquan/eyrc_hb/hb_task1a_ws/install/turtlesim/share/turtlesim/srv/TeleportRelative.idl
[1.608s] -- Up-to-date symlink: /home/furquan/eyrc_hb/hb_task1a_ws/install/turtlesim/share/turtlesim/action/RotateAbsolute.action
[1.608s] -- Up-to-date symlink: /home/furquan/eyrc_hb/hb_task1a_ws/install/turtlesim/share/turtlesim/msg/Color.msg
[1.608s] -- Up-to-date symlink: /home/furquan/eyrc_hb/hb_task1a_ws/install/turtlesim/share/turtlesim/msg/Pose.msg
[1.608s] -- Up-to-date symlink: /home/furquan/eyrc_hb/hb_task1a_ws/install/turtlesim/share/turtlesim/srv/Kill.srv
[1.608s] -- Up-to-date symlink: /home/furquan/eyrc_hb/hb_task1a_ws/install/turtlesim/share/turtlesim/srv/Kill_Request.msg
[1.608s] -- Up-to-date symlink: /home/furquan/eyrc_hb/hb_task1a_ws/install/turtlesim/share/turtlesim/srv/Kill_Response.msg
[1.608s] -- Up-to-date symlink: /home/furquan/eyrc_hb/hb_task1a_ws/install/turtlesim/share/turtlesim/srv/SetPen.srv
[1.608s] -- Up-to-date symlink: /home/furquan/eyrc_hb/hb_task1a_ws/install/turtlesim/share/turtlesim/srv/SetPen_Request.msg
[1.608s] -- Up-to-date symlink: /home/furquan/eyrc_hb/hb_task1a_ws/install/turtlesim/share/turtlesim/srv/SetPen_Response.msg
[1.609s] -- Up-to-date symlink: /home/furquan/eyrc_hb/hb_task1a_ws/install/turtlesim/share/turtlesim/srv/Spawn.srv
[1.609s] -- Up-to-date symlink: /home/furquan/eyrc_hb/hb_task1a_ws/install/turtlesim/share/turtlesim/srv/Spawn_Request.msg
[1.609s] -- Up-to-date symlink: /home/furquan/eyrc_hb/hb_task1a_ws/install/turtlesim/share/turtlesim/srv/Spawn_Response.msg
[1.609s] -- Up-to-date symlink: /home/furquan/eyrc_hb/hb_task1a_ws/install/turtlesim/share/turtlesim/srv/TeleportAbsolute.srv
[1.609s] -- Up-to-date symlink: /home/furquan/eyrc_hb/hb_task1a_ws/install/turtlesim/share/turtlesim/srv/TeleportAbsolute_Request.msg
[1.609s] -- Up-to-date symlink: /home/furquan/eyrc_hb/hb_task1a_ws/install/turtlesim/share/turtlesim/srv/TeleportAbsolute_Response.msg
[1.609s] -- Up-to-date symlink: /home/furquan/eyrc_hb/hb_task1a_ws/install/turtlesim/share/turtlesim/srv/TeleportRelative.srv
[1.609s] -- Up-to-date symlink: /home/furquan/eyrc_hb/hb_task1a_ws/install/turtlesim/share/turtlesim/srv/TeleportRelative_Request.msg
[1.609s] -- Up-to-date symlink: /home/furquan/eyrc_hb/hb_task1a_ws/install/turtlesim/share/turtlesim/srv/TeleportRelative_Response.msg
[1.609s] -- Up-to-date symlink: /home/furquan/eyrc_hb/hb_task1a_ws/install/turtlesim/lib/turtlesim/turtlesim_node
[1.609s] -- Up-to-date symlink: /home/furquan/eyrc_hb/hb_task1a_ws/install/turtlesim/lib/turtlesim/turtle_teleop_key
[1.609s] -- Up-to-date symlink: /home/furquan/eyrc_hb/hb_task1a_ws/install/turtlesim/lib/turtlesim/draw_square
[1.610s] -- Up-to-date symlink: /home/furquan/eyrc_hb/hb_task1a_ws/install/turtlesim/lib/turtlesim/mimic
[1.610s] -- Up-to-date symlink: /home/furquan/eyrc_hb/hb_task1a_ws/install/turtlesim/share/turtlesim/launch/multisim.launch.py
[1.610s] -- Up-to-date symlink: /home/furquan/eyrc_hb/hb_task1a_ws/install/turtlesim/share/ament_index/resource_index/package_run_dependencies/turtlesim
[1.610s] -- Up-to-date symlink: /home/furquan/eyrc_hb/hb_task1a_ws/install/turtlesim/share/ament_index/resource_index/parent_prefix_path/turtlesim
[1.610s] -- Up-to-date symlink: /home/furquan/eyrc_hb/hb_task1a_ws/install/turtlesim/share/turtlesim/environment/ament_prefix_path.sh
[1.610s] -- Up-to-date symlink: /home/furquan/eyrc_hb/hb_task1a_ws/install/turtlesim/share/turtlesim/environment/ament_prefix_path.dsv
[1.610s] -- Up-to-date symlink: /home/furquan/eyrc_hb/hb_task1a_ws/install/turtlesim/share/turtlesim/environment/path.sh
[1.610s] -- Up-to-date symlink: /home/furquan/eyrc_hb/hb_task1a_ws/install/turtlesim/share/turtlesim/environment/path.dsv
[1.610s] -- Up-to-date symlink: /home/furquan/eyrc_hb/hb_task1a_ws/install/turtlesim/share/turtlesim/local_setup.bash
[1.611s] -- Up-to-date symlink: /home/furquan/eyrc_hb/hb_task1a_ws/install/turtlesim/share/turtlesim/local_setup.sh
[1.611s] -- Up-to-date symlink: /home/furquan/eyrc_hb/hb_task1a_ws/install/turtlesim/share/turtlesim/local_setup.zsh
[1.611s] -- Up-to-date symlink: /home/furquan/eyrc_hb/hb_task1a_ws/install/turtlesim/share/turtlesim/local_setup.dsv
[1.611s] -- Symlinking: /home/furquan/eyrc_hb/hb_task1a_ws/install/turtlesim/share/turtlesim/package.dsv
[1.618s] -- Up-to-date symlink: /home/furquan/eyrc_hb/hb_task1a_ws/install/turtlesim/share/ament_index/resource_index/packages/turtlesim
[1.618s] -- Up-to-date symlink: /home/furquan/eyrc_hb/hb_task1a_ws/install/turtlesim/share/turtlesim/cmake/rosidl_cmake-extras.cmake
[1.618s] -- Up-to-date symlink: /home/furquan/eyrc_hb/hb_task1a_ws/install/turtlesim/share/turtlesim/cmake/ament_cmake_export_dependencies-extras.cmake
[1.618s] -- Up-to-date symlink: /home/furquan/eyrc_hb/hb_task1a_ws/install/turtlesim/share/turtlesim/cmake/ament_cmake_export_include_directories-extras.cmake
[1.618s] -- Up-to-date symlink: /home/furquan/eyrc_hb/hb_task1a_ws/install/turtlesim/share/turtlesim/cmake/ament_cmake_export_libraries-extras.cmake
[1.618s] -- Up-to-date symlink: /home/furquan/eyrc_hb/hb_task1a_ws/install/turtlesim/share/turtlesim/cmake/ament_cmake_export_targets-extras.cmake
[1.618s] -- Up-to-date symlink: /home/furquan/eyrc_hb/hb_task1a_ws/install/turtlesim/share/turtlesim/cmake/rosidl_cmake_export_typesupport_targets-extras.cmake
[1.619s] -- Up-to-date symlink: /home/furquan/eyrc_hb/hb_task1a_ws/install/turtlesim/share/turtlesim/cmake/rosidl_cmake_export_typesupport_libraries-extras.cmake
[1.619s] -- Up-to-date symlink: /home/furquan/eyrc_hb/hb_task1a_ws/install/turtlesim/share/turtlesim/cmake/turtlesimConfig.cmake
[1.619s] -- Up-to-date symlink: /home/furquan/eyrc_hb/hb_task1a_ws/install/turtlesim/share/turtlesim/cmake/turtlesimConfig-version.cmake
[1.619s] -- Up-to-date symlink: /home/furquan/eyrc_hb/hb_task1a_ws/install/turtlesim/share/turtlesim/package.xml
[1.619s] -- Up-to-date: /home/furquan/eyrc_hb/hb_task1a_ws/install/turtlesim/lib/libturtlesim__rosidl_generator_c.so
[1.619s] -- Up-to-date: /home/furquan/eyrc_hb/hb_task1a_ws/install/turtlesim/lib/libturtlesim__rosidl_typesupport_fastrtps_c.so
[1.619s] -- Up-to-date: /home/furquan/eyrc_hb/hb_task1a_ws/install/turtlesim/lib/libturtlesim__rosidl_typesupport_fastrtps_cpp.so
[1.619s] -- Up-to-date: /home/furquan/eyrc_hb/hb_task1a_ws/install/turtlesim/lib/libturtlesim__rosidl_typesupport_introspection_c.so
[1.620s] -- Up-to-date: /home/furquan/eyrc_hb/hb_task1a_ws/install/turtlesim/lib/libturtlesim__rosidl_typesupport_c.so
[1.620s] -- Up-to-date: /home/furquan/eyrc_hb/hb_task1a_ws/install/turtlesim/lib/libturtlesim__rosidl_typesupport_introspection_cpp.so
[1.620s] -- Up-to-date: /home/furquan/eyrc_hb/hb_task1a_ws/install/turtlesim/lib/libturtlesim__rosidl_typesupport_cpp.so
[1.647s] Listing '/home/furquan/eyrc_hb/hb_task1a_ws/install/turtlesim/local/lib/python3.10/dist-packages/turtlesim'...
[1.647s] Compiling '/home/furquan/eyrc_hb/hb_task1a_ws/install/turtlesim/local/lib/python3.10/dist-packages/turtlesim/__init__.py'...
[1.647s] Listing '/home/furquan/eyrc_hb/hb_task1a_ws/install/turtlesim/local/lib/python3.10/dist-packages/turtlesim/action'...
[1.647s] Listing '/home/furquan/eyrc_hb/hb_task1a_ws/install/turtlesim/local/lib/python3.10/dist-packages/turtlesim/msg'...
[1.647s] Listing '/home/furquan/eyrc_hb/hb_task1a_ws/install/turtlesim/local/lib/python3.10/dist-packages/turtlesim/srv'...
[1.651s] -- Up-to-date: /home/furquan/eyrc_hb/hb_task1a_ws/install/turtlesim/lib/libturtlesim__rosidl_generator_py.so
[1.651s] -- Up-to-date: /home/furquan/eyrc_hb/hb_task1a_ws/install/turtlesim/share/turtlesim/images
[1.652s] -- Up-to-date: /home/furquan/eyrc_hb/hb_task1a_ws/install/turtlesim/share/turtlesim/images/crystal.png
[1.652s] -- Up-to-date: /home/furquan/eyrc_hb/hb_task1a_ws/install/turtlesim/share/turtlesim/images/dashing.png
[1.652s] -- Up-to-date: /home/furquan/eyrc_hb/hb_task1a_ws/install/turtlesim/share/turtlesim/images/rolling.png
[1.652s] -- Up-to-date: /home/furquan/eyrc_hb/hb_task1a_ws/install/turtlesim/share/turtlesim/images/ardent.png
[1.652s] -- Up-to-date: /home/furquan/eyrc_hb/hb_task1a_ws/install/turtlesim/share/turtlesim/images/eyantra.png
[1.652s] -- Up-to-date: /home/furquan/eyrc_hb/hb_task1a_ws/install/turtlesim/share/turtlesim/images/bouncy.png
[1.652s] -- Up-to-date: /home/furquan/eyrc_hb/hb_task1a_ws/install/turtlesim/share/turtlesim/images/eloquent.png
[1.652s] -- Up-to-date: /home/furquan/eyrc_hb/hb_task1a_ws/install/turtlesim/share/turtlesim/images/galactic.png
[1.652s] -- Up-to-date: /home/furquan/eyrc_hb/hb_task1a_ws/install/turtlesim/share/turtlesim/images/foxy.png
[1.652s] -- Up-to-date: /home/furquan/eyrc_hb/hb_task1a_ws/install/turtlesim/share/turtlesim/images/humble.png
[1.652s] -- Up-to-date: /home/furquan/eyrc_hb/hb_task1a_ws/install/turtlesim/share/turtlesim/cmake/export_turtlesim__rosidl_generator_cExport.cmake
[1.653s] -- Up-to-date: /home/furquan/eyrc_hb/hb_task1a_ws/install/turtlesim/share/turtlesim/cmake/export_turtlesim__rosidl_generator_cExport-noconfig.cmake
[1.653s] -- Up-to-date: /home/furquan/eyrc_hb/hb_task1a_ws/install/turtlesim/share/turtlesim/cmake/export_turtlesim__rosidl_typesupport_fastrtps_cExport.cmake
[1.653s] -- Up-to-date: /home/furquan/eyrc_hb/hb_task1a_ws/install/turtlesim/share/turtlesim/cmake/export_turtlesim__rosidl_typesupport_fastrtps_cExport-noconfig.cmake
[1.653s] -- Up-to-date: /home/furquan/eyrc_hb/hb_task1a_ws/install/turtlesim/share/turtlesim/cmake/export_turtlesim__rosidl_generator_cppExport.cmake
[1.653s] -- Up-to-date: /home/furquan/eyrc_hb/hb_task1a_ws/install/turtlesim/share/turtlesim/cmake/export_turtlesim__rosidl_typesupport_fastrtps_cppExport.cmake
[1.653s] -- Up-to-date: /home/furquan/eyrc_hb/hb_task1a_ws/install/turtlesim/share/turtlesim/cmake/export_turtlesim__rosidl_typesupport_fastrtps_cppExport-noconfig.cmake
[1.653s] -- Up-to-date: /home/furquan/eyrc_hb/hb_task1a_ws/install/turtlesim/share/turtlesim/cmake/turtlesim__rosidl_typesupport_introspection_cExport.cmake
[1.653s] -- Up-to-date: /home/furquan/eyrc_hb/hb_task1a_ws/install/turtlesim/share/turtlesim/cmake/turtlesim__rosidl_typesupport_introspection_cExport-noconfig.cmake
[1.653s] -- Up-to-date: /home/furquan/eyrc_hb/hb_task1a_ws/install/turtlesim/share/turtlesim/cmake/turtlesim__rosidl_typesupport_cExport.cmake
[1.653s] -- Up-to-date: /home/furquan/eyrc_hb/hb_task1a_ws/install/turtlesim/share/turtlesim/cmake/turtlesim__rosidl_typesupport_cExport-noconfig.cmake
[1.653s] -- Up-to-date: /home/furquan/eyrc_hb/hb_task1a_ws/install/turtlesim/share/turtlesim/cmake/turtlesim__rosidl_typesupport_introspection_cppExport.cmake
[1.653s] -- Up-to-date: /home/furquan/eyrc_hb/hb_task1a_ws/install/turtlesim/share/turtlesim/cmake/turtlesim__rosidl_typesupport_introspection_cppExport-noconfig.cmake
[1.653s] -- Up-to-date: /home/furquan/eyrc_hb/hb_task1a_ws/install/turtlesim/share/turtlesim/cmake/turtlesim__rosidl_typesupport_cppExport.cmake
[1.653s] -- Up-to-date: /home/furquan/eyrc_hb/hb_task1a_ws/install/turtlesim/share/turtlesim/cmake/turtlesim__rosidl_typesupport_cppExport-noconfig.cmake
[1.654s] -- Up-to-date: /home/furquan/eyrc_hb/hb_task1a_ws/install/turtlesim/share/turtlesim/cmake/export_turtlesim__rosidl_generator_pyExport.cmake
[1.654s] -- Up-to-date: /home/furquan/eyrc_hb/hb_task1a_ws/install/turtlesim/share/turtlesim/cmake/export_turtlesim__rosidl_generator_pyExport-noconfig.cmake
[1.655s] Invoked command in '/home/furquan/eyrc_hb/hb_task1a_ws/build/turtlesim' returned '0': CMAKE_PREFIX_PATH=${CMAKE_PREFIX_PATH}:/home/furquan/eyrc_hb/hb_task1a_ws/install/hb_task_1a:/home/furquan/ros2_ws/install/my_robot_controller:/opt/ros/humble /usr/bin/cmake --install /home/furquan/eyrc_hb/hb_task1a_ws/build/turtlesim
