[4.125s] DEBUG:colcon:Command line arguments: ['/usr/bin/colcon', 'build', '--symlink-install']
[4.125s] DEBUG:colcon:Parsed command line arguments: Namespace(log_base=None, log_level=None, verb_name='build', build_base='build', install_base='install', merge_install=False, symlink_install=True, test_result_base=None, continue_on_error=False, executor='parallel', parallel_workers=8, event_handlers=None, ignore_user_meta=False, metas=['./colcon.meta'], base_paths=['.'], packages_ignore=None, packages_ignore_regex=None, paths=None, packages_up_to=None, packages_up_to_regex=None, packages_above=None, packages_above_and_dependencies=None, packages_above_depth=None, packages_select_by_dep=None, packages_skip_by_dep=None, packages_skip_up_to=None, packages_select_build_failed=False, packages_skip_build_finished=False, packages_select_test_failures=False, packages_skip_test_passed=False, packages_select=None, packages_skip=None, packages_select_regex=None, packages_skip_regex=None, packages_start=None, packages_end=None, allow_overriding=[], cmake_args=None, cmake_target=None, cmake_target_skip_unavailable=False, cmake_clean_cache=False, cmake_clean_first=False, cmake_force_configure=False, ament_cmake_args=None, catkin_cmake_args=None, catkin_skip_building_tests=False, verb_parser=<colcon_defaults.argument_parser.defaults.DefaultArgumentsDecorator object at 0x7fdbda38e020>, verb_extension=<colcon_core.verb.build.BuildVerb object at 0x7fdbda38dab0>, main=<bound method BuildVerb.main of <colcon_core.verb.build.BuildVerb object at 0x7fdbda38dab0>>)
[4.457s] Level 1:colcon.colcon_core.package_discovery:discover_packages(colcon_meta) check parameters
[4.458s] Level 1:colcon.colcon_core.package_discovery:discover_packages(recursive) check parameters
[4.458s] Level 1:colcon.colcon_core.package_discovery:discover_packages(ignore) check parameters
[4.458s] Level 1:colcon.colcon_core.package_discovery:discover_packages(path) check parameters
[4.458s] Level 1:colcon.colcon_core.package_discovery:discover_packages(colcon_meta) discover
[4.458s] Level 1:colcon.colcon_core.package_discovery:discover_packages(recursive) discover
[4.458s] INFO:colcon.colcon_core.package_discovery:Crawling recursively for packages in '/home/furquan/eyrc_hb/hb_task1a_ws'
[4.458s] Level 1:colcon.colcon_core.package_identification:_identify(.) by extensions ['ignore', 'ignore_ament_install']
[4.458s] Level 1:colcon.colcon_core.package_identification:_identify(.) by extension 'ignore'
[4.459s] Level 1:colcon.colcon_core.package_identification:_identify(.) by extension 'ignore_ament_install'
[4.459s] Level 1:colcon.colcon_core.package_identification:_identify(.) by extensions ['colcon_pkg']
[4.459s] Level 1:colcon.colcon_core.package_identification:_identify(.) by extension 'colcon_pkg'
[4.459s] Level 1:colcon.colcon_core.package_identification:_identify(.) by extensions ['colcon_meta']
[4.459s] Level 1:colcon.colcon_core.package_identification:_identify(.) by extension 'colcon_meta'
[4.459s] Level 1:colcon.colcon_core.package_identification:_identify(.) by extensions ['ros']
[4.459s] Level 1:colcon.colcon_core.package_identification:_identify(.) by extension 'ros'
[4.489s] Level 1:colcon.colcon_core.package_identification:_identify(.) by extensions ['cmake', 'python']
[4.490s] Level 1:colcon.colcon_core.package_identification:_identify(.) by extension 'cmake'
[4.490s] Level 1:colcon.colcon_core.package_identification:_identify(.) by extension 'python'
[4.490s] Level 1:colcon.colcon_core.package_identification:_identify(.) by extensions ['python_setup_py']
[4.490s] Level 1:colcon.colcon_core.package_identification:_identify(.) by extension 'python_setup_py'
[4.490s] Level 1:colcon.colcon_core.package_identification:_identify(build) by extensions ['ignore', 'ignore_ament_install']
[4.490s] Level 1:colcon.colcon_core.package_identification:_identify(build) by extension 'ignore'
[4.490s] Level 1:colcon.colcon_core.package_identification:_identify(build) ignored
[4.490s] Level 1:colcon.colcon_core.package_identification:_identify(install) by extensions ['ignore', 'ignore_ament_install']
[4.490s] Level 1:colcon.colcon_core.package_identification:_identify(install) by extension 'ignore'
[4.490s] Level 1:colcon.colcon_core.package_identification:_identify(install) ignored
[4.490s] Level 1:colcon.colcon_core.package_identification:_identify(log) by extensions ['ignore', 'ignore_ament_install']
[4.490s] Level 1:colcon.colcon_core.package_identification:_identify(log) by extension 'ignore'
[4.490s] Level 1:colcon.colcon_core.package_identification:_identify(log) ignored
[4.490s] Level 1:colcon.colcon_core.package_identification:_identify(src) by extensions ['ignore', 'ignore_ament_install']
[4.490s] Level 1:colcon.colcon_core.package_identification:_identify(src) by extension 'ignore'
[4.490s] Level 1:colcon.colcon_core.package_identification:_identify(src) by extension 'ignore_ament_install'
[4.490s] Level 1:colcon.colcon_core.package_identification:_identify(src) by extensions ['colcon_pkg']
[4.491s] Level 1:colcon.colcon_core.package_identification:_identify(src) by extension 'colcon_pkg'
[4.491s] Level 1:colcon.colcon_core.package_identification:_identify(src) by extensions ['colcon_meta']
[4.491s] Level 1:colcon.colcon_core.package_identification:_identify(src) by extension 'colcon_meta'
[4.491s] Level 1:colcon.colcon_core.package_identification:_identify(src) by extensions ['ros']
[4.491s] Level 1:colcon.colcon_core.package_identification:_identify(src) by extension 'ros'
[4.491s] Level 1:colcon.colcon_core.package_identification:_identify(src) by extensions ['cmake', 'python']
[4.491s] Level 1:colcon.colcon_core.package_identification:_identify(src) by extension 'cmake'
[4.491s] Level 1:colcon.colcon_core.package_identification:_identify(src) by extension 'python'
[4.491s] Level 1:colcon.colcon_core.package_identification:_identify(src) by extensions ['python_setup_py']
[4.491s] Level 1:colcon.colcon_core.package_identification:_identify(src) by extension 'python_setup_py'
[4.491s] Level 1:colcon.colcon_core.package_discovery:discover_packages(recursive) using defaults
[4.491s] Level 1:colcon.colcon_core.package_discovery:discover_packages(ignore) discover
[4.491s] Level 1:colcon.colcon_core.package_discovery:discover_packages(ignore) using defaults
[4.491s] Level 1:colcon.colcon_core.package_discovery:discover_packages(path) discover
[4.491s] Level 1:colcon.colcon_core.package_discovery:discover_packages(path) using defaults
[4.745s] Level 1:colcon.colcon_core.package_discovery:discover_packages(prefix_path) check parameters
[4.746s] Level 1:colcon.colcon_core.package_discovery:discover_packages(prefix_path) discover
[4.764s] DEBUG:colcon.colcon_installed_package_information.package_discovery:Found 1 installed packages in /home/furquan/ros2_ws/install
[4.767s] DEBUG:colcon.colcon_installed_package_information.package_discovery:Found 276 installed packages in /opt/ros/humble
[4.769s] Level 1:colcon.colcon_core.package_discovery:discover_packages(prefix_path) using defaults
[4.809s] INFO:colcon.colcon_core.executor:Executing jobs using 'parallel' executor
[4.811s] DEBUG:colcon.colcon_parallel_executor.executor.parallel:run_until_complete
[4.811s] DEBUG:colcon.colcon_parallel_executor.executor.parallel:closing loop
[4.811s] DEBUG:colcon.colcon_parallel_executor.executor.parallel:loop closed
[4.811s] DEBUG:colcon.colcon_parallel_executor.executor.parallel:run_until_complete finished with '0'
[4.811s] DEBUG:colcon.colcon_core.event_reactor:joining thread
[4.815s] INFO:colcon.colcon_core.plugin_system:Skipping extension 'colcon_notification.desktop_notification.terminal_notifier': Not used on non-Darwin systems
[4.815s] INFO:colcon.colcon_core.plugin_system:Skipping extension 'colcon_notification.desktop_notification.win32': Not used on non-Windows systems
[4.815s] INFO:colcon.colcon_notification.desktop_notification:Sending desktop notification using 'notify2'
[4.850s] DEBUG:colcon.colcon_core.event_reactor:joined thread
[4.872s] INFO:colcon.colcon_core.plugin_system:Skipping extension 'colcon_core.shell.bat': Not used on non-Windows systems
[4.872s] INFO:colcon.colcon_core.shell:Creating prefix script '/home/furquan/eyrc_hb/hb_task1a_ws/install/local_setup.ps1'
[4.873s] INFO:colcon.colcon_core.shell:Creating prefix util module '/home/furquan/eyrc_hb/hb_task1a_ws/install/_local_setup_util_ps1.py'
[4.888s] INFO:colcon.colcon_core.shell:Creating prefix chain script '/home/furquan/eyrc_hb/hb_task1a_ws/install/setup.ps1'
[4.889s] INFO:colcon.colcon_core.shell:Creating prefix script '/home/furquan/eyrc_hb/hb_task1a_ws/install/local_setup.sh'
[4.890s] INFO:colcon.colcon_core.shell:Creating prefix util module '/home/furquan/eyrc_hb/hb_task1a_ws/install/_local_setup_util_sh.py'
[4.891s] INFO:colcon.colcon_core.shell:Creating prefix chain script '/home/furquan/eyrc_hb/hb_task1a_ws/install/setup.sh'
[4.893s] INFO:colcon.colcon_core.shell:Creating prefix script '/home/furquan/eyrc_hb/hb_task1a_ws/install/local_setup.bash'
[4.895s] INFO:colcon.colcon_core.shell:Creating prefix chain script '/home/furquan/eyrc_hb/hb_task1a_ws/install/setup.bash'
[4.897s] INFO:colcon.colcon_core.shell:Creating prefix script '/home/furquan/eyrc_hb/hb_task1a_ws/install/local_setup.zsh'
[4.898s] INFO:colcon.colcon_core.shell:Creating prefix chain script '/home/furquan/eyrc_hb/hb_task1a_ws/install/setup.zsh'
